[2025-05-26T00:01:47.186+0000] {taskinstance.py:1956} INFO - Dependencies all met for dep_context=non-requeueable deps ti=<TaskInstance: Marketing_Data_Pipeline.dbt_run.dbt_run_marts scheduled__2025-05-25T00:00:00+00:00 [queued]>
[2025-05-26T00:01:47.207+0000] {taskinstance.py:1956} INFO - Dependencies all met for dep_context=requeueable deps ti=<TaskInstance: Marketing_Data_Pipeline.dbt_run.dbt_run_marts scheduled__2025-05-25T00:00:00+00:00 [queued]>
[2025-05-26T00:01:47.208+0000] {taskinstance.py:2170} INFO - Starting attempt 1 of 2
[2025-05-26T00:01:47.234+0000] {taskinstance.py:2191} INFO - Executing <Task(PythonOperator): dbt_run.dbt_run_marts> on 2025-05-25 00:00:00+00:00
[2025-05-26T00:01:47.245+0000] {standard_task_runner.py:60} INFO - Started process 27176 to run task
[2025-05-26T00:01:47.252+0000] {standard_task_runner.py:87} INFO - Running: ['***', 'tasks', 'run', 'Marketing_Data_Pipeline', 'dbt_run.dbt_run_marts', 'scheduled__2025-05-25T00:00:00+00:00', '--job-id', '183', '--raw', '--subdir', 'DAGS_FOLDER/Marketing_Data_Pipeline.py', '--cfg-path', '/tmp/tmpiaugemsd']
[2025-05-26T00:01:47.256+0000] {standard_task_runner.py:88} INFO - Job 183: Subtask dbt_run.dbt_run_marts
[2025-05-26T00:01:47.377+0000] {task_command.py:423} INFO - Running <TaskInstance: Marketing_Data_Pipeline.dbt_run.dbt_run_marts scheduled__2025-05-25T00:00:00+00:00 [running]> on host fe289fe396bd
[2025-05-26T00:01:47.580+0000] {taskinstance.py:2480} INFO - Exporting env vars: AIRFLOW_CTX_DAG_EMAIL='yashbhawsar872@gmail.com' AIRFLOW_CTX_DAG_OWNER='Yash' AIRFLOW_CTX_DAG_ID='Marketing_Data_Pipeline' AIRFLOW_CTX_TASK_ID='dbt_run.dbt_run_marts' AIRFLOW_CTX_EXECUTION_DATE='2025-05-25T00:00:00+00:00' AIRFLOW_CTX_TRY_NUMBER='1' AIRFLOW_CTX_DAG_RUN_ID='scheduled__2025-05-25T00:00:00+00:00'
[2025-05-26T00:01:47.582+0000] {Marketing_Data_Pipeline.py:39} INFO - ▶️ Starting task: Run mart models
[2025-05-26T00:01:47.585+0000] {utils.py:65} INFO - Running dbt command: cd /opt/dbt/marketing_pipeline && dbt run --models marts --vars '{"batch_date": "2025-05-25"}'
[2025-05-26T00:01:52.233+0000] {utils.py:78} INFO - [0m00:01:52  Running with dbt=1.9.4
[2025-05-26T00:01:53.997+0000] {utils.py:78} INFO - [0m00:01:53  Registered adapter: snowflake=1.9.4
[2025-05-26T00:01:56.414+0000] {utils.py:78} INFO - [0m00:01:56  Found 12 models, 79 data tests, 6 sources, 479 macros
[2025-05-26T00:01:56.426+0000] {utils.py:78} INFO - [0m00:01:56
[2025-05-26T00:01:56.430+0000] {utils.py:78} INFO - [0m00:01:56  Concurrency: 4 threads (target='dev')
[2025-05-26T00:01:56.434+0000] {utils.py:78} INFO - [0m00:01:56
[2025-05-26T00:01:58.281+0000] {utils.py:78} INFO - [0m00:01:58  1 of 6 START sql incremental model MART.mart_campaigns ......................... [RUN]
[2025-05-26T00:01:58.286+0000] {utils.py:78} INFO - [0m00:01:58  2 of 6 START sql incremental model MART.mart_contacts .......................... [RUN]
[2025-05-26T00:01:58.293+0000] {utils.py:78} INFO - [0m00:01:58  3 of 6 START sql incremental model MART.mart_form_fills ........................ [RUN]
[2025-05-26T00:01:58.298+0000] {utils.py:78} INFO - [0m00:01:58  4 of 6 START sql incremental model MART.mart_forms ............................. [RUN]
[2025-05-26T00:02:01.332+0000] {utils.py:78} INFO - [0m00:02:01  1 of 6 OK created sql incremental model MART.mart_campaigns .................... [[32mSUCCESS 3[0m in 3.02s]
[2025-05-26T00:02:01.363+0000] {utils.py:78} INFO - [0m00:02:01  5 of 6 START sql incremental model MART.mart_pages ............................. [RUN]
[2025-05-26T00:02:01.373+0000] {utils.py:78} INFO - [0m00:02:01  2 of 6 OK created sql incremental model MART.mart_contacts ..................... [[32mSUCCESS 1000[0m in 3.06s]
[2025-05-26T00:02:01.400+0000] {utils.py:78} INFO - [0m00:02:01  6 of 6 START sql incremental model MART.mart_website_activity .................. [RUN]
[2025-05-26T00:02:01.766+0000] {utils.py:78} INFO - [0m00:02:01  4 of 6 OK created sql incremental model MART.mart_forms ........................ [[32mSUCCESS 4[0m in 3.45s]
[2025-05-26T00:02:01.929+0000] {utils.py:78} INFO - [0m00:02:01  3 of 6 OK created sql incremental model MART.mart_form_fills ................... [[32mSUCCESS 1000[0m in 3.62s]
[2025-05-26T00:02:03.577+0000] {utils.py:78} INFO - [0m00:02:03  5 of 6 OK created sql incremental model MART.mart_pages ........................ [[32mSUCCESS 4[0m in 2.20s]
[2025-05-26T00:02:04.398+0000] {utils.py:78} INFO - [0m00:02:04  6 of 6 OK created sql incremental model MART.mart_website_activity ............. [[32mSUCCESS 1000[0m in 2.99s]
[2025-05-26T00:02:05.259+0000] {utils.py:78} INFO - [0m00:02:05
[2025-05-26T00:02:05.263+0000] {utils.py:78} INFO - [0m00:02:05  Finished running 6 incremental models in 0 hours 0 minutes and 8.82 seconds (8.82s).
[2025-05-26T00:02:05.554+0000] {utils.py:78} INFO - [0m00:02:05
[2025-05-26T00:02:05.572+0000] {utils.py:78} INFO - [0m00:02:05  [32mCompleted successfully[0m
[2025-05-26T00:02:05.578+0000] {utils.py:78} INFO - [0m00:02:05
[2025-05-26T00:02:05.582+0000] {utils.py:78} INFO - [0m00:02:05  Done. PASS=6 WARN=0 ERROR=0 SKIP=0 TOTAL=6
[2025-05-26T00:02:06.277+0000] {Marketing_Data_Pipeline.py:41} INFO - ✅ Completed task: Run mart models
[2025-05-26T00:02:06.280+0000] {python.py:201} INFO - Done. Returned value was: None
[2025-05-26T00:02:06.313+0000] {taskinstance.py:1138} INFO - Marking task as SUCCESS. dag_id=Marketing_Data_Pipeline, task_id=dbt_run.dbt_run_marts, execution_date=20250525T000000, start_date=20250526T000147, end_date=20250526T000206
[2025-05-26T00:02:06.362+0000] {local_task_job_runner.py:234} INFO - Task exited with return code 0
[2025-05-26T00:02:06.407+0000] {taskinstance.py:3280} INFO - 1 downstream tasks scheduled from follow-on schedule check
