[2025-05-25T06:12:23.296+0000] {taskinstance.py:1956} INFO - Dependencies all met for dep_context=non-requeueable deps ti=<TaskInstance: marketing_data_pipeline.dbt_run_staging manual__2025-05-25T06:08:57.168556+00:00 [queued]>
[2025-05-25T06:12:23.320+0000] {taskinstance.py:1956} INFO - Dependencies all met for dep_context=requeueable deps ti=<TaskInstance: marketing_data_pipeline.dbt_run_staging manual__2025-05-25T06:08:57.168556+00:00 [queued]>
[2025-05-25T06:12:23.322+0000] {taskinstance.py:2170} INFO - Starting attempt 2 of 3
[2025-05-25T06:12:23.502+0000] {taskinstance.py:2191} INFO - Executing <Task(PythonOperator): dbt_run_staging> on 2025-05-25 06:08:57.168556+00:00
[2025-05-25T06:12:23.523+0000] {standard_task_runner.py:60} INFO - Started process 518 to run task
[2025-05-25T06:12:23.532+0000] {standard_task_runner.py:87} INFO - Running: ['***', 'tasks', 'run', 'marketing_data_pipeline', 'dbt_run_staging', 'manual__2025-05-25T06:08:57.168556+00:00', '--job-id', '16', '--raw', '--subdir', 'DAGS_FOLDER/main_pipeline_dag.py', '--cfg-path', '/tmp/tmp5hngatxf']
[2025-05-25T06:12:23.536+0000] {standard_task_runner.py:88} INFO - Job 16: Subtask dbt_run_staging
[2025-05-25T06:12:23.835+0000] {task_command.py:423} INFO - Running <TaskInstance: marketing_data_pipeline.dbt_run_staging manual__2025-05-25T06:08:57.168556+00:00 [running]> on host fe289fe396bd
[2025-05-25T06:12:24.300+0000] {taskinstance.py:2480} INFO - Exporting env vars: AIRFLOW_CTX_DAG_EMAIL='yashbhawsar872@gmail.com' AIRFLOW_CTX_DAG_OWNER='Yash' AIRFLOW_CTX_DAG_ID='marketing_data_pipeline' AIRFLOW_CTX_TASK_ID='dbt_run_staging' AIRFLOW_CTX_EXECUTION_DATE='2025-05-25T06:08:57.168556+00:00' AIRFLOW_CTX_TRY_NUMBER='2' AIRFLOW_CTX_DAG_RUN_ID='manual__2025-05-25T06:08:57.168556+00:00'
[2025-05-25T06:12:24.303+0000] {main_pipeline_dag.py:28} INFO - ▶️ Starting task: Run staging models
[2025-05-25T06:12:24.318+0000] {utils.py:63} INFO - Running command: cd /opt/dbt/marketing_pipeline && dbt run --models staging --vars '{"batch_date": "2025-05-25"}'
[2025-05-25T06:12:37.235+0000] {utils.py:72} INFO - [0m06:12:37  Running with dbt=1.9.4
[2025-05-25T06:12:42.429+0000] {utils.py:72} INFO - [0m06:12:42  Registered adapter: snowflake=1.9.4
[2025-05-25T06:12:43.524+0000] {utils.py:72} INFO - [0m06:12:43  Unable to do partial parsing because of a version mismatch
[2025-05-25T06:12:53.123+0000] {utils.py:72} INFO - [0m06:12:53  Found 6 models, 24 data tests, 3 sources, 479 macros
[2025-05-25T06:12:53.137+0000] {utils.py:72} INFO - [0m06:12:53
[2025-05-25T06:12:53.146+0000] {utils.py:72} INFO - [0m06:12:53  Concurrency: 4 threads (target='dev')
[2025-05-25T06:12:53.160+0000] {utils.py:72} INFO - [0m06:12:53
[2025-05-25T06:12:56.460+0000] {utils.py:72} INFO - [0m06:12:56  1 of 3 START sql incremental model STG.stg_contacts ............................ [RUN]
[2025-05-25T06:12:56.468+0000] {utils.py:72} INFO - [0m06:12:56  2 of 3 START sql incremental model STG.stg_form_fills .......................... [RUN]
[2025-05-25T06:12:56.478+0000] {utils.py:72} INFO - [0m06:12:56  3 of 3 START sql incremental model STG.stg_website_activity .................... [RUN]
[2025-05-25T06:13:00.561+0000] {utils.py:72} INFO - [0m06:13:00  3 of 3 OK created sql incremental model STG.stg_website_activity ............... [[32mSUCCESS 3000[0m in 4.04s]
[2025-05-25T06:13:00.576+0000] {utils.py:72} INFO - [0m06:13:00  2 of 3 OK created sql incremental model STG.stg_form_fills ..................... [[32mSUCCESS 3000[0m in 4.07s]
[2025-05-25T06:13:00.803+0000] {utils.py:72} INFO - [0m06:13:00  1 of 3 OK created sql incremental model STG.stg_contacts ....................... [[32mSUCCESS 3000[0m in 4.32s]
[2025-05-25T06:13:01.611+0000] {utils.py:72} INFO - [0m06:13:01
[2025-05-25T06:13:01.630+0000] {utils.py:72} INFO - [0m06:13:01  Finished running 3 incremental models in 0 hours 0 minutes and 8.43 seconds (8.43s).
[2025-05-25T06:13:03.253+0000] {utils.py:72} INFO - [0m06:13:03
[2025-05-25T06:13:03.343+0000] {utils.py:72} INFO - [0m06:13:03  [32mCompleted successfully[0m
[2025-05-25T06:13:03.352+0000] {utils.py:72} INFO - [0m06:13:03
[2025-05-25T06:13:03.373+0000] {utils.py:72} INFO - [0m06:13:03  Done. PASS=3 WARN=0 ERROR=0 SKIP=0 TOTAL=3
[2025-05-25T06:13:05.292+0000] {main_pipeline_dag.py:30} INFO - ✅ Completed task: Run staging models
[2025-05-25T06:13:05.298+0000] {python.py:201} INFO - Done. Returned value was: None
[2025-05-25T06:13:05.382+0000] {taskinstance.py:1138} INFO - Marking task as SUCCESS. dag_id=marketing_data_pipeline, task_id=dbt_run_staging, execution_date=20250525T060857, start_date=20250525T061223, end_date=20250525T061305
[2025-05-25T06:13:05.476+0000] {local_task_job_runner.py:234} INFO - Task exited with return code 0
[2025-05-25T06:13:05.544+0000] {taskinstance.py:3280} INFO - 1 downstream tasks scheduled from follow-on schedule check
