[2025-05-27T21:30:33.980+0000] {taskinstance.py:1956} INFO - Dependencies all met for dep_context=non-requeueable deps ti=<TaskInstance: Marketing_Data_Pipeline.dbt_run.dbt_run_marts scheduled__2025-05-24T00:00:00+00:00 [queued]>
[2025-05-27T21:30:34.010+0000] {taskinstance.py:1956} INFO - Dependencies all met for dep_context=requeueable deps ti=<TaskInstance: Marketing_Data_Pipeline.dbt_run.dbt_run_marts scheduled__2025-05-24T00:00:00+00:00 [queued]>
[2025-05-27T21:30:34.012+0000] {taskinstance.py:2170} INFO - Starting attempt 1 of 2
[2025-05-27T21:30:34.041+0000] {taskinstance.py:2191} INFO - Executing <Task(PythonOperator): dbt_run.dbt_run_marts> on 2025-05-24 00:00:00+00:00
[2025-05-27T21:30:34.052+0000] {standard_task_runner.py:60} INFO - Started process 561 to run task
[2025-05-27T21:30:34.058+0000] {standard_task_runner.py:87} INFO - Running: ['***', 'tasks', 'run', 'Marketing_Data_Pipeline', 'dbt_run.dbt_run_marts', 'scheduled__2025-05-24T00:00:00+00:00', '--job-id', '29', '--raw', '--subdir', 'DAGS_FOLDER/Marketing_Data_Pipeline.py', '--cfg-path', '/tmp/tmps69g924r']
[2025-05-27T21:30:34.062+0000] {standard_task_runner.py:88} INFO - Job 29: Subtask dbt_run.dbt_run_marts
[2025-05-27T21:30:34.206+0000] {task_command.py:423} INFO - Running <TaskInstance: Marketing_Data_Pipeline.dbt_run.dbt_run_marts scheduled__2025-05-24T00:00:00+00:00 [running]> on host 485388d78c3d
[2025-05-27T21:30:34.448+0000] {taskinstance.py:2480} INFO - Exporting env vars: AIRFLOW_CTX_DAG_EMAIL='yashbhawsar872@gmail.com' AIRFLOW_CTX_DAG_OWNER='Yash' AIRFLOW_CTX_DAG_ID='Marketing_Data_Pipeline' AIRFLOW_CTX_TASK_ID='dbt_run.dbt_run_marts' AIRFLOW_CTX_EXECUTION_DATE='2025-05-24T00:00:00+00:00' AIRFLOW_CTX_TRY_NUMBER='1' AIRFLOW_CTX_DAG_RUN_ID='scheduled__2025-05-24T00:00:00+00:00'
[2025-05-27T21:30:34.452+0000] {Marketing_Data_Pipeline.py:39} INFO - ▶️ Starting task: Run mart models
[2025-05-27T21:30:34.456+0000] {utils.py:65} INFO - Running dbt command: cd /opt/dbt/marketing_pipeline && dbt run --models marts --vars '{"batch_date": "2025-05-24"}'
[2025-05-27T21:30:37.989+0000] {utils.py:78} INFO - [0m21:30:37  Running with dbt=1.9.4
[2025-05-27T21:30:40.103+0000] {utils.py:78} INFO - [0m21:30:40  Registered adapter: snowflake=1.9.4
[2025-05-27T21:30:42.917+0000] {utils.py:78} INFO - [0m21:30:42  Found 12 models, 70 data tests, 6 sources, 479 macros
[2025-05-27T21:30:42.934+0000] {utils.py:78} INFO - [0m21:30:42
[2025-05-27T21:30:42.940+0000] {utils.py:78} INFO - [0m21:30:42  Concurrency: 4 threads (target='dev')
[2025-05-27T21:30:42.945+0000] {utils.py:78} INFO - [0m21:30:42
[2025-05-27T21:30:45.294+0000] {utils.py:78} INFO - [0m21:30:45  1 of 6 START sql incremental model MART.mart_campaigns ......................... [RUN]
[2025-05-27T21:30:45.304+0000] {utils.py:78} INFO - [0m21:30:45  2 of 6 START sql incremental model MART.mart_contacts .......................... [RUN]
[2025-05-27T21:30:45.311+0000] {utils.py:78} INFO - [0m21:30:45  3 of 6 START sql incremental model MART.mart_form_fills ........................ [RUN]
[2025-05-27T21:30:45.325+0000] {utils.py:78} INFO - [0m21:30:45  4 of 6 START sql incremental model MART.mart_forms ............................. [RUN]
[2025-05-27T21:30:47.220+0000] {utils.py:78} INFO - [0m21:30:47  2 of 6 OK created sql incremental model MART.mart_contacts ..................... [[32mSUCCESS 1[0m in 1.88s]
[2025-05-27T21:30:47.226+0000] {utils.py:78} INFO - [0m21:30:47  1 of 6 OK created sql incremental model MART.mart_campaigns .................... [[32mSUCCESS 1[0m in 1.88s]
[2025-05-27T21:30:47.289+0000] {utils.py:78} INFO - [0m21:30:47  5 of 6 START sql incremental model MART.mart_pages ............................. [RUN]
[2025-05-27T21:30:47.294+0000] {utils.py:78} INFO - [0m21:30:47  6 of 6 START sql incremental model MART.mart_website_activity .................. [RUN]
[2025-05-27T21:30:47.510+0000] {utils.py:78} INFO - [0m21:30:47  4 of 6 OK created sql incremental model MART.mart_forms ........................ [[32mSUCCESS 1[0m in 2.15s]
[2025-05-27T21:30:47.564+0000] {utils.py:78} INFO - [0m21:30:47  3 of 6 OK created sql incremental model MART.mart_form_fills ................... [[32mSUCCESS 1[0m in 2.22s]
[2025-05-27T21:30:48.137+0000] {utils.py:78} INFO - [0m21:30:48  5 of 6 OK created sql incremental model MART.mart_pages ........................ [[32mSUCCESS 1[0m in 0.83s]
[2025-05-27T21:30:48.360+0000] {utils.py:78} INFO - [0m21:30:48  6 of 6 OK created sql incremental model MART.mart_website_activity ............. [[32mSUCCESS 1[0m in 1.05s]
[2025-05-27T21:30:49.236+0000] {utils.py:78} INFO - [0m21:30:49
[2025-05-27T21:30:49.241+0000] {utils.py:78} INFO - [0m21:30:49  Finished running 6 incremental models in 0 hours 0 minutes and 6.28 seconds (6.28s).
[2025-05-27T21:30:49.477+0000] {utils.py:78} INFO - [0m21:30:49
[2025-05-27T21:30:49.495+0000] {utils.py:78} INFO - [0m21:30:49  [32mCompleted successfully[0m
[2025-05-27T21:30:49.526+0000] {utils.py:78} INFO - [0m21:30:49
[2025-05-27T21:30:49.547+0000] {utils.py:78} INFO - [0m21:30:49  Done. PASS=6 WARN=0 ERROR=0 SKIP=0 TOTAL=6
[2025-05-27T21:30:50.364+0000] {Marketing_Data_Pipeline.py:41} INFO - ✅ Completed task: Run mart models
[2025-05-27T21:30:50.368+0000] {python.py:201} INFO - Done. Returned value was: None
[2025-05-27T21:30:50.404+0000] {taskinstance.py:1138} INFO - Marking task as SUCCESS. dag_id=Marketing_Data_Pipeline, task_id=dbt_run.dbt_run_marts, execution_date=20250524T000000, start_date=20250527T213033, end_date=20250527T213050
[2025-05-27T21:30:50.456+0000] {local_task_job_runner.py:234} INFO - Task exited with return code 0
[2025-05-27T21:30:50.507+0000] {taskinstance.py:3280} INFO - 1 downstream tasks scheduled from follow-on schedule check
