[2025-05-27T22:14:57.253+0000] {taskinstance.py:1956} INFO - Dependencies all met for dep_context=non-requeueable deps ti=<TaskInstance: Marketing_Data_Pipeline.dbt_run.dbt_run_marts manual__2025-05-25T00:00:00+00:00 [queued]>
[2025-05-27T22:14:57.309+0000] {taskinstance.py:1956} INFO - Dependencies all met for dep_context=requeueable deps ti=<TaskInstance: Marketing_Data_Pipeline.dbt_run.dbt_run_marts manual__2025-05-25T00:00:00+00:00 [queued]>
[2025-05-27T22:14:57.324+0000] {taskinstance.py:2170} INFO - Starting attempt 1 of 2
[2025-05-27T22:14:57.360+0000] {taskinstance.py:2191} INFO - Executing <Task(PythonOperator): dbt_run.dbt_run_marts> on 2025-05-25 00:00:00+00:00
[2025-05-27T22:14:57.370+0000] {standard_task_runner.py:60} INFO - Started process 1620 to run task
[2025-05-27T22:14:57.376+0000] {standard_task_runner.py:87} INFO - Running: ['***', 'tasks', 'run', 'Marketing_Data_Pipeline', 'dbt_run.dbt_run_marts', 'manual__2025-05-25T00:00:00+00:00', '--job-id', '54', '--raw', '--subdir', 'DAGS_FOLDER/Marketing_Data_Pipeline.py', '--cfg-path', '/tmp/tmpryrdvmbo']
[2025-05-27T22:14:57.382+0000] {standard_task_runner.py:88} INFO - Job 54: Subtask dbt_run.dbt_run_marts
[2025-05-27T22:14:57.499+0000] {task_command.py:423} INFO - Running <TaskInstance: Marketing_Data_Pipeline.dbt_run.dbt_run_marts manual__2025-05-25T00:00:00+00:00 [running]> on host 485388d78c3d
[2025-05-27T22:14:57.762+0000] {taskinstance.py:2480} INFO - Exporting env vars: AIRFLOW_CTX_DAG_EMAIL='yashbhawsar872@gmail.com' AIRFLOW_CTX_DAG_OWNER='Yash' AIRFLOW_CTX_DAG_ID='Marketing_Data_Pipeline' AIRFLOW_CTX_TASK_ID='dbt_run.dbt_run_marts' AIRFLOW_CTX_EXECUTION_DATE='2025-05-25T00:00:00+00:00' AIRFLOW_CTX_TRY_NUMBER='1' AIRFLOW_CTX_DAG_RUN_ID='manual__2025-05-25T00:00:00+00:00'
[2025-05-27T22:14:57.765+0000] {Marketing_Data_Pipeline.py:39} INFO - ▶️ Starting task: Run mart models
[2025-05-27T22:14:57.769+0000] {utils.py:65} INFO - Running dbt command: cd /opt/dbt/marketing_pipeline && dbt run --models marts --vars '{"batch_date": "2025-05-25"}'
[2025-05-27T22:15:11.160+0000] {utils.py:78} INFO - [0m22:15:11  Running with dbt=1.9.4
[2025-05-27T22:15:12.977+0000] {utils.py:78} INFO - [0m22:15:12  Registered adapter: snowflake=1.9.4
[2025-05-27T22:15:15.219+0000] {utils.py:78} INFO - [0m22:15:15  Found 12 models, 70 data tests, 6 sources, 479 macros
[2025-05-27T22:15:15.237+0000] {utils.py:78} INFO - [0m22:15:15
[2025-05-27T22:15:15.243+0000] {utils.py:78} INFO - [0m22:15:15  Concurrency: 4 threads (target='dev')
[2025-05-27T22:15:15.264+0000] {utils.py:78} INFO - [0m22:15:15
[2025-05-27T22:15:18.179+0000] {utils.py:78} INFO - [0m22:15:18  1 of 6 START sql incremental model MART.mart_campaigns ......................... [RUN]
[2025-05-27T22:15:18.185+0000] {utils.py:78} INFO - [0m22:15:18  2 of 6 START sql incremental model MART.mart_contacts .......................... [RUN]
[2025-05-27T22:15:18.193+0000] {utils.py:78} INFO - [0m22:15:18  3 of 6 START sql incremental model MART.mart_form_fills ........................ [RUN]
[2025-05-27T22:15:18.201+0000] {utils.py:78} INFO - [0m22:15:18  4 of 6 START sql incremental model MART.mart_forms ............................. [RUN]
[2025-05-27T22:15:22.704+0000] {utils.py:78} INFO - [0m22:15:22  1 of 6 OK created sql incremental model MART.mart_campaigns .................... [[32mSUCCESS 3[0m in 4.47s]
[2025-05-27T22:15:22.722+0000] {utils.py:78} INFO - [0m22:15:22  5 of 6 START sql incremental model MART.mart_pages ............................. [RUN]
[2025-05-27T22:15:22.966+0000] {utils.py:78} INFO - [0m22:15:22  2 of 6 OK created sql incremental model MART.mart_contacts ..................... [[32mSUCCESS 2000[0m in 4.72s]
[2025-05-27T22:15:22.986+0000] {utils.py:78} INFO - [0m22:15:22  6 of 6 START sql incremental model MART.mart_website_activity .................. [RUN]
[2025-05-27T22:15:23.064+0000] {utils.py:78} INFO - [0m22:15:23  4 of 6 OK created sql incremental model MART.mart_forms ........................ [[32mSUCCESS 4[0m in 4.86s]
[2025-05-27T22:15:23.369+0000] {utils.py:78} INFO - [0m22:15:23  3 of 6 OK created sql incremental model MART.mart_form_fills ................... [[32mSUCCESS 2000[0m in 5.12s]
[2025-05-27T22:15:24.904+0000] {utils.py:78} INFO - [0m22:15:24  5 of 6 OK created sql incremental model MART.mart_pages ........................ [[32mSUCCESS 4[0m in 2.17s]
[2025-05-27T22:15:25.387+0000] {utils.py:78} INFO - [0m22:15:25  6 of 6 OK created sql incremental model MART.mart_website_activity ............. [[32mSUCCESS 2000[0m in 2.39s]
[2025-05-27T22:15:26.263+0000] {utils.py:78} INFO - [0m22:15:26
[2025-05-27T22:15:26.268+0000] {utils.py:78} INFO - [0m22:15:26  Finished running 6 incremental models in 0 hours 0 minutes and 10.97 seconds (10.97s).
[2025-05-27T22:15:26.495+0000] {utils.py:78} INFO - [0m22:15:26
[2025-05-27T22:15:26.500+0000] {utils.py:78} INFO - [0m22:15:26  [32mCompleted successfully[0m
[2025-05-27T22:15:26.510+0000] {utils.py:78} INFO - [0m22:15:26
[2025-05-27T22:15:26.520+0000] {utils.py:78} INFO - [0m22:15:26  Done. PASS=6 WARN=0 ERROR=0 SKIP=0 TOTAL=6
[2025-05-27T22:15:27.752+0000] {Marketing_Data_Pipeline.py:41} INFO - ✅ Completed task: Run mart models
[2025-05-27T22:15:27.757+0000] {python.py:201} INFO - Done. Returned value was: None
[2025-05-27T22:15:27.812+0000] {taskinstance.py:1138} INFO - Marking task as SUCCESS. dag_id=Marketing_Data_Pipeline, task_id=dbt_run.dbt_run_marts, execution_date=20250525T000000, start_date=20250527T221457, end_date=20250527T221527
[2025-05-27T22:15:27.869+0000] {local_task_job_runner.py:234} INFO - Task exited with return code 0
[2025-05-27T22:15:27.940+0000] {taskinstance.py:3280} INFO - 1 downstream tasks scheduled from follow-on schedule check
