[2025-05-24T07:31:34.727+0000] {taskinstance.py:1956} INFO - Dependencies all met for dep_context=non-requeueable deps ti=<TaskInstance: marketing_data_pipeline.branch_on_dq scheduled__2025-05-23T00:00:00+00:00 [queued]>
[2025-05-24T07:31:34.745+0000] {taskinstance.py:1956} INFO - Dependencies all met for dep_context=requeueable deps ti=<TaskInstance: marketing_data_pipeline.branch_on_dq scheduled__2025-05-23T00:00:00+00:00 [queued]>
[2025-05-24T07:31:34.746+0000] {taskinstance.py:2170} INFO - Starting attempt 1 of 2
[2025-05-24T07:31:34.771+0000] {taskinstance.py:2191} INFO - Executing <Task(BranchPythonOperator): branch_on_dq> on 2025-05-23 00:00:00+00:00
[2025-05-24T07:31:34.782+0000] {standard_task_runner.py:60} INFO - Started process 811 to run task
[2025-05-24T07:31:34.790+0000] {standard_task_runner.py:87} INFO - Running: ['***', 'tasks', 'run', 'marketing_data_pipeline', 'branch_on_dq', 'scheduled__2025-05-23T00:00:00+00:00', '--job-id', '21', '--raw', '--subdir', 'DAGS_FOLDER/main_pipeline_dag.py', '--cfg-path', '/tmp/tmpsg346n00']
[2025-05-24T07:31:34.794+0000] {standard_task_runner.py:88} INFO - Job 21: Subtask branch_on_dq
[2025-05-24T07:31:34.990+0000] {task_command.py:423} INFO - Running <TaskInstance: marketing_data_pipeline.branch_on_dq scheduled__2025-05-23T00:00:00+00:00 [running]> on host fcb3825e40cf
[2025-05-24T07:31:35.384+0000] {taskinstance.py:2480} INFO - Exporting env vars: AIRFLOW_CTX_DAG_EMAIL='yashbhawsar872@gmail.com' AIRFLOW_CTX_DAG_OWNER='Yash' AIRFLOW_CTX_DAG_ID='marketing_data_pipeline' AIRFLOW_CTX_TASK_ID='branch_on_dq' AIRFLOW_CTX_EXECUTION_DATE='2025-05-23T00:00:00+00:00' AIRFLOW_CTX_TRY_NUMBER='1' AIRFLOW_CTX_DAG_RUN_ID='scheduled__2025-05-23T00:00:00+00:00'
[2025-05-24T07:31:35.503+0000] {python.py:201} INFO - Done. Returned value was: proceed_upload
[2025-05-24T07:31:35.504+0000] {branch.py:35} INFO - Branch into proceed_upload
[2025-05-24T07:31:35.505+0000] {skipmixin.py:178} INFO - Following branch proceed_upload
[2025-05-24T07:31:35.582+0000] {skipmixin.py:244} INFO - Skipping tasks [('notify_dq_failure', -1)]
[2025-05-24T07:31:35.775+0000] {taskinstance.py:1138} INFO - Marking task as SUCCESS. dag_id=marketing_data_pipeline, task_id=branch_on_dq, execution_date=20250523T000000, start_date=20250524T073134, end_date=20250524T073135
[2025-05-24T07:31:35.852+0000] {local_task_job_runner.py:234} INFO - Task exited with return code 0
[2025-05-24T07:31:35.921+0000] {taskinstance.py:3280} INFO - 0 downstream tasks scheduled from follow-on schedule check
[2025-05-24T08:19:00.948+0000] {taskinstance.py:1956} INFO - Dependencies all met for dep_context=non-requeueable deps ti=<TaskInstance: marketing_data_pipeline.branch_on_dq scheduled__2025-05-23T00:00:00+00:00 [queued]>
[2025-05-24T08:19:00.982+0000] {taskinstance.py:1956} INFO - Dependencies all met for dep_context=requeueable deps ti=<TaskInstance: marketing_data_pipeline.branch_on_dq scheduled__2025-05-23T00:00:00+00:00 [queued]>
[2025-05-24T08:19:00.983+0000] {taskinstance.py:2170} INFO - Starting attempt 1 of 2
[2025-05-24T08:19:01.561+0000] {taskinstance.py:2191} INFO - Executing <Task(BranchPythonOperator): branch_on_dq> on 2025-05-23 00:00:00+00:00
[2025-05-24T08:19:01.614+0000] {standard_task_runner.py:60} INFO - Started process 347 to run task
[2025-05-24T08:19:01.633+0000] {standard_task_runner.py:87} INFO - Running: ['***', 'tasks', 'run', 'marketing_data_pipeline', 'branch_on_dq', 'scheduled__2025-05-23T00:00:00+00:00', '--job-id', '11', '--raw', '--subdir', 'DAGS_FOLDER/main_pipeline_dag.py', '--cfg-path', '/tmp/tmp6lgr_5lt']
[2025-05-24T08:19:01.658+0000] {standard_task_runner.py:88} INFO - Job 11: Subtask branch_on_dq
[2025-05-24T08:19:01.860+0000] {task_command.py:423} INFO - Running <TaskInstance: marketing_data_pipeline.branch_on_dq scheduled__2025-05-23T00:00:00+00:00 [running]> on host e6492150ec46
[2025-05-24T08:19:02.332+0000] {taskinstance.py:2480} INFO - Exporting env vars: AIRFLOW_CTX_DAG_EMAIL='yashbhawsar872@gmail.com' AIRFLOW_CTX_DAG_OWNER='Yash' AIRFLOW_CTX_DAG_ID='marketing_data_pipeline' AIRFLOW_CTX_TASK_ID='branch_on_dq' AIRFLOW_CTX_EXECUTION_DATE='2025-05-23T00:00:00+00:00' AIRFLOW_CTX_TRY_NUMBER='1' AIRFLOW_CTX_DAG_RUN_ID='scheduled__2025-05-23T00:00:00+00:00'
[2025-05-24T08:19:02.489+0000] {python.py:201} INFO - Done. Returned value was: proceed_upload
[2025-05-24T08:19:02.492+0000] {branch.py:35} INFO - Branch into proceed_upload
[2025-05-24T08:19:02.493+0000] {skipmixin.py:178} INFO - Following branch proceed_upload
[2025-05-24T08:19:02.564+0000] {skipmixin.py:244} INFO - Skipping tasks [('notify_dq_failure', -1)]
[2025-05-24T08:19:02.711+0000] {taskinstance.py:1138} INFO - Marking task as SUCCESS. dag_id=marketing_data_pipeline, task_id=branch_on_dq, execution_date=20250523T000000, start_date=20250524T081900, end_date=20250524T081902
[2025-05-24T08:19:02.799+0000] {local_task_job_runner.py:234} INFO - Task exited with return code 0
[2025-05-24T08:19:02.871+0000] {taskinstance.py:3280} INFO - 0 downstream tasks scheduled from follow-on schedule check
[2025-05-24T10:18:19.086+0000] {taskinstance.py:1956} INFO - Dependencies all met for dep_context=non-requeueable deps ti=<TaskInstance: marketing_data_pipeline.branch_on_dq scheduled__2025-05-23T00:00:00+00:00 [queued]>
[2025-05-24T10:18:19.143+0000] {taskinstance.py:1956} INFO - Dependencies all met for dep_context=requeueable deps ti=<TaskInstance: marketing_data_pipeline.branch_on_dq scheduled__2025-05-23T00:00:00+00:00 [queued]>
[2025-05-24T10:18:19.150+0000] {taskinstance.py:2170} INFO - Starting attempt 1 of 2
[2025-05-24T10:18:19.239+0000] {taskinstance.py:2191} INFO - Executing <Task(BranchPythonOperator): branch_on_dq> on 2025-05-23 00:00:00+00:00
[2025-05-24T10:18:19.273+0000] {standard_task_runner.py:60} INFO - Started process 383 to run task
[2025-05-24T10:18:19.310+0000] {standard_task_runner.py:87} INFO - Running: ['***', 'tasks', 'run', 'marketing_data_pipeline', 'branch_on_dq', 'scheduled__2025-05-23T00:00:00+00:00', '--job-id', '10', '--raw', '--subdir', 'DAGS_FOLDER/main_pipeline_dag.py', '--cfg-path', '/tmp/tmpbt8abh5s']
[2025-05-24T10:18:19.358+0000] {standard_task_runner.py:88} INFO - Job 10: Subtask branch_on_dq
[2025-05-24T10:18:19.596+0000] {task_command.py:423} INFO - Running <TaskInstance: marketing_data_pipeline.branch_on_dq scheduled__2025-05-23T00:00:00+00:00 [running]> on host 8c3b47b76f3b
[2025-05-24T10:18:19.895+0000] {taskinstance.py:2480} INFO - Exporting env vars: AIRFLOW_CTX_DAG_EMAIL='yashbhawsar872@gmail.com' AIRFLOW_CTX_DAG_OWNER='Yash' AIRFLOW_CTX_DAG_ID='marketing_data_pipeline' AIRFLOW_CTX_TASK_ID='branch_on_dq' AIRFLOW_CTX_EXECUTION_DATE='2025-05-23T00:00:00+00:00' AIRFLOW_CTX_TRY_NUMBER='1' AIRFLOW_CTX_DAG_RUN_ID='scheduled__2025-05-23T00:00:00+00:00'
[2025-05-24T10:18:20.000+0000] {python.py:201} INFO - Done. Returned value was: proceed_upload
[2025-05-24T10:18:20.001+0000] {branch.py:35} INFO - Branch into proceed_upload
[2025-05-24T10:18:20.004+0000] {skipmixin.py:178} INFO - Following branch proceed_upload
[2025-05-24T10:18:20.066+0000] {skipmixin.py:244} INFO - Skipping tasks [('notify_dq_failure', -1)]
[2025-05-24T10:18:20.004+0000] {taskinstance.py:1138} INFO - Marking task as SUCCESS. dag_id=marketing_data_pipeline, task_id=branch_on_dq, execution_date=20250523T000000, start_date=20250524T101819, end_date=20250524T101820
[2025-05-24T10:18:20.064+0000] {local_task_job_runner.py:234} INFO - Task exited with return code 0
[2025-05-24T10:18:20.139+0000] {taskinstance.py:3280} INFO - 0 downstream tasks scheduled from follow-on schedule check
