[2025-05-27T22:22:25.943+0000] {taskinstance.py:1956} INFO - Dependencies all met for dep_context=non-requeueable deps ti=<TaskInstance: Marketing_Data_Pipeline.load_minio_to_snowflake manual__2025-05-27T00:00:00+00:00 [queued]>
[2025-05-27T22:22:26.003+0000] {taskinstance.py:1956} INFO - Dependencies all met for dep_context=requeueable deps ti=<TaskInstance: Marketing_Data_Pipeline.load_minio_to_snowflake manual__2025-05-27T00:00:00+00:00 [queued]>
[2025-05-27T22:22:26.007+0000] {taskinstance.py:2170} INFO - Starting attempt 1 of 2
[2025-05-27T22:22:26.098+0000] {taskinstance.py:2191} INFO - Executing <Task(PythonOperator): load_minio_to_snowflake> on 2025-05-27 00:00:00+00:00
[2025-05-27T22:22:26.116+0000] {standard_task_runner.py:60} INFO - Started process 2084 to run task
[2025-05-27T22:22:26.138+0000] {standard_task_runner.py:87} INFO - Running: ['***', 'tasks', 'run', 'Marketing_Data_Pipeline', 'load_minio_to_snowflake', 'manual__2025-05-27T00:00:00+00:00', '--job-id', '93', '--raw', '--subdir', 'DAGS_FOLDER/Marketing_Data_Pipeline.py', '--cfg-path', '/tmp/tmpl9tfmoqt']
[2025-05-27T22:22:26.146+0000] {standard_task_runner.py:88} INFO - Job 93: Subtask load_minio_to_snowflake
[2025-05-27T22:22:26.325+0000] {task_command.py:423} INFO - Running <TaskInstance: Marketing_Data_Pipeline.load_minio_to_snowflake manual__2025-05-27T00:00:00+00:00 [running]> on host 485388d78c3d
[2025-05-27T22:22:26.628+0000] {taskinstance.py:2480} INFO - Exporting env vars: AIRFLOW_CTX_DAG_EMAIL='yashbhawsar872@gmail.com' AIRFLOW_CTX_DAG_OWNER='Yash' AIRFLOW_CTX_DAG_ID='Marketing_Data_Pipeline' AIRFLOW_CTX_TASK_ID='load_minio_to_snowflake' AIRFLOW_CTX_EXECUTION_DATE='2025-05-27T00:00:00+00:00' AIRFLOW_CTX_TRY_NUMBER='1' AIRFLOW_CTX_DAG_RUN_ID='manual__2025-05-27T00:00:00+00:00'
[2025-05-27T22:22:26.639+0000] {Marketing_Data_Pipeline.py:39} INFO - ▶️ Starting task: Upload valid-data to Snowflake RAW
[2025-05-27T22:22:26.831+0000] {snowflake_upload.py:103} INFO - [⏬] downloaded valid-data/contacts/2025-05-27/contacts_2025-05-27.csv → /tmp/tmp_5ml5dio/contacts_2025-05-27.csv
[2025-05-27T22:22:26.844+0000] {connection.py:486} INFO - Snowflake Connector for Python Version: 3.15.0, Python Version: 3.10.13, Platform: Linux-5.15.90.1-microsoft-standard-WSL2-x86_64-with-glibc2.36
[2025-05-27T22:22:26.849+0000] {connection.py:1391} INFO - Connecting to GLOBAL Snowflake domain
[2025-05-27T22:22:29.302+0000] {snowflake_upload.py:124} INFO - [INFO] running: PUT file:///tmp/tmp_5ml5dio/contacts_2025-05-27.csv @RAW_CONTACTS_STAGE/2025-05-27/
[2025-05-27T22:22:29.306+0000] {snowflake_upload.py:135} INFO - [INFO] running COPY INTO RAW.contacts
[2025-05-27T22:22:30.116+0000] {snowflake_upload.py:138} INFO - [✅] loaded contacts for 2025-05-27
[2025-05-27T22:22:30.469+0000] {snowflake_upload.py:103} INFO - [⏬] downloaded valid-data/form_fills/2025-05-27/form_fills_2025-05-27.parquet → /tmp/tmp04kjiok8/form_fills_2025-05-27.parquet
[2025-05-27T22:22:30.474+0000] {connection.py:486} INFO - Snowflake Connector for Python Version: 3.15.0, Python Version: 3.10.13, Platform: Linux-5.15.90.1-microsoft-standard-WSL2-x86_64-with-glibc2.36
[2025-05-27T22:22:30.476+0000] {connection.py:1391} INFO - Connecting to GLOBAL Snowflake domain
[2025-05-27T22:22:31.966+0000] {snowflake_upload.py:124} INFO - [INFO] running: PUT file:///tmp/tmp04kjiok8/form_fills_2025-05-27.parquet @RAW_FORM_FILLS_STAGE/2025-05-27/
[2025-05-27T22:22:31.970+0000] {snowflake_upload.py:135} INFO - [INFO] running COPY INTO RAW.form_fills
[2025-05-27T22:22:32.841+0000] {snowflake_upload.py:138} INFO - [✅] loaded form_fills for 2025-05-27
[2025-05-27T22:22:33.187+0000] {snowflake_upload.py:103} INFO - [⏬] downloaded valid-data/website_activity/2025-05-27/website_activity_2025-05-27.json → /tmp/tmpc4233aha/website_activity_2025-05-27.json
[2025-05-27T22:22:33.192+0000] {connection.py:486} INFO - Snowflake Connector for Python Version: 3.15.0, Python Version: 3.10.13, Platform: Linux-5.15.90.1-microsoft-standard-WSL2-x86_64-with-glibc2.36
[2025-05-27T22:22:33.194+0000] {connection.py:1391} INFO - Connecting to GLOBAL Snowflake domain
[2025-05-27T22:22:34.672+0000] {snowflake_upload.py:124} INFO - [INFO] running: PUT file:///tmp/tmpc4233aha/website_activity_2025-05-27.json @RAW_WEBSITE_ACTIVITY_STAGE/2025-05-27/
[2025-05-27T22:22:34.686+0000] {snowflake_upload.py:135} INFO - [INFO] running COPY INTO RAW.website_activity
[2025-05-27T22:22:35.379+0000] {snowflake_upload.py:138} INFO - [✅] loaded website_activity for 2025-05-27
[2025-05-27T22:22:35.703+0000] {snowflake_upload.py:103} INFO - [⏬] downloaded valid-data/campaigns/2025-05-27/campaigns_2025-05-27.json → /tmp/tmp3bw4s0q_/campaigns_2025-05-27.json
[2025-05-27T22:22:35.708+0000] {connection.py:486} INFO - Snowflake Connector for Python Version: 3.15.0, Python Version: 3.10.13, Platform: Linux-5.15.90.1-microsoft-standard-WSL2-x86_64-with-glibc2.36
[2025-05-27T22:22:35.711+0000] {connection.py:1391} INFO - Connecting to GLOBAL Snowflake domain
[2025-05-27T22:22:36.987+0000] {snowflake_upload.py:124} INFO - [INFO] running: PUT file:///tmp/tmp3bw4s0q_/campaigns_2025-05-27.json @RAW_CAMPAIGNS_STAGE/2025-05-27/
[2025-05-27T22:22:36.992+0000] {snowflake_upload.py:135} INFO - [INFO] running COPY INTO RAW.campaigns
[2025-05-27T22:22:37.620+0000] {snowflake_upload.py:138} INFO - [✅] loaded campaigns for 2025-05-27
[2025-05-27T22:22:38.037+0000] {snowflake_upload.py:103} INFO - [⏬] downloaded valid-data/forms/2025-05-27/forms_2025-05-27.json → /tmp/tmp8ks46iom/forms_2025-05-27.json
[2025-05-27T22:22:38.043+0000] {connection.py:486} INFO - Snowflake Connector for Python Version: 3.15.0, Python Version: 3.10.13, Platform: Linux-5.15.90.1-microsoft-standard-WSL2-x86_64-with-glibc2.36
[2025-05-27T22:22:38.051+0000] {connection.py:1391} INFO - Connecting to GLOBAL Snowflake domain
[2025-05-27T22:22:40.001+0000] {snowflake_upload.py:124} INFO - [INFO] running: PUT file:///tmp/tmp8ks46iom/forms_2025-05-27.json @RAW_FORMS_STAGE/2025-05-27/
[2025-05-27T22:22:40.005+0000] {snowflake_upload.py:135} INFO - [INFO] running COPY INTO RAW.forms
[2025-05-27T22:22:40.644+0000] {snowflake_upload.py:138} INFO - [✅] loaded forms for 2025-05-27
[2025-05-27T22:22:41.078+0000] {snowflake_upload.py:103} INFO - [⏬] downloaded valid-data/pages/2025-05-27/pages_2025-05-27.json → /tmp/tmpj8224h_3/pages_2025-05-27.json
[2025-05-27T22:22:41.085+0000] {connection.py:486} INFO - Snowflake Connector for Python Version: 3.15.0, Python Version: 3.10.13, Platform: Linux-5.15.90.1-microsoft-standard-WSL2-x86_64-with-glibc2.36
[2025-05-27T22:22:41.087+0000] {connection.py:1391} INFO - Connecting to GLOBAL Snowflake domain
[2025-05-27T22:22:42.676+0000] {snowflake_upload.py:124} INFO - [INFO] running: PUT file:///tmp/tmpj8224h_3/pages_2025-05-27.json @RAW_PAGES_STAGE/2025-05-27/
[2025-05-27T22:22:42.684+0000] {snowflake_upload.py:135} INFO - [INFO] running COPY INTO RAW.pages
[2025-05-27T22:22:43.342+0000] {snowflake_upload.py:138} INFO - [✅] loaded pages for 2025-05-27
[2025-05-27T22:22:43.680+0000] {Marketing_Data_Pipeline.py:41} INFO - ✅ Completed task: Upload valid-data to Snowflake RAW
[2025-05-27T22:22:43.691+0000] {python.py:201} INFO - Done. Returned value was: None
[2025-05-27T22:22:43.772+0000] {taskinstance.py:1138} INFO - Marking task as SUCCESS. dag_id=Marketing_Data_Pipeline, task_id=load_minio_to_snowflake, execution_date=20250527T000000, start_date=20250527T222225, end_date=20250527T222243
[2025-05-27T22:22:43.870+0000] {local_task_job_runner.py:234} INFO - Task exited with return code 0
[2025-05-27T22:22:43.940+0000] {taskinstance.py:3280} INFO - 1 downstream tasks scheduled from follow-on schedule check
