[2025-05-25T18:58:40.478+0000] {taskinstance.py:1956} INFO - Dependencies all met for dep_context=non-requeueable deps ti=<TaskInstance: final_marketing_data_pipeline.load_minio_to_snowflake manual__2025-05-25T16:25:47.685943+00:00 [queued]>
[2025-05-25T18:58:40.569+0000] {taskinstance.py:1956} INFO - Dependencies all met for dep_context=requeueable deps ti=<TaskInstance: final_marketing_data_pipeline.load_minio_to_snowflake manual__2025-05-25T16:25:47.685943+00:00 [queued]>
[2025-05-25T18:58:40.574+0000] {taskinstance.py:2170} INFO - Starting attempt 3 of 4
[2025-05-25T18:58:42.719+0000] {taskinstance.py:2191} INFO - Executing <Task(PythonOperator): load_minio_to_snowflake> on 2025-05-25 16:25:47.685943+00:00
[2025-05-25T18:58:42.737+0000] {standard_task_runner.py:60} INFO - Started process 19674 to run task
[2025-05-25T18:58:42.757+0000] {standard_task_runner.py:87} INFO - Running: ['***', 'tasks', 'run', 'final_marketing_data_pipeline', 'load_minio_to_snowflake', 'manual__2025-05-25T16:25:47.685943+00:00', '--job-id', '132', '--raw', '--subdir', 'DAGS_FOLDER/test.py', '--cfg-path', '/tmp/tmpl8b5ac7r']
[2025-05-25T18:58:42.763+0000] {standard_task_runner.py:88} INFO - Job 132: Subtask load_minio_to_snowflake
[2025-05-25T18:58:43.090+0000] {task_command.py:423} INFO - Running <TaskInstance: final_marketing_data_pipeline.load_minio_to_snowflake manual__2025-05-25T16:25:47.685943+00:00 [running]> on host fe289fe396bd
[2025-05-25T18:58:48.251+0000] {taskinstance.py:2480} INFO - Exporting env vars: AIRFLOW_CTX_DAG_EMAIL='yashbhawsar872@gmail.com' AIRFLOW_CTX_DAG_OWNER='Yash' AIRFLOW_CTX_DAG_ID='final_marketing_data_pipeline' AIRFLOW_CTX_TASK_ID='load_minio_to_snowflake' AIRFLOW_CTX_EXECUTION_DATE='2025-05-25T16:25:47.685943+00:00' AIRFLOW_CTX_TRY_NUMBER='3' AIRFLOW_CTX_DAG_RUN_ID='manual__2025-05-25T16:25:47.685943+00:00'
[2025-05-25T18:58:48.269+0000] {test.py:39} INFO - ▶️ Starting task: Upload valid-data to Snowflake RAW
[2025-05-25T18:58:49.313+0000] {snowflake_upload.py:103} INFO - [⏬] downloaded valid-data/contacts/2025-05-25/contacts_2025-05-25.csv → /tmp/tmpmcoruxvy/contacts_2025-05-25.csv
[2025-05-25T18:58:49.332+0000] {connection.py:486} INFO - Snowflake Connector for Python Version: 3.15.0, Python Version: 3.10.13, Platform: Linux-5.15.90.1-microsoft-standard-WSL2-x86_64-with-glibc2.36
[2025-05-25T18:58:49.347+0000] {connection.py:1391} INFO - Connecting to GLOBAL Snowflake domain
[2025-05-25T18:58:58.186+0000] {snowflake_upload.py:124} INFO - [INFO] running: PUT file:///tmp/tmpmcoruxvy/contacts_2025-05-25.csv @RAW_CONTACTS_STAGE/2025-05-25/
[2025-05-25T18:58:58.226+0000] {snowflake_upload.py:135} INFO - [INFO] running COPY INTO RAW.contacts
[2025-05-25T18:58:59.223+0000] {snowflake_upload.py:138} INFO - [✅] loaded contacts for 2025-05-25
[2025-05-25T18:59:00.233+0000] {snowflake_upload.py:103} INFO - [⏬] downloaded valid-data/form_fills/2025-05-25/form_fills_2025-05-25.parquet → /tmp/tmpfax3pet2/form_fills_2025-05-25.parquet
[2025-05-25T18:59:00.243+0000] {connection.py:486} INFO - Snowflake Connector for Python Version: 3.15.0, Python Version: 3.10.13, Platform: Linux-5.15.90.1-microsoft-standard-WSL2-x86_64-with-glibc2.36
[2025-05-25T18:59:00.245+0000] {connection.py:1391} INFO - Connecting to GLOBAL Snowflake domain
[2025-05-25T18:59:12.771+0000] {snowflake_upload.py:124} INFO - [INFO] running: PUT file:///tmp/tmpfax3pet2/form_fills_2025-05-25.parquet @RAW_FORM_FILLS_STAGE/2025-05-25/
[2025-05-25T18:59:12.789+0000] {snowflake_upload.py:135} INFO - [INFO] running COPY INTO RAW.form_fills
[2025-05-25T18:59:13.447+0000] {snowflake_upload.py:138} INFO - [✅] loaded form_fills for 2025-05-25
[2025-05-25T18:59:14.006+0000] {snowflake_upload.py:103} INFO - [⏬] downloaded valid-data/website_activity/2025-05-25/website_activity_2025-05-25.json → /tmp/tmp_ksdz3b2/website_activity_2025-05-25.json
[2025-05-25T18:59:14.019+0000] {connection.py:486} INFO - Snowflake Connector for Python Version: 3.15.0, Python Version: 3.10.13, Platform: Linux-5.15.90.1-microsoft-standard-WSL2-x86_64-with-glibc2.36
[2025-05-25T18:59:14.025+0000] {connection.py:1391} INFO - Connecting to GLOBAL Snowflake domain
[2025-05-25T18:59:37.432+0000] {connectionpool.py:824} WARNING - Retrying (Retry(total=0, connect=None, read=None, redirect=None, status=None)) after connection broken by 'NewConnectionError('<snowflake.connector.vendored.urllib3.connection.HTTPSConnection object at 0x7f3f46ea9e10>: Failed to establish a new connection: [Errno -3] Temporary failure in name resolution')': /?accelerate
[2025-05-25T18:59:46.445+0000] {storage_client.py:330} WARNING - GET with url b'https://sfc-sg-ds1-131-customer-stage.s3.amazonaws.com/?accelerate' failed for transient error: HTTPSConnectionPool(host='sfc-sg-ds1-131-customer-stage.s3.amazonaws.com', port=443): Max retries exceeded with url: /?accelerate (Caused by NewConnectionError('<snowflake.connector.vendored.urllib3.connection.HTTPSConnection object at 0x7f3f46eabdc0>: Failed to establish a new connection: [Errno -2] Name or service not known'))
[2025-05-25T18:59:55.308+0000] {connectionpool.py:824} WARNING - Retrying (Retry(total=0, connect=None, read=None, redirect=None, status=None)) after connection broken by 'NewConnectionError('<snowflake.connector.vendored.urllib3.connection.HTTPSConnection object at 0x7f3f46eaba90>: Failed to establish a new connection: [Errno -3] Temporary failure in name resolution')': /?accelerate
[2025-05-25T19:00:01.230+0000] {snowflake_upload.py:124} INFO - [INFO] running: PUT file:///tmp/tmp_ksdz3b2/website_activity_2025-05-25.json @RAW_WEBSITE_ACTIVITY_STAGE/2025-05-25/
[2025-05-25T19:00:01.291+0000] {snowflake_upload.py:135} INFO - [INFO] running COPY INTO RAW.website_activity
[2025-05-25T19:00:02.168+0000] {snowflake_upload.py:138} INFO - [✅] loaded website_activity for 2025-05-25
[2025-05-25T19:00:02.918+0000] {snowflake_upload.py:103} INFO - [⏬] downloaded valid-data/campaigns/2025-05-25/campaigns_2025-05-25.json → /tmp/tmphxl61jgb/campaigns_2025-05-25.json
[2025-05-25T19:00:02.930+0000] {connection.py:486} INFO - Snowflake Connector for Python Version: 3.15.0, Python Version: 3.10.13, Platform: Linux-5.15.90.1-microsoft-standard-WSL2-x86_64-with-glibc2.36
[2025-05-25T19:00:02.934+0000] {connection.py:1391} INFO - Connecting to GLOBAL Snowflake domain
[2025-05-25T19:00:05.147+0000] {taskinstance.py:2698} ERROR - Task failed with exception
Traceback (most recent call last):
  File "/home/airflow/.local/lib/python3.10/site-packages/airflow/models/taskinstance.py", line 433, in _execute_task
    result = execute_callable(context=context, **execute_callable_kwargs)
  File "/home/airflow/.local/lib/python3.10/site-packages/airflow/operators/python.py", line 199, in execute
    return_value = self.execute_callable()
  File "/home/airflow/.local/lib/python3.10/site-packages/airflow/operators/python.py", line 216, in execute_callable
    return self.python_callable(*self.op_args, **self.op_kwargs)
  File "/opt/airflow/dags/test.py", line 40, in _wrapped
    fn(**kwargs)
  File "/opt/airflow/scripts/snowflake_upload.py", line 146, in load_to_snowflake
    load_entity_for_date(entity, ds)
  File "/opt/airflow/scripts/snowflake_upload.py", line 117, in load_entity_for_date
    cursor.execute(f"LIST {stage_ref}")
  File "/home/airflow/.local/lib/python3.10/site-packages/snowflake/connector/cursor.py", line 1134, in execute
    Error.errorhandler_wrapper(self.connection, self, error_class, errvalue)
  File "/home/airflow/.local/lib/python3.10/site-packages/snowflake/connector/errors.py", line 279, in errorhandler_wrapper
    handed_over = Error.hand_to_other_handler(
  File "/home/airflow/.local/lib/python3.10/site-packages/snowflake/connector/errors.py", line 334, in hand_to_other_handler
    cursor.errorhandler(connection, cursor, error_class, error_value)
  File "/home/airflow/.local/lib/python3.10/site-packages/snowflake/connector/errors.py", line 210, in default_errorhandler
    raise error_class(
snowflake.connector.errors.ProgrammingError: 002003 (02000): 01bc9714-3201-a6cc-000d-8e22000335b6: SQL compilation error:
Stage 'MARKETING_DB.RAW.RAW_COMPAIGNS_STAGE' does not exist or not authorized.
[2025-05-25T19:00:05.244+0000] {taskinstance.py:1138} INFO - Marking task as UP_FOR_RETRY. dag_id=final_marketing_data_pipeline, task_id=load_minio_to_snowflake, execution_date=20250525T162547, start_date=20250525T185840, end_date=20250525T190005
[2025-05-25T19:00:05.584+0000] {standard_task_runner.py:107} ERROR - Failed to execute job 132 for task load_minio_to_snowflake (002003 (02000): 01bc9714-3201-a6cc-000d-8e22000335b6: SQL compilation error:
Stage 'MARKETING_DB.RAW.RAW_COMPAIGNS_STAGE' does not exist or not authorized.; 19674)
[2025-05-25T19:00:05.890+0000] {local_task_job_runner.py:234} INFO - Task exited with return code 1
[2025-05-25T19:00:06.066+0000] {taskinstance.py:3280} INFO - 0 downstream tasks scheduled from follow-on schedule check
