[2025-05-25T19:05:15.109+0000] {taskinstance.py:1956} INFO - Dependencies all met for dep_context=non-requeueable deps ti=<TaskInstance: final_marketing_data_pipeline.load_minio_to_snowflake manual__2025-05-25T16:25:47.685943+00:00 [queued]>
[2025-05-25T19:05:15.186+0000] {taskinstance.py:1956} INFO - Dependencies all met for dep_context=requeueable deps ti=<TaskInstance: final_marketing_data_pipeline.load_minio_to_snowflake manual__2025-05-25T16:25:47.685943+00:00 [queued]>
[2025-05-25T19:05:15.190+0000] {taskinstance.py:2170} INFO - Starting attempt 4 of 4
[2025-05-25T19:05:15.269+0000] {taskinstance.py:2191} INFO - Executing <Task(PythonOperator): load_minio_to_snowflake> on 2025-05-25 16:25:47.685943+00:00
[2025-05-25T19:05:15.304+0000] {standard_task_runner.py:60} INFO - Started process 19810 to run task
[2025-05-25T19:05:15.324+0000] {standard_task_runner.py:87} INFO - Running: ['***', 'tasks', 'run', 'final_marketing_data_pipeline', 'load_minio_to_snowflake', 'manual__2025-05-25T16:25:47.685943+00:00', '--job-id', '133', '--raw', '--subdir', 'DAGS_FOLDER/test.py', '--cfg-path', '/tmp/tmps13lgjr7']
[2025-05-25T19:05:15.372+0000] {standard_task_runner.py:88} INFO - Job 133: Subtask load_minio_to_snowflake
[2025-05-25T19:05:15.779+0000] {task_command.py:423} INFO - Running <TaskInstance: final_marketing_data_pipeline.load_minio_to_snowflake manual__2025-05-25T16:25:47.685943+00:00 [running]> on host fe289fe396bd
[2025-05-25T19:05:16.471+0000] {taskinstance.py:2480} INFO - Exporting env vars: AIRFLOW_CTX_DAG_EMAIL='yashbhawsar872@gmail.com' AIRFLOW_CTX_DAG_OWNER='Yash' AIRFLOW_CTX_DAG_ID='final_marketing_data_pipeline' AIRFLOW_CTX_TASK_ID='load_minio_to_snowflake' AIRFLOW_CTX_EXECUTION_DATE='2025-05-25T16:25:47.685943+00:00' AIRFLOW_CTX_TRY_NUMBER='4' AIRFLOW_CTX_DAG_RUN_ID='manual__2025-05-25T16:25:47.685943+00:00'
[2025-05-25T19:05:16.532+0000] {test.py:39} INFO - ▶️ Starting task: Upload valid-data to Snowflake RAW
[2025-05-25T19:05:18.516+0000] {snowflake_upload.py:103} INFO - [⏬] downloaded valid-data/contacts/2025-05-25/contacts_2025-05-25.csv → /tmp/tmps5jt26kn/contacts_2025-05-25.csv
[2025-05-25T19:05:18.549+0000] {connection.py:486} INFO - Snowflake Connector for Python Version: 3.15.0, Python Version: 3.10.13, Platform: Linux-5.15.90.1-microsoft-standard-WSL2-x86_64-with-glibc2.36
[2025-05-25T19:05:18.584+0000] {connection.py:1391} INFO - Connecting to GLOBAL Snowflake domain
[2025-05-25T19:05:24.997+0000] {snowflake_upload.py:124} INFO - [INFO] running: PUT file:///tmp/tmps5jt26kn/contacts_2025-05-25.csv @RAW_CONTACTS_STAGE/2025-05-25/
[2025-05-25T19:05:25.003+0000] {snowflake_upload.py:135} INFO - [INFO] running COPY INTO RAW.contacts
[2025-05-25T19:05:25.906+0000] {snowflake_upload.py:138} INFO - [✅] loaded contacts for 2025-05-25
[2025-05-25T19:05:26.283+0000] {snowflake_upload.py:103} INFO - [⏬] downloaded valid-data/form_fills/2025-05-25/form_fills_2025-05-25.parquet → /tmp/tmphruumnp_/form_fills_2025-05-25.parquet
[2025-05-25T19:05:26.287+0000] {connection.py:486} INFO - Snowflake Connector for Python Version: 3.15.0, Python Version: 3.10.13, Platform: Linux-5.15.90.1-microsoft-standard-WSL2-x86_64-with-glibc2.36
[2025-05-25T19:05:26.288+0000] {connection.py:1391} INFO - Connecting to GLOBAL Snowflake domain
[2025-05-25T19:05:28.667+0000] {snowflake_upload.py:124} INFO - [INFO] running: PUT file:///tmp/tmphruumnp_/form_fills_2025-05-25.parquet @RAW_FORM_FILLS_STAGE/2025-05-25/
[2025-05-25T19:05:28.675+0000] {snowflake_upload.py:135} INFO - [INFO] running COPY INTO RAW.form_fills
[2025-05-25T19:05:29.291+0000] {snowflake_upload.py:138} INFO - [✅] loaded form_fills for 2025-05-25
[2025-05-25T19:05:30.105+0000] {snowflake_upload.py:103} INFO - [⏬] downloaded valid-data/website_activity/2025-05-25/website_activity_2025-05-25.json → /tmp/tmp4a5rc5cw/website_activity_2025-05-25.json
[2025-05-25T19:05:30.112+0000] {connection.py:486} INFO - Snowflake Connector for Python Version: 3.15.0, Python Version: 3.10.13, Platform: Linux-5.15.90.1-microsoft-standard-WSL2-x86_64-with-glibc2.36
[2025-05-25T19:05:30.113+0000] {connection.py:1391} INFO - Connecting to GLOBAL Snowflake domain
[2025-05-25T19:05:31.959+0000] {snowflake_upload.py:124} INFO - [INFO] running: PUT file:///tmp/tmp4a5rc5cw/website_activity_2025-05-25.json @RAW_WEBSITE_ACTIVITY_STAGE/2025-05-25/
[2025-05-25T19:05:31.984+0000] {snowflake_upload.py:135} INFO - [INFO] running COPY INTO RAW.website_activity
[2025-05-25T19:05:32.613+0000] {snowflake_upload.py:138} INFO - [✅] loaded website_activity for 2025-05-25
[2025-05-25T19:05:33.331+0000] {snowflake_upload.py:103} INFO - [⏬] downloaded valid-data/campaigns/2025-05-25/campaigns_2025-05-25.json → /tmp/tmprftntz29/campaigns_2025-05-25.json
[2025-05-25T19:05:33.335+0000] {connection.py:486} INFO - Snowflake Connector for Python Version: 3.15.0, Python Version: 3.10.13, Platform: Linux-5.15.90.1-microsoft-standard-WSL2-x86_64-with-glibc2.36
[2025-05-25T19:05:33.336+0000] {connection.py:1391} INFO - Connecting to GLOBAL Snowflake domain
[2025-05-25T19:05:34.906+0000] {snowflake_upload.py:124} INFO - [INFO] running: PUT file:///tmp/tmprftntz29/campaigns_2025-05-25.json @RAW_CAMPAIGNS_STAGE/2025-05-25/
[2025-05-25T19:05:34.910+0000] {snowflake_upload.py:135} INFO - [INFO] running COPY INTO RAW.campaigns
[2025-05-25T19:05:35.445+0000] {snowflake_upload.py:138} INFO - [✅] loaded campaigns for 2025-05-25
[2025-05-25T19:05:35.773+0000] {snowflake_upload.py:103} INFO - [⏬] downloaded valid-data/forms/2025-05-25/forms_2025-05-25.json → /tmp/tmpvtujskhd/forms_2025-05-25.json
[2025-05-25T19:05:35.781+0000] {connection.py:486} INFO - Snowflake Connector for Python Version: 3.15.0, Python Version: 3.10.13, Platform: Linux-5.15.90.1-microsoft-standard-WSL2-x86_64-with-glibc2.36
[2025-05-25T19:05:35.782+0000] {connection.py:1391} INFO - Connecting to GLOBAL Snowflake domain
[2025-05-25T19:05:37.228+0000] {snowflake_upload.py:124} INFO - [INFO] running: PUT file:///tmp/tmpvtujskhd/forms_2025-05-25.json @RAW_FORMS_STAGE/2025-05-25/
[2025-05-25T19:05:37.233+0000] {snowflake_upload.py:135} INFO - [INFO] running COPY INTO RAW.forms
[2025-05-25T19:05:38.046+0000] {snowflake_upload.py:138} INFO - [✅] loaded forms for 2025-05-25
[2025-05-25T19:05:38.486+0000] {snowflake_upload.py:103} INFO - [⏬] downloaded valid-data/pages/2025-05-25/pages_2025-05-25.json → /tmp/tmpmhf49yku/pages_2025-05-25.json
[2025-05-25T19:05:38.490+0000] {connection.py:486} INFO - Snowflake Connector for Python Version: 3.15.0, Python Version: 3.10.13, Platform: Linux-5.15.90.1-microsoft-standard-WSL2-x86_64-with-glibc2.36
[2025-05-25T19:05:38.492+0000] {connection.py:1391} INFO - Connecting to GLOBAL Snowflake domain
[2025-05-25T19:05:40.245+0000] {snowflake_upload.py:124} INFO - [INFO] running: PUT file:///tmp/tmpmhf49yku/pages_2025-05-25.json @RAW_PAGES_STAGE/2025-05-25/
[2025-05-25T19:05:40.250+0000] {snowflake_upload.py:135} INFO - [INFO] running COPY INTO RAW.pages
[2025-05-25T19:05:40.875+0000] {snowflake_upload.py:138} INFO - [✅] loaded pages for 2025-05-25
[2025-05-25T19:05:41.625+0000] {test.py:41} INFO - ✅ Completed task: Upload valid-data to Snowflake RAW
[2025-05-25T19:05:41.637+0000] {python.py:201} INFO - Done. Returned value was: None
[2025-05-25T19:05:41.715+0000] {taskinstance.py:1138} INFO - Marking task as SUCCESS. dag_id=final_marketing_data_pipeline, task_id=load_minio_to_snowflake, execution_date=20250525T162547, start_date=20250525T190515, end_date=20250525T190541
[2025-05-25T19:05:41.864+0000] {local_task_job_runner.py:234} INFO - Task exited with return code 0
[2025-05-25T19:05:41.993+0000] {taskinstance.py:3280} INFO - 1 downstream tasks scheduled from follow-on schedule check
