[2025-05-25T16:28:07.716+0000] {taskinstance.py:1956} INFO - Dependencies all met for dep_context=non-requeueable deps ti=<TaskInstance: final_marketing_data_pipeline.load_minio_to_snowflake manual__2025-05-25T16:25:47.685943+00:00 [queued]>
[2025-05-25T16:28:07.748+0000] {taskinstance.py:1956} INFO - Dependencies all met for dep_context=requeueable deps ti=<TaskInstance: final_marketing_data_pipeline.load_minio_to_snowflake manual__2025-05-25T16:25:47.685943+00:00 [queued]>
[2025-05-25T16:28:07.749+0000] {taskinstance.py:2170} INFO - Starting attempt 1 of 2
[2025-05-25T16:28:07.788+0000] {taskinstance.py:2191} INFO - Executing <Task(PythonOperator): load_minio_to_snowflake> on 2025-05-25 16:25:47.685943+00:00
[2025-05-25T16:28:07.802+0000] {standard_task_runner.py:60} INFO - Started process 16016 to run task
[2025-05-25T16:28:07.818+0000] {standard_task_runner.py:87} INFO - Running: ['***', 'tasks', 'run', 'final_marketing_data_pipeline', 'load_minio_to_snowflake', 'manual__2025-05-25T16:25:47.685943+00:00', '--job-id', '121', '--raw', '--subdir', 'DAGS_FOLDER/test.py', '--cfg-path', '/tmp/tmpdcos555j']
[2025-05-25T16:28:07.824+0000] {standard_task_runner.py:88} INFO - Job 121: Subtask load_minio_to_snowflake
[2025-05-25T16:28:08.131+0000] {task_command.py:423} INFO - Running <TaskInstance: final_marketing_data_pipeline.load_minio_to_snowflake manual__2025-05-25T16:25:47.685943+00:00 [running]> on host fe289fe396bd
[2025-05-25T16:28:08.690+0000] {taskinstance.py:2480} INFO - Exporting env vars: AIRFLOW_CTX_DAG_EMAIL='yashbhawsar872@gmail.com' AIRFLOW_CTX_DAG_OWNER='Yash' AIRFLOW_CTX_DAG_ID='final_marketing_data_pipeline' AIRFLOW_CTX_TASK_ID='load_minio_to_snowflake' AIRFLOW_CTX_EXECUTION_DATE='2025-05-25T16:25:47.685943+00:00' AIRFLOW_CTX_TRY_NUMBER='1' AIRFLOW_CTX_DAG_RUN_ID='manual__2025-05-25T16:25:47.685943+00:00'
[2025-05-25T16:28:08.708+0000] {test.py:39} INFO - ▶️ Starting task: Upload valid-data to Snowflake RAW
[2025-05-25T16:28:09.114+0000] {snowflake_upload.py:97} INFO - [⏬] downloaded valid-data/contacts/2025-05-25/contacts_2025-05-25.csv → /tmp/tmprp4wtmh8/contacts_2025-05-25.csv
[2025-05-25T16:28:09.120+0000] {connection.py:486} INFO - Snowflake Connector for Python Version: 3.15.0, Python Version: 3.10.13, Platform: Linux-5.15.90.1-microsoft-standard-WSL2-x86_64-with-glibc2.36
[2025-05-25T16:28:09.124+0000] {connection.py:1391} INFO - Connecting to GLOBAL Snowflake domain
[2025-05-25T16:28:10.215+0000] {snowflake_upload.py:107} INFO - [INFO] running: PUT file:///tmp/tmprp4wtmh8/*.csv @%contacts OVERWRITE = TRUE
[2025-05-25T16:28:12.050+0000] {snowflake_upload.py:117} INFO - [INFO] running COPY INTO RAW.contacts
[2025-05-25T16:28:13.116+0000] {snowflake_upload.py:120} INFO - [✅] loaded contacts for 2025-05-25
[2025-05-25T16:28:13.401+0000] {snowflake_upload.py:97} INFO - [⏬] downloaded valid-data/form_fills/2025-05-25/form_fills_2025-05-25.parquet → /tmp/tmp5lgzdu5c/form_fills_2025-05-25.parquet
[2025-05-25T16:28:13.406+0000] {connection.py:486} INFO - Snowflake Connector for Python Version: 3.15.0, Python Version: 3.10.13, Platform: Linux-5.15.90.1-microsoft-standard-WSL2-x86_64-with-glibc2.36
[2025-05-25T16:28:13.408+0000] {connection.py:1391} INFO - Connecting to GLOBAL Snowflake domain
[2025-05-25T16:28:13.860+0000] {snowflake_upload.py:107} INFO - [INFO] running: PUT file:///tmp/tmp5lgzdu5c/*.parquet @%form_fills OVERWRITE = TRUE
[2025-05-25T16:28:14.938+0000] {snowflake_upload.py:117} INFO - [INFO] running COPY INTO RAW.form_fills
[2025-05-25T16:28:15.742+0000] {snowflake_upload.py:120} INFO - [✅] loaded form_fills for 2025-05-25
[2025-05-25T16:28:16.061+0000] {snowflake_upload.py:97} INFO - [⏬] downloaded valid-data/website_activity/2025-05-25/website_activity_2025-05-25.json → /tmp/tmp2npus0ko/website_activity_2025-05-25.json
[2025-05-25T16:28:16.066+0000] {connection.py:486} INFO - Snowflake Connector for Python Version: 3.15.0, Python Version: 3.10.13, Platform: Linux-5.15.90.1-microsoft-standard-WSL2-x86_64-with-glibc2.36
[2025-05-25T16:28:16.067+0000] {connection.py:1391} INFO - Connecting to GLOBAL Snowflake domain
[2025-05-25T16:28:16.617+0000] {snowflake_upload.py:107} INFO - [INFO] running: PUT file:///tmp/tmp2npus0ko/*.json @%website_activity OVERWRITE = TRUE
[2025-05-25T16:28:17.714+0000] {snowflake_upload.py:117} INFO - [INFO] running COPY INTO RAW.website_activity
[2025-05-25T16:28:18.688+0000] {snowflake_upload.py:120} INFO - [✅] loaded website_activity for 2025-05-25
[2025-05-25T16:28:19.121+0000] {snowflake_upload.py:97} INFO - [⏬] downloaded valid-data/campaigns/2025-05-25/campaigns_2025-05-25.json → /tmp/tmpb_tudfxs/campaigns_2025-05-25.json
[2025-05-25T16:28:19.127+0000] {connection.py:486} INFO - Snowflake Connector for Python Version: 3.15.0, Python Version: 3.10.13, Platform: Linux-5.15.90.1-microsoft-standard-WSL2-x86_64-with-glibc2.36
[2025-05-25T16:28:19.131+0000] {connection.py:1391} INFO - Connecting to GLOBAL Snowflake domain
[2025-05-25T16:28:19.699+0000] {snowflake_upload.py:107} INFO - [INFO] running: PUT file:///tmp/tmpb_tudfxs/*.json @%campaigns OVERWRITE = TRUE
[2025-05-25T16:28:20.622+0000] {snowflake_upload.py:117} INFO - [INFO] running COPY INTO RAW.campaigns
[2025-05-25T16:28:21.419+0000] {snowflake_upload.py:120} INFO - [✅] loaded campaigns for 2025-05-25
[2025-05-25T16:28:21.729+0000] {snowflake_upload.py:97} INFO - [⏬] downloaded valid-data/forms/2025-05-25/forms_2025-05-25.json → /tmp/tmpc19k31zt/forms_2025-05-25.json
[2025-05-25T16:28:21.734+0000] {connection.py:486} INFO - Snowflake Connector for Python Version: 3.15.0, Python Version: 3.10.13, Platform: Linux-5.15.90.1-microsoft-standard-WSL2-x86_64-with-glibc2.36
[2025-05-25T16:28:21.736+0000] {connection.py:1391} INFO - Connecting to GLOBAL Snowflake domain
[2025-05-25T16:28:22.165+0000] {snowflake_upload.py:107} INFO - [INFO] running: PUT file:///tmp/tmpc19k31zt/*.json @%forms OVERWRITE = TRUE
[2025-05-25T16:28:23.014+0000] {snowflake_upload.py:117} INFO - [INFO] running COPY INTO RAW.forms
[2025-05-25T16:28:23.657+0000] {snowflake_upload.py:120} INFO - [✅] loaded forms for 2025-05-25
[2025-05-25T16:28:23.964+0000] {snowflake_upload.py:97} INFO - [⏬] downloaded valid-data/pages/2025-05-25/pages_2025-05-25.json → /tmp/tmp19_2fnjb/pages_2025-05-25.json
[2025-05-25T16:28:23.969+0000] {connection.py:486} INFO - Snowflake Connector for Python Version: 3.15.0, Python Version: 3.10.13, Platform: Linux-5.15.90.1-microsoft-standard-WSL2-x86_64-with-glibc2.36
[2025-05-25T16:28:23.971+0000] {connection.py:1391} INFO - Connecting to GLOBAL Snowflake domain
[2025-05-25T16:28:24.476+0000] {snowflake_upload.py:107} INFO - [INFO] running: PUT file:///tmp/tmp19_2fnjb/*.json @%pages OVERWRITE = TRUE
[2025-05-25T16:28:25.569+0000] {snowflake_upload.py:117} INFO - [INFO] running COPY INTO RAW.pages
[2025-05-25T16:28:26.263+0000] {snowflake_upload.py:120} INFO - [✅] loaded pages for 2025-05-25
[2025-05-25T16:28:26.491+0000] {test.py:41} INFO - ✅ Completed task: Upload valid-data to Snowflake RAW
[2025-05-25T16:28:26.494+0000] {python.py:201} INFO - Done. Returned value was: None
[2025-05-25T16:28:26.536+0000] {taskinstance.py:1138} INFO - Marking task as SUCCESS. dag_id=final_marketing_data_pipeline, task_id=load_minio_to_snowflake, execution_date=20250525T162547, start_date=20250525T162807, end_date=20250525T162826
[2025-05-25T16:28:26.604+0000] {local_task_job_runner.py:234} INFO - Task exited with return code 0
[2025-05-25T16:28:26.700+0000] {taskinstance.py:3280} INFO - 1 downstream tasks scheduled from follow-on schedule check
