[2025-05-25T19:42:03.236+0000] {taskinstance.py:1956} INFO - Dependencies all met for dep_context=non-requeueable deps ti=<TaskInstance: Marketing_Data_Pipeline.dbt_run.dbt_run_marts manual__2025-05-25T19:37:32.889912+00:00 [queued]>
[2025-05-25T19:42:03.263+0000] {taskinstance.py:1956} INFO - Dependencies all met for dep_context=requeueable deps ti=<TaskInstance: Marketing_Data_Pipeline.dbt_run.dbt_run_marts manual__2025-05-25T19:37:32.889912+00:00 [queued]>
[2025-05-25T19:42:03.264+0000] {taskinstance.py:2170} INFO - Starting attempt 1 of 2
[2025-05-25T19:42:03.309+0000] {taskinstance.py:2191} INFO - Executing <Task(PythonOperator): dbt_run.dbt_run_marts> on 2025-05-25 19:37:32.889912+00:00
[2025-05-25T19:42:03.331+0000] {standard_task_runner.py:60} INFO - Started process 20764 to run task
[2025-05-25T19:42:03.345+0000] {standard_task_runner.py:87} INFO - Running: ['***', 'tasks', 'run', 'Marketing_Data_Pipeline', 'dbt_run.dbt_run_marts', 'manual__2025-05-25T19:37:32.889912+00:00', '--job-id', '158', '--raw', '--subdir', 'DAGS_FOLDER/Marketing_Data_Pipeline.py', '--cfg-path', '/tmp/tmp36f4iya_']
[2025-05-25T19:42:03.351+0000] {standard_task_runner.py:88} INFO - Job 158: Subtask dbt_run.dbt_run_marts
[2025-05-25T19:42:03.622+0000] {task_command.py:423} INFO - Running <TaskInstance: Marketing_Data_Pipeline.dbt_run.dbt_run_marts manual__2025-05-25T19:37:32.889912+00:00 [running]> on host fe289fe396bd
[2025-05-25T19:42:04.042+0000] {taskinstance.py:2480} INFO - Exporting env vars: AIRFLOW_CTX_DAG_EMAIL='yashbhawsar872@gmail.com' AIRFLOW_CTX_DAG_OWNER='Yash' AIRFLOW_CTX_DAG_ID='Marketing_Data_Pipeline' AIRFLOW_CTX_TASK_ID='dbt_run.dbt_run_marts' AIRFLOW_CTX_EXECUTION_DATE='2025-05-25T19:37:32.889912+00:00' AIRFLOW_CTX_TRY_NUMBER='1' AIRFLOW_CTX_DAG_RUN_ID='manual__2025-05-25T19:37:32.889912+00:00'
[2025-05-25T19:42:04.046+0000] {Marketing_Data_Pipeline.py:39} INFO - ▶️ Starting task: Run mart models
[2025-05-25T19:42:04.056+0000] {utils.py:64} INFO - Running dbt command: cd /opt/dbt/marketing_pipeline && dbt run --models marts --vars '{"batch_date": "2025-05-25"}'
[2025-05-25T19:42:09.770+0000] {utils.py:73} INFO - [0m19:42:09  Running with dbt=1.9.4
[2025-05-25T19:42:12.663+0000] {utils.py:73} INFO - [0m19:42:12  Registered adapter: snowflake=1.9.4
[2025-05-25T19:42:15.745+0000] {utils.py:73} INFO - [0m19:42:15  Found 12 models, 79 data tests, 6 sources, 479 macros
[2025-05-25T19:42:15.767+0000] {utils.py:73} INFO - [0m19:42:15
[2025-05-25T19:42:15.773+0000] {utils.py:73} INFO - [0m19:42:15  Concurrency: 4 threads (target='dev')
[2025-05-25T19:42:15.778+0000] {utils.py:73} INFO - [0m19:42:15
[2025-05-25T19:42:17.790+0000] {utils.py:73} INFO - [0m19:42:17  1 of 6 START sql incremental model MART.mart_campaigns ......................... [RUN]
[2025-05-25T19:42:17.795+0000] {utils.py:73} INFO - [0m19:42:17  2 of 6 START sql incremental model MART.mart_contacts .......................... [RUN]
[2025-05-25T19:42:17.800+0000] {utils.py:73} INFO - [0m19:42:17  3 of 6 START sql incremental model MART.mart_form_fills ........................ [RUN]
[2025-05-25T19:42:17.805+0000] {utils.py:73} INFO - [0m19:42:17  4 of 6 START sql incremental model MART.mart_forms ............................. [RUN]
[2025-05-25T19:42:21.619+0000] {utils.py:73} INFO - [0m19:42:21  1 of 6 OK created sql incremental model MART.mart_campaigns .................... [[32mSUCCESS 3[0m in 3.80s]
[2025-05-25T19:42:21.659+0000] {utils.py:73} INFO - [0m19:42:21  5 of 6 START sql incremental model MART.mart_pages ............................. [RUN]
[2025-05-25T19:42:21.704+0000] {utils.py:73} INFO - [0m19:42:21  4 of 6 OK created sql incremental model MART.mart_forms ........................ [[32mSUCCESS 4[0m in 3.88s]
[2025-05-25T19:42:21.728+0000] {utils.py:73} INFO - [0m19:42:21  6 of 6 START sql incremental model MART.mart_website_activity .................. [RUN]
[2025-05-25T19:42:21.846+0000] {utils.py:73} INFO - [0m19:42:21  2 of 6 OK created sql incremental model MART.mart_contacts ..................... [[32mSUCCESS 1000[0m in 4.02s]
[2025-05-25T19:42:21.864+0000] {utils.py:73} INFO - [0m19:42:21  3 of 6 OK created sql incremental model MART.mart_form_fills ................... [[32mSUCCESS 1000[0m in 4.04s]
[2025-05-25T19:42:23.762+0000] {utils.py:73} INFO - [0m19:42:23  5 of 6 OK created sql incremental model MART.mart_pages ........................ [[32mSUCCESS 4[0m in 2.09s]
[2025-05-25T19:42:24.293+0000] {utils.py:73} INFO - [0m19:42:24  6 of 6 OK created sql incremental model MART.mart_website_activity ............. [[32mSUCCESS 1000[0m in 2.56s]
[2025-05-25T19:42:25.446+0000] {utils.py:73} INFO - [0m19:42:25
[2025-05-25T19:42:25.495+0000] {utils.py:73} INFO - [0m19:42:25  Finished running 6 incremental models in 0 hours 0 minutes and 9.66 seconds (9.66s).
[2025-05-25T19:42:27.046+0000] {utils.py:73} INFO - [0m19:42:27
[2025-05-25T19:42:27.082+0000] {utils.py:73} INFO - [0m19:42:27  [32mCompleted successfully[0m
[2025-05-25T19:42:27.105+0000] {utils.py:73} INFO - [0m19:42:27
[2025-05-25T19:42:27.125+0000] {utils.py:73} INFO - [0m19:42:27  Done. PASS=6 WARN=0 ERROR=0 SKIP=0 TOTAL=6
[2025-05-25T19:42:28.450+0000] {Marketing_Data_Pipeline.py:41} INFO - ✅ Completed task: Run mart models
[2025-05-25T19:42:28.457+0000] {python.py:201} INFO - Done. Returned value was: None
[2025-05-25T19:42:28.502+0000] {taskinstance.py:1138} INFO - Marking task as SUCCESS. dag_id=Marketing_Data_Pipeline, task_id=dbt_run.dbt_run_marts, execution_date=20250525T193732, start_date=20250525T194203, end_date=20250525T194228
[2025-05-25T19:42:28.623+0000] {local_task_job_runner.py:234} INFO - Task exited with return code 0
[2025-05-25T19:42:28.685+0000] {taskinstance.py:3280} INFO - 1 downstream tasks scheduled from follow-on schedule check
