[2025-05-27T22:23:19.516+0000] {taskinstance.py:1956} INFO - Dependencies all met for dep_context=non-requeueable deps ti=<TaskInstance: Marketing_Data_Pipeline.dbt_run.dbt_run_marts manual__2025-05-27T00:00:00+00:00 [queued]>
[2025-05-27T22:23:19.534+0000] {taskinstance.py:1956} INFO - Dependencies all met for dep_context=requeueable deps ti=<TaskInstance: Marketing_Data_Pipeline.dbt_run.dbt_run_marts manual__2025-05-27T00:00:00+00:00 [queued]>
[2025-05-27T22:23:19.535+0000] {taskinstance.py:2170} INFO - Starting attempt 1 of 2
[2025-05-27T22:23:19.559+0000] {taskinstance.py:2191} INFO - Executing <Task(PythonOperator): dbt_run.dbt_run_marts> on 2025-05-27 00:00:00+00:00
[2025-05-27T22:23:19.568+0000] {standard_task_runner.py:60} INFO - Started process 2145 to run task
[2025-05-27T22:23:19.576+0000] {standard_task_runner.py:87} INFO - Running: ['***', 'tasks', 'run', 'Marketing_Data_Pipeline', 'dbt_run.dbt_run_marts', 'manual__2025-05-27T00:00:00+00:00', '--job-id', '96', '--raw', '--subdir', 'DAGS_FOLDER/Marketing_Data_Pipeline.py', '--cfg-path', '/tmp/tmp47gqx_t9']
[2025-05-27T22:23:19.580+0000] {standard_task_runner.py:88} INFO - Job 96: Subtask dbt_run.dbt_run_marts
[2025-05-27T22:23:19.704+0000] {task_command.py:423} INFO - Running <TaskInstance: Marketing_Data_Pipeline.dbt_run.dbt_run_marts manual__2025-05-27T00:00:00+00:00 [running]> on host 485388d78c3d
[2025-05-27T22:23:19.954+0000] {taskinstance.py:2480} INFO - Exporting env vars: AIRFLOW_CTX_DAG_EMAIL='yashbhawsar872@gmail.com' AIRFLOW_CTX_DAG_OWNER='Yash' AIRFLOW_CTX_DAG_ID='Marketing_Data_Pipeline' AIRFLOW_CTX_TASK_ID='dbt_run.dbt_run_marts' AIRFLOW_CTX_EXECUTION_DATE='2025-05-27T00:00:00+00:00' AIRFLOW_CTX_TRY_NUMBER='1' AIRFLOW_CTX_DAG_RUN_ID='manual__2025-05-27T00:00:00+00:00'
[2025-05-27T22:23:19.957+0000] {Marketing_Data_Pipeline.py:39} INFO - ▶️ Starting task: Run mart models
[2025-05-27T22:23:19.960+0000] {utils.py:65} INFO - Running dbt command: cd /opt/dbt/marketing_pipeline && dbt run --models marts --vars '{"batch_date": "2025-05-27"}'
[2025-05-27T22:23:23.503+0000] {utils.py:78} INFO - [0m22:23:23  Running with dbt=1.9.4
[2025-05-27T22:23:25.626+0000] {utils.py:78} INFO - [0m22:23:25  Registered adapter: snowflake=1.9.4
[2025-05-27T22:23:29.108+0000] {utils.py:78} INFO - [0m22:23:29  Found 12 models, 70 data tests, 6 sources, 479 macros
[2025-05-27T22:23:29.120+0000] {utils.py:78} INFO - [0m22:23:29
[2025-05-27T22:23:29.126+0000] {utils.py:78} INFO - [0m22:23:29  Concurrency: 4 threads (target='dev')
[2025-05-27T22:23:29.131+0000] {utils.py:78} INFO - [0m22:23:29
[2025-05-27T22:23:31.338+0000] {utils.py:78} INFO - [0m22:23:31  1 of 6 START sql incremental model MART.mart_campaigns ......................... [RUN]
[2025-05-27T22:23:31.344+0000] {utils.py:78} INFO - [0m22:23:31  2 of 6 START sql incremental model MART.mart_contacts .......................... [RUN]
[2025-05-27T22:23:31.349+0000] {utils.py:78} INFO - [0m22:23:31  3 of 6 START sql incremental model MART.mart_form_fills ........................ [RUN]
[2025-05-27T22:23:31.355+0000] {utils.py:78} INFO - [0m22:23:31  4 of 6 START sql incremental model MART.mart_forms ............................. [RUN]
[2025-05-27T22:23:34.850+0000] {utils.py:78} INFO - [0m22:23:34  1 of 6 OK created sql incremental model MART.mart_campaigns .................... [[32mSUCCESS 3[0m in 3.47s]
[2025-05-27T22:23:34.924+0000] {utils.py:78} INFO - [0m22:23:34  5 of 6 START sql incremental model MART.mart_pages ............................. [RUN]
[2025-05-27T22:23:35.025+0000] {utils.py:78} INFO - [0m22:23:35  2 of 6 OK created sql incremental model MART.mart_contacts ..................... [[32mSUCCESS 4000[0m in 3.66s]
[2025-05-27T22:23:35.069+0000] {utils.py:78} INFO - [0m22:23:35  4 of 6 OK created sql incremental model MART.mart_forms ........................ [[32mSUCCESS 4[0m in 3.69s]
[2025-05-27T22:23:35.090+0000] {utils.py:78} INFO - [0m22:23:35  6 of 6 START sql incremental model MART.mart_website_activity .................. [RUN]
[2025-05-27T22:23:35.345+0000] {utils.py:78} INFO - [0m22:23:35  3 of 6 OK created sql incremental model MART.mart_form_fills ................... [[32mSUCCESS 4000[0m in 3.98s]
[2025-05-27T22:23:36.956+0000] {utils.py:78} INFO - [0m22:23:36  5 of 6 OK created sql incremental model MART.mart_pages ........................ [[32mSUCCESS 4[0m in 2.01s]
[2025-05-27T22:23:37.293+0000] {utils.py:78} INFO - [0m22:23:37  6 of 6 OK created sql incremental model MART.mart_website_activity ............. [[32mSUCCESS 4000[0m in 2.20s]
[2025-05-27T22:23:38.249+0000] {utils.py:78} INFO - [0m22:23:38
[2025-05-27T22:23:38.262+0000] {utils.py:78} INFO - [0m22:23:38  Finished running 6 incremental models in 0 hours 0 minutes and 9.11 seconds (9.11s).
[2025-05-27T22:23:38.538+0000] {utils.py:78} INFO - [0m22:23:38
[2025-05-27T22:23:38.548+0000] {utils.py:78} INFO - [0m22:23:38  [32mCompleted successfully[0m
[2025-05-27T22:23:38.560+0000] {utils.py:78} INFO - [0m22:23:38
[2025-05-27T22:23:38.567+0000] {utils.py:78} INFO - [0m22:23:38  Done. PASS=6 WARN=0 ERROR=0 SKIP=0 TOTAL=6
[2025-05-27T22:23:39.411+0000] {Marketing_Data_Pipeline.py:41} INFO - ✅ Completed task: Run mart models
[2025-05-27T22:23:39.415+0000] {python.py:201} INFO - Done. Returned value was: None
[2025-05-27T22:23:39.447+0000] {taskinstance.py:1138} INFO - Marking task as SUCCESS. dag_id=Marketing_Data_Pipeline, task_id=dbt_run.dbt_run_marts, execution_date=20250527T000000, start_date=20250527T222319, end_date=20250527T222339
[2025-05-27T22:23:39.543+0000] {local_task_job_runner.py:234} INFO - Task exited with return code 0
[2025-05-27T22:23:39.589+0000] {taskinstance.py:3280} INFO - 1 downstream tasks scheduled from follow-on schedule check
