[2025-05-24T18:38:32.189+0000] {taskinstance.py:1956} INFO - Dependencies all met for dep_context=non-requeueable deps ti=<TaskInstance: marketing_data_pipeline.print_metadata_log manual__2025-05-24T18:36:40.098209+00:00 [queued]>
[2025-05-24T18:38:32.236+0000] {taskinstance.py:1956} INFO - Dependencies all met for dep_context=requeueable deps ti=<TaskInstance: marketing_data_pipeline.print_metadata_log manual__2025-05-24T18:36:40.098209+00:00 [queued]>
[2025-05-24T18:38:32.237+0000] {taskinstance.py:2170} INFO - Starting attempt 1 of 2
[2025-05-24T18:38:32.332+0000] {taskinstance.py:2191} INFO - Executing <Task(PythonOperator): print_metadata_log> on 2025-05-24 18:36:40.098209+00:00
[2025-05-24T18:38:32.355+0000] {standard_task_runner.py:60} INFO - Started process 319 to run task
[2025-05-24T18:38:32.372+0000] {standard_task_runner.py:87} INFO - Running: ['***', 'tasks', 'run', 'marketing_data_pipeline', 'print_metadata_log', 'manual__2025-05-24T18:36:40.098209+00:00', '--job-id', '13', '--raw', '--subdir', 'DAGS_FOLDER/main_pipeline_dag.py', '--cfg-path', '/tmp/tmp5dxrwt2_']
[2025-05-24T18:38:32.377+0000] {standard_task_runner.py:88} INFO - Job 13: Subtask print_metadata_log
[2025-05-24T18:38:32.703+0000] {task_command.py:423} INFO - Running <TaskInstance: marketing_data_pipeline.print_metadata_log manual__2025-05-24T18:36:40.098209+00:00 [running]> on host 87457b4103d8
[2025-05-24T18:38:33.268+0000] {taskinstance.py:2480} INFO - Exporting env vars: AIRFLOW_CTX_DAG_EMAIL='yashbhawsar872@gmail.com' AIRFLOW_CTX_DAG_OWNER='Yash' AIRFLOW_CTX_DAG_ID='marketing_data_pipeline' AIRFLOW_CTX_TASK_ID='print_metadata_log' AIRFLOW_CTX_EXECUTION_DATE='2025-05-24T18:36:40.098209+00:00' AIRFLOW_CTX_TRY_NUMBER='1' AIRFLOW_CTX_DAG_RUN_ID='manual__2025-05-24T18:36:40.098209+00:00'
[2025-05-24T18:38:33.272+0000] {main_pipeline_dag.py:25} INFO - ▶️ Starting task: Print Metadata Logs
[2025-05-24T18:38:33.299+0000] {logging_mixin.py:188} INFO - 
=== File Metadata for 2025-05-24 ===
[2025-05-24T18:38:33.301+0000] {logging_mixin.py:188} INFO - file_name | dataset_type | file_date | generated_at | validated_at | uploaded_at
[2025-05-24T18:38:33.302+0000] {logging_mixin.py:188} INFO - --------------------------------------------------------------------------------
[2025-05-24T18:38:33.325+0000] {logging_mixin.py:188} INFO - form_fills_2025-05-24.parquet | form_fills | 2025-05-24 | 2025-05-24T18:37:40.422263 | 2025-05-24T18:38:04.334499 | 2025-05-24T18:38:23.730622
[2025-05-24T18:38:33.327+0000] {logging_mixin.py:188} INFO - website_activity_2025-05-24.json | website_activity | 2025-05-24 | 2025-05-24T18:37:41.667812 | 2025-05-24T18:38:01.771994 | 2025-05-24T18:38:25.981933
[2025-05-24T18:38:33.329+0000] {logging_mixin.py:188} INFO - contacts_2025-05-24.csv | contacts | 2025-05-24 | 2025-05-24T18:37:43.613023 | 2025-05-24T18:38:02.497848 | 2025-05-24T18:38:22.537968
[2025-05-24T18:38:33.333+0000] {logging_mixin.py:188} INFO - 
=== DQ Checks for 2025-05-24 ===
[2025-05-24T18:38:33.335+0000] {logging_mixin.py:188} INFO - file_name | check_name | status | details | timestamp
[2025-05-24T18:38:33.336+0000] {logging_mixin.py:188} INFO - --------------------------------------------------------------------------------
[2025-05-24T18:38:33.382+0000] {logging_mixin.py:188} INFO - contacts_2025-05-24.csv | schema_format | PASS | Got cols ['contact_id', 'first_name', 'last_name', 'email', 'phone', 'company_name', 'industry', 'job_title', 'job_level', 'lead_source', 'utm_campaign', 'utm_medium', 'utm_source', 'linkedin_url', 'employee_count', 'annual_revenue', 'status', 'created_at', 'last_modified_at'] | 2025-05-24 18:37:54
[2025-05-24T18:38:33.383+0000] {logging_mixin.py:188} INFO - website_activity_2025-05-24.json | schema_format | PASS | Got cols ['session_id', 'contact_id', 'timestamp', 'page_url', 'page_title', 'referrer_url', 'device', 'browser', 'os', 'event_type', 'campaign_params.utm_source', 'campaign_params.utm_medium', 'campaign_params.utm_campaign', 'geo_location.city', 'geo_location.country'] | 2025-05-24 18:37:55
[2025-05-24T18:38:33.384+0000] {logging_mixin.py:188} INFO - contacts_2025-05-24.csv | freshness | PASS | File date 2025-05-24 | 2025-05-24 18:37:55
[2025-05-24T18:38:33.385+0000] {logging_mixin.py:188} INFO - website_activity_2025-05-24.json | freshness | PASS | File date 2025-05-24 | 2025-05-24 18:37:56
[2025-05-24T18:38:33.386+0000] {logging_mixin.py:188} INFO - contacts_2025-05-24.csv | row_count | PASS | Count=1000, avg≈1000 | 2025-05-24 18:37:56
[2025-05-24T18:38:33.387+0000] {logging_mixin.py:188} INFO - website_activity_2025-05-24.json | row_count | PASS | Count=1000, avg≈1000 | 2025-05-24 18:37:56
[2025-05-24T18:38:33.389+0000] {logging_mixin.py:188} INFO - form_fills_2025-05-24.parquet | schema_format | PASS | Got cols ['form_id', 'contact_id', 'form_type', 'timestamp', 'referrer_url', 'user_agent', 'ip_address', 'project_budget', 'timeline', 'needs'] | 2025-05-24 18:37:57
[2025-05-24T18:38:33.390+0000] {logging_mixin.py:188} INFO - form_fills_2025-05-24.parquet | freshness | PASS | File date 2025-05-24 | 2025-05-24 18:37:59
[2025-05-24T18:38:33.391+0000] {logging_mixin.py:188} INFO - website_activity_2025-05-24.json | website_activity | PASS | in=1000, out=1000, failures=0 | 2025-05-24 18:38:01
[2025-05-24T18:38:33.392+0000] {logging_mixin.py:188} INFO - contacts_2025-05-24.csv | contacts | PASS | in=1000, out=1000, failures=0 | 2025-05-24 18:38:01
[2025-05-24T18:38:33.393+0000] {logging_mixin.py:188} INFO - form_fills_2025-05-24.parquet | row_count | PASS | Count=1000, avg≈1000 | 2025-05-24 18:38:02
[2025-05-24T18:38:33.394+0000] {logging_mixin.py:188} INFO - form_fills_2025-05-24.parquet | form_fills | PASS | in=1000, out=1000, failures=0 | 2025-05-24 18:38:04
[2025-05-24T18:38:33.399+0000] {metadata.py:251} INFO - 🖨️ Metadata printed for 2025-05-24
[2025-05-24T18:38:33.415+0000] {main_pipeline_dag.py:27} INFO - ✅ Completed task: Print Metadata Logs
[2025-05-24T18:38:33.422+0000] {python.py:201} INFO - Done. Returned value was: None
[2025-05-24T18:38:33.497+0000] {taskinstance.py:1138} INFO - Marking task as SUCCESS. dag_id=marketing_data_pipeline, task_id=print_metadata_log, execution_date=20250524T183640, start_date=20250524T183832, end_date=20250524T183833
[2025-05-24T18:38:33.600+0000] {local_task_job_runner.py:234} INFO - Task exited with return code 0
[2025-05-24T18:38:33.704+0000] {taskinstance.py:3280} INFO - 0 downstream tasks scheduled from follow-on schedule check
