[2025-05-27T22:18:54.018+0000] {taskinstance.py:1956} INFO - Dependencies all met for dep_context=non-requeueable deps ti=<TaskInstance: Marketing_Data_Pipeline.dbt_run.dbt_run_marts manual__2025-05-26T00:00:00+00:00 [queued]>
[2025-05-27T22:18:54.050+0000] {taskinstance.py:1956} INFO - Dependencies all met for dep_context=requeueable deps ti=<TaskInstance: Marketing_Data_Pipeline.dbt_run.dbt_run_marts manual__2025-05-26T00:00:00+00:00 [queued]>
[2025-05-27T22:18:54.054+0000] {taskinstance.py:2170} INFO - Starting attempt 1 of 2
[2025-05-27T22:18:54.098+0000] {taskinstance.py:2191} INFO - Executing <Task(PythonOperator): dbt_run.dbt_run_marts> on 2025-05-26 00:00:00+00:00
[2025-05-27T22:18:54.112+0000] {standard_task_runner.py:60} INFO - Started process 1880 to run task
[2025-05-27T22:18:54.125+0000] {standard_task_runner.py:87} INFO - Running: ['***', 'tasks', 'run', 'Marketing_Data_Pipeline', 'dbt_run.dbt_run_marts', 'manual__2025-05-26T00:00:00+00:00', '--job-id', '75', '--raw', '--subdir', 'DAGS_FOLDER/Marketing_Data_Pipeline.py', '--cfg-path', '/tmp/tmp15v78nnr']
[2025-05-27T22:18:54.132+0000] {standard_task_runner.py:88} INFO - Job 75: Subtask dbt_run.dbt_run_marts
[2025-05-27T22:18:54.351+0000] {task_command.py:423} INFO - Running <TaskInstance: Marketing_Data_Pipeline.dbt_run.dbt_run_marts manual__2025-05-26T00:00:00+00:00 [running]> on host 485388d78c3d
[2025-05-27T22:18:54.813+0000] {taskinstance.py:2480} INFO - Exporting env vars: AIRFLOW_CTX_DAG_EMAIL='yashbhawsar872@gmail.com' AIRFLOW_CTX_DAG_OWNER='Yash' AIRFLOW_CTX_DAG_ID='Marketing_Data_Pipeline' AIRFLOW_CTX_TASK_ID='dbt_run.dbt_run_marts' AIRFLOW_CTX_EXECUTION_DATE='2025-05-26T00:00:00+00:00' AIRFLOW_CTX_TRY_NUMBER='1' AIRFLOW_CTX_DAG_RUN_ID='manual__2025-05-26T00:00:00+00:00'
[2025-05-27T22:18:54.817+0000] {Marketing_Data_Pipeline.py:39} INFO - ▶️ Starting task: Run mart models
[2025-05-27T22:18:54.825+0000] {utils.py:65} INFO - Running dbt command: cd /opt/dbt/marketing_pipeline && dbt run --models marts --vars '{"batch_date": "2025-05-26"}'
[2025-05-27T22:18:59.198+0000] {utils.py:78} INFO - [0m22:18:59  Running with dbt=1.9.4
[2025-05-27T22:19:00.991+0000] {utils.py:78} INFO - [0m22:19:00  Registered adapter: snowflake=1.9.4
[2025-05-27T22:19:03.684+0000] {utils.py:78} INFO - [0m22:19:03  Found 12 models, 70 data tests, 6 sources, 479 macros
[2025-05-27T22:19:03.702+0000] {utils.py:78} INFO - [0m22:19:03
[2025-05-27T22:19:03.729+0000] {utils.py:78} INFO - [0m22:19:03  Concurrency: 4 threads (target='dev')
[2025-05-27T22:19:03.734+0000] {utils.py:78} INFO - [0m22:19:03
[2025-05-27T22:19:05.735+0000] {utils.py:78} INFO - [0m22:19:05  1 of 6 START sql incremental model MART.mart_campaigns ......................... [RUN]
[2025-05-27T22:19:05.741+0000] {utils.py:78} INFO - [0m22:19:05  2 of 6 START sql incremental model MART.mart_contacts .......................... [RUN]
[2025-05-27T22:19:05.748+0000] {utils.py:78} INFO - [0m22:19:05  3 of 6 START sql incremental model MART.mart_form_fills ........................ [RUN]
[2025-05-27T22:19:05.755+0000] {utils.py:78} INFO - [0m22:19:05  4 of 6 START sql incremental model MART.mart_forms ............................. [RUN]
[2025-05-27T22:19:09.148+0000] {utils.py:78} INFO - [0m22:19:09  1 of 6 OK created sql incremental model MART.mart_campaigns .................... [[32mSUCCESS 3[0m in 3.38s]
[2025-05-27T22:19:09.163+0000] {utils.py:78} INFO - [0m22:19:09  5 of 6 START sql incremental model MART.mart_pages ............................. [RUN]
[2025-05-27T22:19:09.226+0000] {utils.py:78} INFO - [0m22:19:09  2 of 6 OK created sql incremental model MART.mart_contacts ..................... [[32mSUCCESS 3000[0m in 3.46s]
[2025-05-27T22:19:09.280+0000] {utils.py:78} INFO - [0m22:19:09  6 of 6 START sql incremental model MART.mart_website_activity .................. [RUN]
[2025-05-27T22:19:09.544+0000] {utils.py:78} INFO - [0m22:19:09  4 of 6 OK created sql incremental model MART.mart_forms ........................ [[32mSUCCESS 4[0m in 3.77s]
[2025-05-27T22:19:09.625+0000] {utils.py:78} INFO - [0m22:19:09  3 of 6 OK created sql incremental model MART.mart_form_fills ................... [[32mSUCCESS 3000[0m in 3.86s]
[2025-05-27T22:19:11.262+0000] {utils.py:78} INFO - [0m22:19:11  5 of 6 OK created sql incremental model MART.mart_pages ........................ [[32mSUCCESS 4[0m in 2.09s]
[2025-05-27T22:19:11.631+0000] {utils.py:78} INFO - [0m22:19:11  6 of 6 OK created sql incremental model MART.mart_website_activity ............. [[32mSUCCESS 3000[0m in 2.33s]
[2025-05-27T22:19:12.525+0000] {utils.py:78} INFO - [0m22:19:12
[2025-05-27T22:19:12.530+0000] {utils.py:78} INFO - [0m22:19:12  Finished running 6 incremental models in 0 hours 0 minutes and 8.79 seconds (8.79s).
[2025-05-27T22:19:12.826+0000] {utils.py:78} INFO - [0m22:19:12
[2025-05-27T22:19:12.831+0000] {utils.py:78} INFO - [0m22:19:12  [32mCompleted successfully[0m
[2025-05-27T22:19:12.840+0000] {utils.py:78} INFO - [0m22:19:12
[2025-05-27T22:19:12.846+0000] {utils.py:78} INFO - [0m22:19:12  Done. PASS=6 WARN=0 ERROR=0 SKIP=0 TOTAL=6
[2025-05-27T22:19:13.637+0000] {Marketing_Data_Pipeline.py:41} INFO - ✅ Completed task: Run mart models
[2025-05-27T22:19:13.642+0000] {python.py:201} INFO - Done. Returned value was: None
[2025-05-27T22:19:13.679+0000] {taskinstance.py:1138} INFO - Marking task as SUCCESS. dag_id=Marketing_Data_Pipeline, task_id=dbt_run.dbt_run_marts, execution_date=20250526T000000, start_date=20250527T221854, end_date=20250527T221913
[2025-05-27T22:19:13.726+0000] {local_task_job_runner.py:234} INFO - Task exited with return code 0
[2025-05-27T22:19:13.772+0000] {taskinstance.py:3280} INFO - 1 downstream tasks scheduled from follow-on schedule check
