[2025-05-27T21:29:47.523+0000] {taskinstance.py:1956} INFO - Dependencies all met for dep_context=non-requeueable deps ti=<TaskInstance: Marketing_Data_Pipeline.dbt_run.dbt_run_staging scheduled__2025-05-24T00:00:00+00:00 [queued]>
[2025-05-27T21:29:47.552+0000] {taskinstance.py:1956} INFO - Dependencies all met for dep_context=requeueable deps ti=<TaskInstance: Marketing_Data_Pipeline.dbt_run.dbt_run_staging scheduled__2025-05-24T00:00:00+00:00 [queued]>
[2025-05-27T21:29:47.554+0000] {taskinstance.py:2170} INFO - Starting attempt 1 of 2
[2025-05-27T21:29:47.587+0000] {taskinstance.py:2191} INFO - Executing <Task(PythonOperator): dbt_run.dbt_run_staging> on 2025-05-24 00:00:00+00:00
[2025-05-27T21:29:47.597+0000] {standard_task_runner.py:60} INFO - Started process 521 to run task
[2025-05-27T21:29:47.603+0000] {standard_task_runner.py:87} INFO - Running: ['***', 'tasks', 'run', 'Marketing_Data_Pipeline', 'dbt_run.dbt_run_staging', 'scheduled__2025-05-24T00:00:00+00:00', '--job-id', '28', '--raw', '--subdir', 'DAGS_FOLDER/Marketing_Data_Pipeline.py', '--cfg-path', '/tmp/tmpromdomm0']
[2025-05-27T21:29:47.608+0000] {standard_task_runner.py:88} INFO - Job 28: Subtask dbt_run.dbt_run_staging
[2025-05-27T21:29:47.724+0000] {task_command.py:423} INFO - Running <TaskInstance: Marketing_Data_Pipeline.dbt_run.dbt_run_staging scheduled__2025-05-24T00:00:00+00:00 [running]> on host 485388d78c3d
[2025-05-27T21:29:47.925+0000] {taskinstance.py:2480} INFO - Exporting env vars: AIRFLOW_CTX_DAG_EMAIL='yashbhawsar872@gmail.com' AIRFLOW_CTX_DAG_OWNER='Yash' AIRFLOW_CTX_DAG_ID='Marketing_Data_Pipeline' AIRFLOW_CTX_TASK_ID='dbt_run.dbt_run_staging' AIRFLOW_CTX_EXECUTION_DATE='2025-05-24T00:00:00+00:00' AIRFLOW_CTX_TRY_NUMBER='1' AIRFLOW_CTX_DAG_RUN_ID='scheduled__2025-05-24T00:00:00+00:00'
[2025-05-27T21:29:47.928+0000] {Marketing_Data_Pipeline.py:39} INFO - ▶️ Starting task: Run staging models
[2025-05-27T21:29:47.931+0000] {utils.py:65} INFO - Running dbt command: cd /opt/dbt/marketing_pipeline && dbt run --models staging --vars '{"batch_date": "2025-05-24"}'
[2025-05-27T21:29:57.255+0000] {utils.py:78} INFO - [0m21:29:57  Running with dbt=1.9.4
[2025-05-27T21:30:01.784+0000] {utils.py:78} INFO - [0m21:30:01  Registered adapter: snowflake=1.9.4
[2025-05-27T21:30:02.996+0000] {utils.py:78} INFO - [0m21:30:02  Unable to do partial parsing because config vars, config profile, or config target have changed
[2025-05-27T21:30:20.441+0000] {utils.py:78} INFO - [0m21:30:20  Found 12 models, 70 data tests, 6 sources, 479 macros
[2025-05-27T21:30:20.466+0000] {utils.py:78} INFO - [0m21:30:20
[2025-05-27T21:30:20.478+0000] {utils.py:78} INFO - [0m21:30:20  Concurrency: 4 threads (target='dev')
[2025-05-27T21:30:20.496+0000] {utils.py:78} INFO - [0m21:30:20
[2025-05-27T21:30:23.498+0000] {utils.py:78} INFO - [0m21:30:23  1 of 6 START sql incremental model STG.stg_campaigns ........................... [RUN]
[2025-05-27T21:30:23.508+0000] {utils.py:78} INFO - [0m21:30:23  2 of 6 START sql incremental model STG.stg_contacts ............................ [RUN]
[2025-05-27T21:30:23.515+0000] {utils.py:78} INFO - [0m21:30:23  3 of 6 START sql incremental model STG.stg_form_fills .......................... [RUN]
[2025-05-27T21:30:23.523+0000] {utils.py:78} INFO - [0m21:30:23  4 of 6 START sql incremental model STG.stg_forms ............................... [RUN]
[2025-05-27T21:30:26.601+0000] {utils.py:78} INFO - [0m21:30:26  2 of 6 OK created sql incremental model STG.stg_contacts ....................... [[32mSUCCESS 1[0m in 3.06s]
[2025-05-27T21:30:26.612+0000] {utils.py:78} INFO - [0m21:30:26  1 of 6 OK created sql incremental model STG.stg_campaigns ...................... [[32mSUCCESS 1[0m in 3.07s]
[2025-05-27T21:30:26.712+0000] {utils.py:78} INFO - [0m21:30:26  5 of 6 START sql incremental model STG.stg_pages ............................... [RUN]
[2025-05-27T21:30:26.743+0000] {utils.py:78} INFO - [0m21:30:26  6 of 6 START sql incremental model STG.stg_website_activity .................... [RUN]
[2025-05-27T21:30:26.906+0000] {utils.py:78} INFO - [0m21:30:26  4 of 6 OK created sql incremental model STG.stg_forms .......................... [[32mSUCCESS 1[0m in 3.36s]
[2025-05-27T21:30:26.939+0000] {utils.py:78} INFO - [0m21:30:26  3 of 6 OK created sql incremental model STG.stg_form_fills ..................... [[32mSUCCESS 1[0m in 3.40s]
[2025-05-27T21:30:27.739+0000] {utils.py:78} INFO - [0m21:30:27  6 of 6 OK created sql incremental model STG.stg_website_activity ............... [[32mSUCCESS 1[0m in 0.97s]
[2025-05-27T21:30:27.782+0000] {utils.py:78} INFO - [0m21:30:27  5 of 6 OK created sql incremental model STG.stg_pages .......................... [[32mSUCCESS 1[0m in 1.03s]
[2025-05-27T21:30:28.655+0000] {utils.py:78} INFO - [0m21:30:28
[2025-05-27T21:30:28.660+0000] {utils.py:78} INFO - [0m21:30:28  Finished running 6 incremental models in 0 hours 0 minutes and 8.15 seconds (8.15s).
[2025-05-27T21:30:29.199+0000] {utils.py:78} INFO - [0m21:30:29
[2025-05-27T21:30:29.219+0000] {utils.py:78} INFO - [0m21:30:29  [32mCompleted successfully[0m
[2025-05-27T21:30:29.238+0000] {utils.py:78} INFO - [0m21:30:29
[2025-05-27T21:30:29.252+0000] {utils.py:78} INFO - [0m21:30:29  Done. PASS=6 WARN=0 ERROR=0 SKIP=0 TOTAL=6
[2025-05-27T21:30:30.525+0000] {Marketing_Data_Pipeline.py:41} INFO - ✅ Completed task: Run staging models
[2025-05-27T21:30:30.531+0000] {python.py:201} INFO - Done. Returned value was: None
[2025-05-27T21:30:30.589+0000] {taskinstance.py:1138} INFO - Marking task as SUCCESS. dag_id=Marketing_Data_Pipeline, task_id=dbt_run.dbt_run_staging, execution_date=20250524T000000, start_date=20250527T212947, end_date=20250527T213030
[2025-05-27T21:30:30.706+0000] {local_task_job_runner.py:234} INFO - Task exited with return code 0
[2025-05-27T21:30:30.840+0000] {taskinstance.py:3280} INFO - 0 downstream tasks scheduled from follow-on schedule check
