[2025-05-27T22:12:44.754+0000] {taskinstance.py:1956} INFO - Dependencies all met for dep_context=non-requeueable deps ti=<TaskInstance: Marketing_Data_Pipeline.load_minio_to_snowflake manual__2025-05-25T00:00:00+00:00 [queued]>
[2025-05-27T22:12:44.799+0000] {taskinstance.py:1956} INFO - Dependencies all met for dep_context=requeueable deps ti=<TaskInstance: Marketing_Data_Pipeline.load_minio_to_snowflake manual__2025-05-25T00:00:00+00:00 [queued]>
[2025-05-27T22:12:44.800+0000] {taskinstance.py:2170} INFO - Starting attempt 1 of 2
[2025-05-27T22:12:44.842+0000] {taskinstance.py:2191} INFO - Executing <Task(PythonOperator): load_minio_to_snowflake> on 2025-05-25 00:00:00+00:00
[2025-05-27T22:12:44.878+0000] {standard_task_runner.py:60} INFO - Started process 1554 to run task
[2025-05-27T22:12:44.895+0000] {standard_task_runner.py:87} INFO - Running: ['***', 'tasks', 'run', 'Marketing_Data_Pipeline', 'load_minio_to_snowflake', 'manual__2025-05-25T00:00:00+00:00', '--job-id', '52', '--raw', '--subdir', 'DAGS_FOLDER/Marketing_Data_Pipeline.py', '--cfg-path', '/tmp/tmp3gqtwsko']
[2025-05-27T22:12:44.908+0000] {standard_task_runner.py:88} INFO - Job 52: Subtask load_minio_to_snowflake
[2025-05-27T22:12:45.181+0000] {task_command.py:423} INFO - Running <TaskInstance: Marketing_Data_Pipeline.load_minio_to_snowflake manual__2025-05-25T00:00:00+00:00 [running]> on host 485388d78c3d
[2025-05-27T22:12:45.588+0000] {taskinstance.py:2480} INFO - Exporting env vars: AIRFLOW_CTX_DAG_EMAIL='yashbhawsar872@gmail.com' AIRFLOW_CTX_DAG_OWNER='Yash' AIRFLOW_CTX_DAG_ID='Marketing_Data_Pipeline' AIRFLOW_CTX_TASK_ID='load_minio_to_snowflake' AIRFLOW_CTX_EXECUTION_DATE='2025-05-25T00:00:00+00:00' AIRFLOW_CTX_TRY_NUMBER='1' AIRFLOW_CTX_DAG_RUN_ID='manual__2025-05-25T00:00:00+00:00'
[2025-05-27T22:12:45.591+0000] {Marketing_Data_Pipeline.py:39} INFO - ▶️ Starting task: Upload valid-data to Snowflake RAW
[2025-05-27T22:12:46.231+0000] {snowflake_upload.py:103} INFO - [⏬] downloaded valid-data/contacts/2025-05-25/contacts_2025-05-25.csv → /tmp/tmpng77p_p1/contacts_2025-05-25.csv
[2025-05-27T22:12:46.241+0000] {connection.py:486} INFO - Snowflake Connector for Python Version: 3.15.0, Python Version: 3.10.13, Platform: Linux-5.15.90.1-microsoft-standard-WSL2-x86_64-with-glibc2.36
[2025-05-27T22:12:46.247+0000] {connection.py:1391} INFO - Connecting to GLOBAL Snowflake domain
[2025-05-27T22:12:57.785+0000] {snowflake_upload.py:124} INFO - [INFO] running: PUT file:///tmp/tmpng77p_p1/contacts_2025-05-25.csv @RAW_CONTACTS_STAGE/2025-05-25/
[2025-05-27T22:12:57.789+0000] {snowflake_upload.py:135} INFO - [INFO] running COPY INTO RAW.contacts
[2025-05-27T22:12:58.963+0000] {snowflake_upload.py:138} INFO - [✅] loaded contacts for 2025-05-25
[2025-05-27T22:12:59.372+0000] {snowflake_upload.py:103} INFO - [⏬] downloaded valid-data/form_fills/2025-05-25/form_fills_2025-05-25.parquet → /tmp/tmp_zgug3q8/form_fills_2025-05-25.parquet
[2025-05-27T22:12:59.378+0000] {connection.py:486} INFO - Snowflake Connector for Python Version: 3.15.0, Python Version: 3.10.13, Platform: Linux-5.15.90.1-microsoft-standard-WSL2-x86_64-with-glibc2.36
[2025-05-27T22:12:59.380+0000] {connection.py:1391} INFO - Connecting to GLOBAL Snowflake domain
[2025-05-27T22:13:01.093+0000] {snowflake_upload.py:124} INFO - [INFO] running: PUT file:///tmp/tmp_zgug3q8/form_fills_2025-05-25.parquet @RAW_FORM_FILLS_STAGE/2025-05-25/
[2025-05-27T22:13:01.098+0000] {snowflake_upload.py:135} INFO - [INFO] running COPY INTO RAW.form_fills
[2025-05-27T22:13:02.026+0000] {snowflake_upload.py:138} INFO - [✅] loaded form_fills for 2025-05-25
[2025-05-27T22:13:02.787+0000] {snowflake_upload.py:103} INFO - [⏬] downloaded valid-data/website_activity/2025-05-25/website_activity_2025-05-25.json → /tmp/tmpr6ecv9k5/website_activity_2025-05-25.json
[2025-05-27T22:13:02.830+0000] {connection.py:486} INFO - Snowflake Connector for Python Version: 3.15.0, Python Version: 3.10.13, Platform: Linux-5.15.90.1-microsoft-standard-WSL2-x86_64-with-glibc2.36
[2025-05-27T22:13:02.832+0000] {connection.py:1391} INFO - Connecting to GLOBAL Snowflake domain
[2025-05-27T22:13:04.982+0000] {snowflake_upload.py:124} INFO - [INFO] running: PUT file:///tmp/tmpr6ecv9k5/website_activity_2025-05-25.json @RAW_WEBSITE_ACTIVITY_STAGE/2025-05-25/
[2025-05-27T22:13:04.987+0000] {snowflake_upload.py:135} INFO - [INFO] running COPY INTO RAW.website_activity
[2025-05-27T22:13:05.949+0000] {snowflake_upload.py:138} INFO - [✅] loaded website_activity for 2025-05-25
[2025-05-27T22:13:06.401+0000] {snowflake_upload.py:103} INFO - [⏬] downloaded valid-data/campaigns/2025-05-25/campaigns_2025-05-25.json → /tmp/tmpf7t_5idw/campaigns_2025-05-25.json
[2025-05-27T22:13:06.406+0000] {connection.py:486} INFO - Snowflake Connector for Python Version: 3.15.0, Python Version: 3.10.13, Platform: Linux-5.15.90.1-microsoft-standard-WSL2-x86_64-with-glibc2.36
[2025-05-27T22:13:06.409+0000] {connection.py:1391} INFO - Connecting to GLOBAL Snowflake domain
[2025-05-27T22:13:07.858+0000] {snowflake_upload.py:124} INFO - [INFO] running: PUT file:///tmp/tmpf7t_5idw/campaigns_2025-05-25.json @RAW_CAMPAIGNS_STAGE/2025-05-25/
[2025-05-27T22:13:07.863+0000] {snowflake_upload.py:135} INFO - [INFO] running COPY INTO RAW.campaigns
[2025-05-27T22:13:08.435+0000] {snowflake_upload.py:138} INFO - [✅] loaded campaigns for 2025-05-25
[2025-05-27T22:13:08.721+0000] {snowflake_upload.py:103} INFO - [⏬] downloaded valid-data/forms/2025-05-25/forms_2025-05-25.json → /tmp/tmp9o35_ryb/forms_2025-05-25.json
[2025-05-27T22:13:08.726+0000] {connection.py:486} INFO - Snowflake Connector for Python Version: 3.15.0, Python Version: 3.10.13, Platform: Linux-5.15.90.1-microsoft-standard-WSL2-x86_64-with-glibc2.36
[2025-05-27T22:13:08.728+0000] {connection.py:1391} INFO - Connecting to GLOBAL Snowflake domain
[2025-05-27T22:13:10.071+0000] {snowflake_upload.py:124} INFO - [INFO] running: PUT file:///tmp/tmp9o35_ryb/forms_2025-05-25.json @RAW_FORMS_STAGE/2025-05-25/
[2025-05-27T22:13:10.075+0000] {snowflake_upload.py:135} INFO - [INFO] running COPY INTO RAW.forms
[2025-05-27T22:13:10.688+0000] {snowflake_upload.py:138} INFO - [✅] loaded forms for 2025-05-25
[2025-05-27T22:13:11.006+0000] {snowflake_upload.py:103} INFO - [⏬] downloaded valid-data/pages/2025-05-25/pages_2025-05-25.json → /tmp/tmpa6ziaotz/pages_2025-05-25.json
[2025-05-27T22:13:11.010+0000] {connection.py:486} INFO - Snowflake Connector for Python Version: 3.15.0, Python Version: 3.10.13, Platform: Linux-5.15.90.1-microsoft-standard-WSL2-x86_64-with-glibc2.36
[2025-05-27T22:13:11.011+0000] {connection.py:1391} INFO - Connecting to GLOBAL Snowflake domain
[2025-05-27T22:13:12.364+0000] {snowflake_upload.py:124} INFO - [INFO] running: PUT file:///tmp/tmpa6ziaotz/pages_2025-05-25.json @RAW_PAGES_STAGE/2025-05-25/
[2025-05-27T22:13:12.370+0000] {snowflake_upload.py:135} INFO - [INFO] running COPY INTO RAW.pages
[2025-05-27T22:13:13.011+0000] {snowflake_upload.py:138} INFO - [✅] loaded pages for 2025-05-25
[2025-05-27T22:13:13.223+0000] {Marketing_Data_Pipeline.py:41} INFO - ✅ Completed task: Upload valid-data to Snowflake RAW
[2025-05-27T22:13:13.228+0000] {python.py:201} INFO - Done. Returned value was: None
[2025-05-27T22:13:13.264+0000] {taskinstance.py:1138} INFO - Marking task as SUCCESS. dag_id=Marketing_Data_Pipeline, task_id=load_minio_to_snowflake, execution_date=20250525T000000, start_date=20250527T221244, end_date=20250527T221313
[2025-05-27T22:13:13.360+0000] {local_task_job_runner.py:234} INFO - Task exited with return code 0
[2025-05-27T22:13:13.552+0000] {taskinstance.py:3280} INFO - 1 downstream tasks scheduled from follow-on schedule check
