[2025-05-27T22:22:48.644+0000] {taskinstance.py:1956} INFO - Dependencies all met for dep_context=non-requeueable deps ti=<TaskInstance: Marketing_Data_Pipeline.dbt_run.dbt_run_staging manual__2025-05-27T00:00:00+00:00 [queued]>
[2025-05-27T22:22:48.666+0000] {taskinstance.py:1956} INFO - Dependencies all met for dep_context=requeueable deps ti=<TaskInstance: Marketing_Data_Pipeline.dbt_run.dbt_run_staging manual__2025-05-27T00:00:00+00:00 [queued]>
[2025-05-27T22:22:48.668+0000] {taskinstance.py:2170} INFO - Starting attempt 1 of 2
[2025-05-27T22:22:48.693+0000] {taskinstance.py:2191} INFO - Executing <Task(PythonOperator): dbt_run.dbt_run_staging> on 2025-05-27 00:00:00+00:00
[2025-05-27T22:22:48.706+0000] {standard_task_runner.py:60} INFO - Started process 2105 to run task
[2025-05-27T22:22:48.716+0000] {standard_task_runner.py:87} INFO - Running: ['***', 'tasks', 'run', 'Marketing_Data_Pipeline', 'dbt_run.dbt_run_staging', 'manual__2025-05-27T00:00:00+00:00', '--job-id', '95', '--raw', '--subdir', 'DAGS_FOLDER/Marketing_Data_Pipeline.py', '--cfg-path', '/tmp/tmpc7amq3a3']
[2025-05-27T22:22:48.720+0000] {standard_task_runner.py:88} INFO - Job 95: Subtask dbt_run.dbt_run_staging
[2025-05-27T22:22:48.853+0000] {task_command.py:423} INFO - Running <TaskInstance: Marketing_Data_Pipeline.dbt_run.dbt_run_staging manual__2025-05-27T00:00:00+00:00 [running]> on host 485388d78c3d
[2025-05-27T22:22:49.081+0000] {taskinstance.py:2480} INFO - Exporting env vars: AIRFLOW_CTX_DAG_EMAIL='yashbhawsar872@gmail.com' AIRFLOW_CTX_DAG_OWNER='Yash' AIRFLOW_CTX_DAG_ID='Marketing_Data_Pipeline' AIRFLOW_CTX_TASK_ID='dbt_run.dbt_run_staging' AIRFLOW_CTX_EXECUTION_DATE='2025-05-27T00:00:00+00:00' AIRFLOW_CTX_TRY_NUMBER='1' AIRFLOW_CTX_DAG_RUN_ID='manual__2025-05-27T00:00:00+00:00'
[2025-05-27T22:22:49.084+0000] {Marketing_Data_Pipeline.py:39} INFO - ▶️ Starting task: Run staging models
[2025-05-27T22:22:49.090+0000] {utils.py:65} INFO - Running dbt command: cd /opt/dbt/marketing_pipeline && dbt run --models staging --vars '{"batch_date": "2025-05-27"}'
[2025-05-27T22:22:53.024+0000] {utils.py:78} INFO - [0m22:22:53  Running with dbt=1.9.4
[2025-05-27T22:22:55.721+0000] {utils.py:78} INFO - [0m22:22:55  Registered adapter: snowflake=1.9.4
[2025-05-27T22:22:56.676+0000] {utils.py:78} INFO - [0m22:22:56  Unable to do partial parsing because config vars, config profile, or config target have changed
[2025-05-27T22:23:04.142+0000] {utils.py:78} INFO - [0m22:23:04  Found 12 models, 70 data tests, 6 sources, 479 macros
[2025-05-27T22:23:04.175+0000] {utils.py:78} INFO - [0m22:23:04
[2025-05-27T22:23:04.194+0000] {utils.py:78} INFO - [0m22:23:04  Concurrency: 4 threads (target='dev')
[2025-05-27T22:23:04.205+0000] {utils.py:78} INFO - [0m22:23:04
[2025-05-27T22:23:06.711+0000] {utils.py:78} INFO - [0m22:23:06  1 of 6 START sql incremental model STG.stg_campaigns ........................... [RUN]
[2025-05-27T22:23:06.717+0000] {utils.py:78} INFO - [0m22:23:06  2 of 6 START sql incremental model STG.stg_contacts ............................ [RUN]
[2025-05-27T22:23:06.725+0000] {utils.py:78} INFO - [0m22:23:06  3 of 6 START sql incremental model STG.stg_form_fills .......................... [RUN]
[2025-05-27T22:23:06.732+0000] {utils.py:78} INFO - [0m22:23:06  4 of 6 START sql incremental model STG.stg_forms ............................... [RUN]
[2025-05-27T22:23:11.048+0000] {utils.py:78} INFO - [0m22:23:11  1 of 6 OK created sql incremental model STG.stg_campaigns ...................... [[32mSUCCESS 3[0m in 4.30s]
[2025-05-27T22:23:11.057+0000] {utils.py:78} INFO - [0m22:23:11  4 of 6 OK created sql incremental model STG.stg_forms .......................... [[32mSUCCESS 4[0m in 4.28s]
[2025-05-27T22:23:11.065+0000] {utils.py:78} INFO - [0m22:23:11  2 of 6 OK created sql incremental model STG.stg_contacts ....................... [[32mSUCCESS 1000[0m in 4.31s]
[2025-05-27T22:23:11.107+0000] {utils.py:78} INFO - [0m22:23:11  5 of 6 START sql incremental model STG.stg_pages ............................... [RUN]
[2025-05-27T22:23:11.125+0000] {utils.py:78} INFO - [0m22:23:11  3 of 6 OK created sql incremental model STG.stg_form_fills ..................... [[32mSUCCESS 1000[0m in 4.37s]
[2025-05-27T22:23:11.131+0000] {utils.py:78} INFO - [0m22:23:11  6 of 6 START sql incremental model STG.stg_website_activity .................... [RUN]
[2025-05-27T22:23:13.305+0000] {utils.py:78} INFO - [0m22:23:13  5 of 6 OK created sql incremental model STG.stg_pages .......................... [[32mSUCCESS 4[0m in 2.17s]
[2025-05-27T22:23:14.093+0000] {utils.py:78} INFO - [0m22:23:14  6 of 6 OK created sql incremental model STG.stg_website_activity ............... [[32mSUCCESS 1000[0m in 2.95s]
[2025-05-27T22:23:14.989+0000] {utils.py:78} INFO - [0m22:23:14
[2025-05-27T22:23:14.995+0000] {utils.py:78} INFO - [0m22:23:14  Finished running 6 incremental models in 0 hours 0 minutes and 10.78 seconds (10.78s).
[2025-05-27T22:23:15.212+0000] {utils.py:78} INFO - [0m22:23:15
[2025-05-27T22:23:15.217+0000] {utils.py:78} INFO - [0m22:23:15  [32mCompleted successfully[0m
[2025-05-27T22:23:15.223+0000] {utils.py:78} INFO - [0m22:23:15
[2025-05-27T22:23:15.229+0000] {utils.py:78} INFO - [0m22:23:15  Done. PASS=6 WARN=0 ERROR=0 SKIP=0 TOTAL=6
[2025-05-27T22:23:16.067+0000] {Marketing_Data_Pipeline.py:41} INFO - ✅ Completed task: Run staging models
[2025-05-27T22:23:16.072+0000] {python.py:201} INFO - Done. Returned value was: None
[2025-05-27T22:23:16.101+0000] {taskinstance.py:1138} INFO - Marking task as SUCCESS. dag_id=Marketing_Data_Pipeline, task_id=dbt_run.dbt_run_staging, execution_date=20250527T000000, start_date=20250527T222248, end_date=20250527T222316
[2025-05-27T22:23:16.159+0000] {local_task_job_runner.py:234} INFO - Task exited with return code 0
[2025-05-27T22:23:16.218+0000] {taskinstance.py:3280} INFO - 1 downstream tasks scheduled from follow-on schedule check
