[2025-05-25T06:10:18.790+0000] {taskinstance.py:1956} INFO - Dependencies all met for dep_context=non-requeueable deps ti=<TaskInstance: marketing_data_pipeline.load_minio_to_snowflake manual__2025-05-25T06:08:57.168556+00:00 [queued]>
[2025-05-25T06:10:18.818+0000] {taskinstance.py:1956} INFO - Dependencies all met for dep_context=requeueable deps ti=<TaskInstance: marketing_data_pipeline.load_minio_to_snowflake manual__2025-05-25T06:08:57.168556+00:00 [queued]>
[2025-05-25T06:10:18.819+0000] {taskinstance.py:2170} INFO - Starting attempt 1 of 2
[2025-05-25T06:10:18.848+0000] {taskinstance.py:2191} INFO - Executing <Task(PythonOperator): load_minio_to_snowflake> on 2025-05-25 06:08:57.168556+00:00
[2025-05-25T06:10:18.862+0000] {standard_task_runner.py:60} INFO - Started process 454 to run task
[2025-05-25T06:10:18.874+0000] {standard_task_runner.py:87} INFO - Running: ['***', 'tasks', 'run', 'marketing_data_pipeline', 'load_minio_to_snowflake', 'manual__2025-05-25T06:08:57.168556+00:00', '--job-id', '13', '--raw', '--subdir', 'DAGS_FOLDER/main_pipeline_dag.py', '--cfg-path', '/tmp/tmphlmpeure']
[2025-05-25T06:10:18.882+0000] {standard_task_runner.py:88} INFO - Job 13: Subtask load_minio_to_snowflake
[2025-05-25T06:10:19.042+0000] {task_command.py:423} INFO - Running <TaskInstance: marketing_data_pipeline.load_minio_to_snowflake manual__2025-05-25T06:08:57.168556+00:00 [running]> on host fe289fe396bd
[2025-05-25T06:10:19.305+0000] {taskinstance.py:2480} INFO - Exporting env vars: AIRFLOW_CTX_DAG_EMAIL='yashbhawsar872@gmail.com' AIRFLOW_CTX_DAG_OWNER='Yash' AIRFLOW_CTX_DAG_ID='marketing_data_pipeline' AIRFLOW_CTX_TASK_ID='load_minio_to_snowflake' AIRFLOW_CTX_EXECUTION_DATE='2025-05-25T06:08:57.168556+00:00' AIRFLOW_CTX_TRY_NUMBER='1' AIRFLOW_CTX_DAG_RUN_ID='manual__2025-05-25T06:08:57.168556+00:00'
[2025-05-25T06:10:19.308+0000] {main_pipeline_dag.py:28} INFO - ▶️ Starting task: Upload valid-data to Snowflake RAW
[2025-05-25T06:10:19.530+0000] {snowflake_upload.py:79} INFO - [⏬] downloaded valid-data/contacts/2025-05-25/contacts_2025-05-25.csv → /tmp/tmpqm51adbu/contacts_2025-05-25.csv
[2025-05-25T06:10:19.553+0000] {connection.py:486} INFO - Snowflake Connector for Python Version: 3.15.0, Python Version: 3.10.13, Platform: Linux-5.15.90.1-microsoft-standard-WSL2-x86_64-with-glibc2.36
[2025-05-25T06:10:19.557+0000] {connection.py:1391} INFO - Connecting to GLOBAL Snowflake domain
[2025-05-25T06:10:22.737+0000] {snowflake_upload.py:89} INFO - [INFO] running: PUT file:///tmp/tmpqm51adbu/*.csv @%contacts OVERWRITE = TRUE
[2025-05-25T06:10:25.002+0000] {snowflake_upload.py:99} INFO - [INFO] running: COPY INTO RAW.contacts
            FILE_FORMAT = (FORMAT_NAME = 'RAW.csv_fmt')
            PURGE = TRUE
            ON_ERROR = 'CONTINUE';
[2025-05-25T06:10:26.397+0000] {snowflake_upload.py:102} INFO - [✅] loaded contacts for 2025-05-25
[2025-05-25T06:10:28.088+0000] {snowflake_upload.py:79} INFO - [⏬] downloaded valid-data/form_fills/2025-05-25/form_fills_2025-05-25.parquet → /tmp/tmpp2hfl2h8/form_fills_2025-05-25.parquet
[2025-05-25T06:10:28.100+0000] {connection.py:486} INFO - Snowflake Connector for Python Version: 3.15.0, Python Version: 3.10.13, Platform: Linux-5.15.90.1-microsoft-standard-WSL2-x86_64-with-glibc2.36
[2025-05-25T06:10:28.103+0000] {connection.py:1391} INFO - Connecting to GLOBAL Snowflake domain
[2025-05-25T06:10:28.647+0000] {snowflake_upload.py:89} INFO - [INFO] running: PUT file:///tmp/tmpp2hfl2h8/*.parquet @%form_fills OVERWRITE = TRUE
[2025-05-25T06:10:29.784+0000] {snowflake_upload.py:99} INFO - [INFO] running: COPY INTO RAW.form_fills
            FILE_FORMAT = (FORMAT_NAME = 'RAW.parquet_fmt')
            PURGE = TRUE
            ON_ERROR = 'CONTINUE';
[2025-05-25T06:10:30.892+0000] {snowflake_upload.py:102} INFO - [✅] loaded form_fills for 2025-05-25
[2025-05-25T06:10:34.431+0000] {snowflake_upload.py:79} INFO - [⏬] downloaded valid-data/website_activity/2025-05-25/website_activity_2025-05-25.json → /tmp/tmpf8mqz_z5/website_activity_2025-05-25.json
[2025-05-25T06:10:34.442+0000] {connection.py:486} INFO - Snowflake Connector for Python Version: 3.15.0, Python Version: 3.10.13, Platform: Linux-5.15.90.1-microsoft-standard-WSL2-x86_64-with-glibc2.36
[2025-05-25T06:10:34.444+0000] {connection.py:1391} INFO - Connecting to GLOBAL Snowflake domain
[2025-05-25T06:10:36.076+0000] {snowflake_upload.py:89} INFO - [INFO] running: PUT file:///tmp/tmpf8mqz_z5/*.json @%website_activity OVERWRITE = TRUE
[2025-05-25T06:10:37.611+0000] {snowflake_upload.py:99} INFO - [INFO] running: COPY INTO RAW.website_activity
            FILE_FORMAT = (FORMAT_NAME = 'RAW.json_fmt')
            PURGE = TRUE
            ON_ERROR = 'CONTINUE';
[2025-05-25T06:10:38.631+0000] {snowflake_upload.py:102} INFO - [✅] loaded website_activity for 2025-05-25
[2025-05-25T06:10:38.897+0000] {main_pipeline_dag.py:30} INFO - ✅ Completed task: Upload valid-data to Snowflake RAW
[2025-05-25T06:10:38.900+0000] {python.py:201} INFO - Done. Returned value was: None
[2025-05-25T06:10:38.940+0000] {taskinstance.py:1138} INFO - Marking task as SUCCESS. dag_id=marketing_data_pipeline, task_id=load_minio_to_snowflake, execution_date=20250525T060857, start_date=20250525T061018, end_date=20250525T061038
[2025-05-25T06:10:40.760+0000] {local_task_job_runner.py:234} INFO - Task exited with return code 0
[2025-05-25T06:10:40.898+0000] {taskinstance.py:3280} INFO - 1 downstream tasks scheduled from follow-on schedule check
