[2025-05-27T22:13:19.556+0000] {taskinstance.py:1956} INFO - Dependencies all met for dep_context=non-requeueable deps ti=<TaskInstance: Marketing_Data_Pipeline.dbt_run.dbt_run_staging manual__2025-05-25T00:00:00+00:00 [queued]>
[2025-05-27T22:13:19.578+0000] {taskinstance.py:1956} INFO - Dependencies all met for dep_context=requeueable deps ti=<TaskInstance: Marketing_Data_Pipeline.dbt_run.dbt_run_staging manual__2025-05-25T00:00:00+00:00 [queued]>
[2025-05-27T22:13:19.579+0000] {taskinstance.py:2170} INFO - Starting attempt 1 of 2
[2025-05-27T22:13:19.603+0000] {taskinstance.py:2191} INFO - Executing <Task(PythonOperator): dbt_run.dbt_run_staging> on 2025-05-25 00:00:00+00:00
[2025-05-27T22:13:19.614+0000] {standard_task_runner.py:60} INFO - Started process 1584 to run task
[2025-05-27T22:13:19.623+0000] {standard_task_runner.py:87} INFO - Running: ['***', 'tasks', 'run', 'Marketing_Data_Pipeline', 'dbt_run.dbt_run_staging', 'manual__2025-05-25T00:00:00+00:00', '--job-id', '53', '--raw', '--subdir', 'DAGS_FOLDER/Marketing_Data_Pipeline.py', '--cfg-path', '/tmp/tmp54k9cogv']
[2025-05-27T22:13:19.631+0000] {standard_task_runner.py:88} INFO - Job 53: Subtask dbt_run.dbt_run_staging
[2025-05-27T22:13:19.755+0000] {task_command.py:423} INFO - Running <TaskInstance: Marketing_Data_Pipeline.dbt_run.dbt_run_staging manual__2025-05-25T00:00:00+00:00 [running]> on host 485388d78c3d
[2025-05-27T22:13:19.972+0000] {taskinstance.py:2480} INFO - Exporting env vars: AIRFLOW_CTX_DAG_EMAIL='yashbhawsar872@gmail.com' AIRFLOW_CTX_DAG_OWNER='Yash' AIRFLOW_CTX_DAG_ID='Marketing_Data_Pipeline' AIRFLOW_CTX_TASK_ID='dbt_run.dbt_run_staging' AIRFLOW_CTX_EXECUTION_DATE='2025-05-25T00:00:00+00:00' AIRFLOW_CTX_TRY_NUMBER='1' AIRFLOW_CTX_DAG_RUN_ID='manual__2025-05-25T00:00:00+00:00'
[2025-05-27T22:13:19.980+0000] {Marketing_Data_Pipeline.py:39} INFO - ▶️ Starting task: Run staging models
[2025-05-27T22:13:19.990+0000] {utils.py:65} INFO - Running dbt command: cd /opt/dbt/marketing_pipeline && dbt run --models staging --vars '{"batch_date": "2025-05-25"}'
[2025-05-27T22:13:33.693+0000] {utils.py:78} INFO - [0m22:13:33  Running with dbt=1.9.4
[2025-05-27T22:13:37.057+0000] {utils.py:78} INFO - [0m22:13:37  Registered adapter: snowflake=1.9.4
[2025-05-27T22:13:38.042+0000] {utils.py:78} INFO - [0m22:13:38  Unable to do partial parsing because config vars, config profile, or config target have changed
[2025-05-27T22:13:46.303+0000] {utils.py:78} INFO - [0m22:13:46  Found 12 models, 70 data tests, 6 sources, 479 macros
[2025-05-27T22:13:46.331+0000] {utils.py:78} INFO - [0m22:13:46
[2025-05-27T22:13:46.348+0000] {utils.py:78} INFO - [0m22:13:46  Concurrency: 4 threads (target='dev')
[2025-05-27T22:13:46.363+0000] {utils.py:78} INFO - [0m22:13:46
[2025-05-27T22:13:49.154+0000] {utils.py:78} INFO - [0m22:13:49  1 of 6 START sql incremental model STG.stg_campaigns ........................... [RUN]
[2025-05-27T22:13:49.163+0000] {utils.py:78} INFO - [0m22:13:49  2 of 6 START sql incremental model STG.stg_contacts ............................ [RUN]
[2025-05-27T22:13:49.173+0000] {utils.py:78} INFO - [0m22:13:49  3 of 6 START sql incremental model STG.stg_form_fills .......................... [RUN]
[2025-05-27T22:13:49.192+0000] {utils.py:78} INFO - [0m22:13:49  4 of 6 START sql incremental model STG.stg_forms ............................... [RUN]
[2025-05-27T22:13:56.795+0000] {utils.py:78} INFO - [0m22:13:56  4 of 6 OK created sql incremental model STG.stg_forms .......................... [[32mSUCCESS 4[0m in 7.34s]
[2025-05-27T22:14:45.312+0000] {utils.py:78} INFO - [0m22:13:56  1 of 6 OK created sql incremental model STG.stg_campaigns ...................... [[32mSUCCESS 3[0m in 7.60s]
[2025-05-27T22:14:45.387+0000] {utils.py:78} INFO - [0m22:13:56  5 of 6 START sql incremental model STG.stg_pages ............................... [RUN]
[2025-05-27T22:14:45.412+0000] {utils.py:78} INFO - [0m22:13:56  6 of 6 START sql incremental model STG.stg_website_activity .................... [RUN]
[2025-05-27T22:14:46.289+0000] {utils.py:78} INFO - [0m22:14:46  2 of 6 OK created sql incremental model STG.stg_contacts ....................... [[32mSUCCESS 1000[0m in 57.07s]
[2025-05-27T22:14:46.581+0000] {utils.py:78} INFO - [0m22:14:46  3 of 6 OK created sql incremental model STG.stg_form_fills ..................... [[32mSUCCESS 1000[0m in 57.37s]
[2025-05-27T22:14:48.201+0000] {utils.py:78} INFO - [0m22:14:48  5 of 6 OK created sql incremental model STG.stg_pages .......................... [[32mSUCCESS 4[0m in 51.36s]
[2025-05-27T22:14:48.407+0000] {utils.py:78} INFO - [0m22:14:48  6 of 6 OK created sql incremental model STG.stg_website_activity ............... [[32mSUCCESS 1000[0m in 51.54s]
[2025-05-27T22:14:49.347+0000] {utils.py:78} INFO - [0m22:14:49
[2025-05-27T22:14:49.360+0000] {utils.py:78} INFO - [0m22:14:49  Finished running 6 incremental models in 0 hours 1 minutes and 3.00 seconds (63.00s).
[2025-05-27T22:14:50.165+0000] {utils.py:78} INFO - [0m22:14:50
[2025-05-27T22:14:50.170+0000] {utils.py:78} INFO - [0m22:14:50  [32mCompleted successfully[0m
[2025-05-27T22:14:50.175+0000] {utils.py:78} INFO - [0m22:14:50
[2025-05-27T22:14:50.180+0000] {utils.py:78} INFO - [0m22:14:50  Done. PASS=6 WARN=0 ERROR=0 SKIP=0 TOTAL=6
[2025-05-27T22:14:52.007+0000] {Marketing_Data_Pipeline.py:41} INFO - ✅ Completed task: Run staging models
[2025-05-27T22:14:52.012+0000] {python.py:201} INFO - Done. Returned value was: None
[2025-05-27T22:14:52.048+0000] {taskinstance.py:1138} INFO - Marking task as SUCCESS. dag_id=Marketing_Data_Pipeline, task_id=dbt_run.dbt_run_staging, execution_date=20250525T000000, start_date=20250527T221319, end_date=20250527T221452
[2025-05-27T22:14:52.096+0000] {local_task_job_runner.py:234} INFO - Task exited with return code 0
[2025-05-27T22:14:52.191+0000] {taskinstance.py:3280} INFO - 1 downstream tasks scheduled from follow-on schedule check
