[2025-05-25T19:13:32.445+0000] {taskinstance.py:1956} INFO - Dependencies all met for dep_context=non-requeueable deps ti=<TaskInstance: final_marketing_data_pipeline.dbt_run.dbt_run_marts manual__2025-05-25T16:25:47.685943+00:00 [queued]>
[2025-05-25T19:13:32.547+0000] {taskinstance.py:1956} INFO - Dependencies all met for dep_context=requeueable deps ti=<TaskInstance: final_marketing_data_pipeline.dbt_run.dbt_run_marts manual__2025-05-25T16:25:47.685943+00:00 [queued]>
[2025-05-25T19:13:32.571+0000] {taskinstance.py:2170} INFO - Starting attempt 4 of 5
[2025-05-25T19:13:32.669+0000] {taskinstance.py:2191} INFO - Executing <Task(PythonOperator): dbt_run.dbt_run_marts> on 2025-05-25 16:25:47.685943+00:00
[2025-05-25T19:13:32.693+0000] {standard_task_runner.py:60} INFO - Started process 20092 to run task
[2025-05-25T19:13:32.713+0000] {standard_task_runner.py:87} INFO - Running: ['***', 'tasks', 'run', 'final_marketing_data_pipeline', 'dbt_run.dbt_run_marts', 'manual__2025-05-25T16:25:47.685943+00:00', '--job-id', '137', '--raw', '--subdir', 'DAGS_FOLDER/test.py', '--cfg-path', '/tmp/tmpsftt1sch']
[2025-05-25T19:13:32.727+0000] {standard_task_runner.py:88} INFO - Job 137: Subtask dbt_run.dbt_run_marts
[2025-05-25T19:13:33.107+0000] {task_command.py:423} INFO - Running <TaskInstance: final_marketing_data_pipeline.dbt_run.dbt_run_marts manual__2025-05-25T16:25:47.685943+00:00 [running]> on host fe289fe396bd
[2025-05-25T19:13:33.819+0000] {taskinstance.py:2480} INFO - Exporting env vars: AIRFLOW_CTX_DAG_EMAIL='yashbhawsar872@gmail.com' AIRFLOW_CTX_DAG_OWNER='Yash' AIRFLOW_CTX_DAG_ID='final_marketing_data_pipeline' AIRFLOW_CTX_TASK_ID='dbt_run.dbt_run_marts' AIRFLOW_CTX_EXECUTION_DATE='2025-05-25T16:25:47.685943+00:00' AIRFLOW_CTX_TRY_NUMBER='4' AIRFLOW_CTX_DAG_RUN_ID='manual__2025-05-25T16:25:47.685943+00:00'
[2025-05-25T19:13:33.823+0000] {test.py:39} INFO - ▶️ Starting task: Run mart models
[2025-05-25T19:13:33.844+0000] {utils.py:64} INFO - Running dbt command: cd /opt/dbt/marketing_pipeline && dbt run --models marts --vars '{"batch_date": "2025-05-25"}'
[2025-05-25T19:13:40.505+0000] {utils.py:73} INFO - [0m19:13:40  Running with dbt=1.9.4
[2025-05-25T19:13:52.322+0000] {utils.py:73} INFO - [0m19:13:52  Registered adapter: snowflake=1.9.4
[2025-05-25T19:14:19.139+0000] {utils.py:73} INFO - [0m19:14:19  Found 12 models, 79 data tests, 6 sources, 479 macros
[2025-05-25T19:14:19.172+0000] {utils.py:73} INFO - [0m19:14:19
[2025-05-25T19:14:19.197+0000] {utils.py:73} INFO - [0m19:14:19  Concurrency: 4 threads (target='dev')
[2025-05-25T19:14:19.216+0000] {utils.py:73} INFO - [0m19:14:19
[2025-05-25T19:14:27.576+0000] {utils.py:73} INFO - [0m19:14:27  1 of 6 START sql incremental model MART.mart_campaigns ......................... [RUN]
[2025-05-25T19:14:27.590+0000] {utils.py:73} INFO - [0m19:14:27  4 of 6 START sql incremental model MART.mart_forms ............................. [RUN]
[2025-05-25T19:14:27.603+0000] {utils.py:73} INFO - [0m19:14:27  3 of 6 START sql incremental model MART.mart_form_fills ........................ [RUN]
[2025-05-25T19:14:27.609+0000] {utils.py:73} INFO - [0m19:14:27  2 of 6 START sql incremental model MART.mart_contacts .......................... [RUN]
[2025-05-25T19:14:36.540+0000] {utils.py:73} INFO - [0m19:14:36  1 of 6 OK created sql incremental model MART.mart_campaigns .................... [[32mSUCCESS 3[0m in 8.95s]
[2025-05-25T19:14:36.545+0000] {utils.py:73} INFO - [0m19:14:36  4 of 6 OK created sql incremental model MART.mart_forms ........................ [[32mSUCCESS 4[0m in 8.90s]
[2025-05-25T19:14:36.564+0000] {utils.py:73} INFO - [0m19:14:36  5 of 6 START sql incremental model MART.mart_pages ............................. [RUN]
[2025-05-25T19:14:36.569+0000] {utils.py:73} INFO - [0m19:14:36  6 of 6 START sql incremental model MART.mart_website_activity .................. [RUN]
[2025-05-25T19:14:37.272+0000] {utils.py:73} INFO - [0m19:14:37  3 of 6 OK created sql incremental model MART.mart_form_fills ................... [[32mSUCCESS 1000[0m in 9.65s]
[2025-05-25T19:14:37.285+0000] {utils.py:73} INFO - [0m19:14:37  2 of 6 OK created sql incremental model MART.mart_contacts ..................... [[32mSUCCESS 1000[0m in 9.67s]
[2025-05-25T19:14:39.207+0000] {utils.py:73} INFO - [0m19:14:39  6 of 6 OK created sql incremental model MART.mart_website_activity ............. [[32mSUCCESS 1000[0m in 2.63s]
[2025-05-25T19:14:39.233+0000] {utils.py:73} INFO - [0m19:14:39  5 of 6 OK created sql incremental model MART.mart_pages ........................ [[32mSUCCESS 4[0m in 2.66s]
[2025-05-25T19:14:40.828+0000] {utils.py:73} INFO - [0m19:14:40
[2025-05-25T19:14:41.057+0000] {utils.py:73} INFO - [0m19:14:41  Finished running 6 incremental models in 0 hours 0 minutes and 21.57 seconds (21.57s).
[2025-05-25T19:14:41.773+0000] {utils.py:73} INFO - [0m19:14:41
[2025-05-25T19:14:41.786+0000] {utils.py:73} INFO - [0m19:14:41  [32mCompleted successfully[0m
[2025-05-25T19:14:41.793+0000] {utils.py:73} INFO - [0m19:14:41
[2025-05-25T19:14:41.800+0000] {utils.py:73} INFO - [0m19:14:41  Done. PASS=6 WARN=0 ERROR=0 SKIP=0 TOTAL=6
[2025-05-25T19:14:42.967+0000] {test.py:41} INFO - ✅ Completed task: Run mart models
[2025-05-25T19:14:44.972+0000] {python.py:201} INFO - Done. Returned value was: None
[2025-05-25T19:14:45.158+0000] {taskinstance.py:1138} INFO - Marking task as SUCCESS. dag_id=final_marketing_data_pipeline, task_id=dbt_run.dbt_run_marts, execution_date=20250525T162547, start_date=20250525T191332, end_date=20250525T191445
[2025-05-25T19:14:45.303+0000] {local_task_job_runner.py:234} INFO - Task exited with return code 0
[2025-05-25T19:14:45.462+0000] {taskinstance.py:3280} INFO - 1 downstream tasks scheduled from follow-on schedule check
