[2025-05-25T16:40:55.622+0000] {taskinstance.py:1956} INFO - Dependencies all met for dep_context=non-requeueable deps ti=<TaskInstance: final_marketing_data_pipeline.dbt_run.dbt_run_marts manual__2025-05-25T16:25:47.685943+00:00 [queued]>
[2025-05-25T16:40:55.655+0000] {taskinstance.py:1956} INFO - Dependencies all met for dep_context=requeueable deps ti=<TaskInstance: final_marketing_data_pipeline.dbt_run.dbt_run_marts manual__2025-05-25T16:25:47.685943+00:00 [queued]>
[2025-05-25T16:40:55.656+0000] {taskinstance.py:2170} INFO - Starting attempt 1 of 2
[2025-05-25T16:40:55.700+0000] {taskinstance.py:2191} INFO - Executing <Task(PythonOperator): dbt_run.dbt_run_marts> on 2025-05-25 16:25:47.685943+00:00
[2025-05-25T16:40:55.713+0000] {standard_task_runner.py:60} INFO - Started process 16399 to run task
[2025-05-25T16:40:55.720+0000] {standard_task_runner.py:87} INFO - Running: ['***', 'tasks', 'run', 'final_marketing_data_pipeline', 'dbt_run.dbt_run_marts', 'manual__2025-05-25T16:25:47.685943+00:00', '--job-id', '126', '--raw', '--subdir', 'DAGS_FOLDER/test.py', '--cfg-path', '/tmp/tmpcl3b8uoi']
[2025-05-25T16:40:55.733+0000] {standard_task_runner.py:88} INFO - Job 126: Subtask dbt_run.dbt_run_marts
[2025-05-25T16:40:56.084+0000] {task_command.py:423} INFO - Running <TaskInstance: final_marketing_data_pipeline.dbt_run.dbt_run_marts manual__2025-05-25T16:25:47.685943+00:00 [running]> on host fe289fe396bd
[2025-05-25T16:40:56.671+0000] {taskinstance.py:2480} INFO - Exporting env vars: AIRFLOW_CTX_DAG_EMAIL='yashbhawsar872@gmail.com' AIRFLOW_CTX_DAG_OWNER='Yash' AIRFLOW_CTX_DAG_ID='final_marketing_data_pipeline' AIRFLOW_CTX_TASK_ID='dbt_run.dbt_run_marts' AIRFLOW_CTX_EXECUTION_DATE='2025-05-25T16:25:47.685943+00:00' AIRFLOW_CTX_TRY_NUMBER='1' AIRFLOW_CTX_DAG_RUN_ID='manual__2025-05-25T16:25:47.685943+00:00'
[2025-05-25T16:40:56.674+0000] {test.py:39} INFO - ▶️ Starting task: Run mart models
[2025-05-25T16:40:56.681+0000] {utils.py:64} INFO - Running dbt command: cd /opt/dbt/marketing_pipeline && dbt run --models marts --vars '{"batch_date": "2025-05-25"}'
[2025-05-25T16:41:10.235+0000] {utils.py:73} INFO - [0m16:41:10  Running with dbt=1.9.4
[2025-05-25T16:41:13.721+0000] {utils.py:73} INFO - [0m16:41:13  Registered adapter: snowflake=1.9.4
[2025-05-25T16:41:19.656+0000] {utils.py:73} INFO - [0m16:41:19  Found 12 models, 79 data tests, 6 sources, 479 macros
[2025-05-25T16:41:19.665+0000] {utils.py:73} INFO - [0m16:41:19
[2025-05-25T16:41:19.669+0000] {utils.py:73} INFO - [0m16:41:19  Concurrency: 4 threads (target='dev')
[2025-05-25T16:41:19.673+0000] {utils.py:73} INFO - [0m16:41:19
[2025-05-25T16:41:22.963+0000] {utils.py:73} INFO - [0m16:41:22  1 of 6 START sql incremental model MART.mart_campaigns ......................... [RUN]
[2025-05-25T16:41:22.974+0000] {utils.py:73} INFO - [0m16:41:22  2 of 6 START sql incremental model MART.mart_contacts .......................... [RUN]
[2025-05-25T16:41:22.979+0000] {utils.py:73} INFO - [0m16:41:22  3 of 6 START sql incremental model MART.mart_form_fills ........................ [RUN]
[2025-05-25T16:41:22.985+0000] {utils.py:73} INFO - [0m16:41:22  4 of 6 START sql incremental model MART.mart_forms ............................. [RUN]
[2025-05-25T16:41:25.165+0000] {utils.py:73} INFO - [0m16:41:25  2 of 6 OK created sql incremental model MART.mart_contacts ..................... [[32mSUCCESS 1[0m in 2.17s]
[2025-05-25T16:41:25.174+0000] {utils.py:73} INFO - [0m16:41:25  1 of 6 OK created sql incremental model MART.mart_campaigns .................... [[32mSUCCESS 1[0m in 2.17s]
[2025-05-25T16:41:25.192+0000] {utils.py:73} INFO - [0m16:41:25  5 of 6 START sql incremental model MART.mart_pages ............................. [RUN]
[2025-05-25T16:41:25.196+0000] {utils.py:73} INFO - [0m16:41:25  6 of 6 START sql incremental model MART.mart_website_activity .................. [RUN]
[2025-05-25T16:41:25.566+0000] {utils.py:73} INFO - [0m16:41:25  3 of 6 OK created sql incremental model MART.mart_form_fills ................... [[32mSUCCESS 1[0m in 2.57s]
[2025-05-25T16:41:25.659+0000] {utils.py:73} INFO - [0m16:41:25  4 of 6 OK created sql incremental model MART.mart_forms ........................ [[32mSUCCESS 1[0m in 2.66s]
[2025-05-25T16:41:26.138+0000] {utils.py:73} INFO - [0m16:41:26  5 of 6 OK created sql incremental model MART.mart_pages ........................ [[32mSUCCESS 1[0m in 0.94s]
[2025-05-25T16:41:26.211+0000] {utils.py:73} INFO - [0m16:41:26  6 of 6 OK created sql incremental model MART.mart_website_activity ............. [[32mSUCCESS 1[0m in 1.01s]
[2025-05-25T16:41:27.156+0000] {utils.py:73} INFO - [0m16:41:27
[2025-05-25T16:41:27.168+0000] {utils.py:73} INFO - [0m16:41:27  Finished running 6 incremental models in 0 hours 0 minutes and 7.48 seconds (7.48s).
[2025-05-25T16:41:27.478+0000] {utils.py:73} INFO - [0m16:41:27
[2025-05-25T16:41:27.494+0000] {utils.py:73} INFO - [0m16:41:27  [32mCompleted successfully[0m
[2025-05-25T16:41:27.517+0000] {utils.py:73} INFO - [0m16:41:27
[2025-05-25T16:41:27.524+0000] {utils.py:73} INFO - [0m16:41:27  Done. PASS=6 WARN=0 ERROR=0 SKIP=0 TOTAL=6
[2025-05-25T16:41:28.697+0000] {test.py:41} INFO - ✅ Completed task: Run mart models
[2025-05-25T16:41:28.700+0000] {python.py:201} INFO - Done. Returned value was: None
[2025-05-25T16:41:28.746+0000] {taskinstance.py:1138} INFO - Marking task as SUCCESS. dag_id=final_marketing_data_pipeline, task_id=dbt_run.dbt_run_marts, execution_date=20250525T162547, start_date=20250525T164055, end_date=20250525T164128
[2025-05-25T16:41:28.849+0000] {local_task_job_runner.py:234} INFO - Task exited with return code 0
[2025-05-25T16:41:28.923+0000] {taskinstance.py:3280} INFO - 1 downstream tasks scheduled from follow-on schedule check
