[2025-05-25T19:39:59.387+0000] {taskinstance.py:1956} INFO - Dependencies all met for dep_context=non-requeueable deps ti=<TaskInstance: Marketing_Data_Pipeline.load_minio_to_snowflake manual__2025-05-25T19:37:32.889912+00:00 [queued]>
[2025-05-25T19:39:59.486+0000] {taskinstance.py:1956} INFO - Dependencies all met for dep_context=requeueable deps ti=<TaskInstance: Marketing_Data_Pipeline.load_minio_to_snowflake manual__2025-05-25T19:37:32.889912+00:00 [queued]>
[2025-05-25T19:39:59.492+0000] {taskinstance.py:2170} INFO - Starting attempt 1 of 2
[2025-05-25T19:39:59.715+0000] {taskinstance.py:2191} INFO - Executing <Task(PythonOperator): load_minio_to_snowflake> on 2025-05-25 19:37:32.889912+00:00
[2025-05-25T19:39:59.837+0000] {standard_task_runner.py:60} INFO - Started process 20687 to run task
[2025-05-25T19:39:59.863+0000] {standard_task_runner.py:87} INFO - Running: ['***', 'tasks', 'run', 'Marketing_Data_Pipeline', 'load_minio_to_snowflake', 'manual__2025-05-25T19:37:32.889912+00:00', '--job-id', '156', '--raw', '--subdir', 'DAGS_FOLDER/Marketing_Data_Pipeline.py', '--cfg-path', '/tmp/tmp4ky3_e9d']
[2025-05-25T19:39:59.923+0000] {standard_task_runner.py:88} INFO - Job 156: Subtask load_minio_to_snowflake
[2025-05-25T19:40:01.185+0000] {task_command.py:423} INFO - Running <TaskInstance: Marketing_Data_Pipeline.load_minio_to_snowflake manual__2025-05-25T19:37:32.889912+00:00 [running]> on host fe289fe396bd
[2025-05-25T19:40:05.571+0000] {taskinstance.py:2480} INFO - Exporting env vars: AIRFLOW_CTX_DAG_EMAIL='yashbhawsar872@gmail.com' AIRFLOW_CTX_DAG_OWNER='Yash' AIRFLOW_CTX_DAG_ID='Marketing_Data_Pipeline' AIRFLOW_CTX_TASK_ID='load_minio_to_snowflake' AIRFLOW_CTX_EXECUTION_DATE='2025-05-25T19:37:32.889912+00:00' AIRFLOW_CTX_TRY_NUMBER='1' AIRFLOW_CTX_DAG_RUN_ID='manual__2025-05-25T19:37:32.889912+00:00'
[2025-05-25T19:40:05.603+0000] {Marketing_Data_Pipeline.py:39} INFO - ▶️ Starting task: Upload valid-data to Snowflake RAW
[2025-05-25T19:40:08.007+0000] {snowflake_upload.py:103} INFO - [⏬] downloaded valid-data/contacts/2025-05-25/contacts_2025-05-25.csv → /tmp/tmp0qc_zrtg/contacts_2025-05-25.csv
[2025-05-25T19:40:08.058+0000] {connection.py:486} INFO - Snowflake Connector for Python Version: 3.15.0, Python Version: 3.10.13, Platform: Linux-5.15.90.1-microsoft-standard-WSL2-x86_64-with-glibc2.36
[2025-05-25T19:40:08.063+0000] {connection.py:1391} INFO - Connecting to GLOBAL Snowflake domain
[2025-05-25T19:40:20.575+0000] {snowflake_upload.py:124} INFO - [INFO] running: PUT file:///tmp/tmp0qc_zrtg/contacts_2025-05-25.csv @RAW_CONTACTS_STAGE/2025-05-25/
[2025-05-25T19:40:20.581+0000] {snowflake_upload.py:135} INFO - [INFO] running COPY INTO RAW.contacts
[2025-05-25T19:40:21.243+0000] {snowflake_upload.py:138} INFO - [✅] loaded contacts for 2025-05-25
[2025-05-25T19:40:21.633+0000] {snowflake_upload.py:103} INFO - [⏬] downloaded valid-data/form_fills/2025-05-25/form_fills_2025-05-25.parquet → /tmp/tmpkj52cdoa/form_fills_2025-05-25.parquet
[2025-05-25T19:40:21.637+0000] {connection.py:486} INFO - Snowflake Connector for Python Version: 3.15.0, Python Version: 3.10.13, Platform: Linux-5.15.90.1-microsoft-standard-WSL2-x86_64-with-glibc2.36
[2025-05-25T19:40:21.639+0000] {connection.py:1391} INFO - Connecting to GLOBAL Snowflake domain
[2025-05-25T19:40:22.274+0000] {snowflake_upload.py:135} INFO - [INFO] running COPY INTO RAW.form_fills
[2025-05-25T19:40:22.869+0000] {snowflake_upload.py:138} INFO - [✅] loaded form_fills for 2025-05-25
[2025-05-25T19:40:23.739+0000] {snowflake_upload.py:103} INFO - [⏬] downloaded valid-data/website_activity/2025-05-25/website_activity_2025-05-25.json → /tmp/tmpxfhtcpdj/website_activity_2025-05-25.json
[2025-05-25T19:40:23.743+0000] {connection.py:486} INFO - Snowflake Connector for Python Version: 3.15.0, Python Version: 3.10.13, Platform: Linux-5.15.90.1-microsoft-standard-WSL2-x86_64-with-glibc2.36
[2025-05-25T19:40:23.744+0000] {connection.py:1391} INFO - Connecting to GLOBAL Snowflake domain
[2025-05-25T19:40:25.657+0000] {snowflake_upload.py:124} INFO - [INFO] running: PUT file:///tmp/tmpxfhtcpdj/website_activity_2025-05-25.json @RAW_WEBSITE_ACTIVITY_STAGE/2025-05-25/
[2025-05-25T19:40:25.663+0000] {snowflake_upload.py:135} INFO - [INFO] running COPY INTO RAW.website_activity
[2025-05-25T19:40:26.048+0000] {snowflake_upload.py:138} INFO - [✅] loaded website_activity for 2025-05-25
[2025-05-25T19:40:27.939+0000] {snowflake_upload.py:103} INFO - [⏬] downloaded valid-data/campaigns/2025-05-25/campaigns_2025-05-25.json → /tmp/tmp0rz5o9zv/campaigns_2025-05-25.json
[2025-05-25T19:40:27.944+0000] {connection.py:486} INFO - Snowflake Connector for Python Version: 3.15.0, Python Version: 3.10.13, Platform: Linux-5.15.90.1-microsoft-standard-WSL2-x86_64-with-glibc2.36
[2025-05-25T19:40:27.956+0000] {connection.py:1391} INFO - Connecting to GLOBAL Snowflake domain
[2025-05-25T19:40:30.036+0000] {snowflake_upload.py:124} INFO - [INFO] running: PUT file:///tmp/tmp0rz5o9zv/campaigns_2025-05-25.json @RAW_CAMPAIGNS_STAGE/2025-05-25/
[2025-05-25T19:40:30.056+0000] {snowflake_upload.py:135} INFO - [INFO] running COPY INTO RAW.campaigns
[2025-05-25T19:40:30.438+0000] {snowflake_upload.py:138} INFO - [✅] loaded campaigns for 2025-05-25
[2025-05-25T19:40:30.780+0000] {snowflake_upload.py:103} INFO - [⏬] downloaded valid-data/forms/2025-05-25/forms_2025-05-25.json → /tmp/tmpo15w43r_/forms_2025-05-25.json
[2025-05-25T19:40:30.784+0000] {connection.py:486} INFO - Snowflake Connector for Python Version: 3.15.0, Python Version: 3.10.13, Platform: Linux-5.15.90.1-microsoft-standard-WSL2-x86_64-with-glibc2.36
[2025-05-25T19:40:30.785+0000] {connection.py:1391} INFO - Connecting to GLOBAL Snowflake domain
[2025-05-25T19:40:32.683+0000] {snowflake_upload.py:124} INFO - [INFO] running: PUT file:///tmp/tmpo15w43r_/forms_2025-05-25.json @RAW_FORMS_STAGE/2025-05-25/
[2025-05-25T19:40:32.810+0000] {snowflake_upload.py:135} INFO - [INFO] running COPY INTO RAW.forms
[2025-05-25T19:40:33.290+0000] {snowflake_upload.py:138} INFO - [✅] loaded forms for 2025-05-25
[2025-05-25T19:40:35.902+0000] {snowflake_upload.py:103} INFO - [⏬] downloaded valid-data/pages/2025-05-25/pages_2025-05-25.json → /tmp/tmpyjaoyfbg/pages_2025-05-25.json
[2025-05-25T19:40:35.945+0000] {connection.py:486} INFO - Snowflake Connector for Python Version: 3.15.0, Python Version: 3.10.13, Platform: Linux-5.15.90.1-microsoft-standard-WSL2-x86_64-with-glibc2.36
[2025-05-25T19:40:35.948+0000] {connection.py:1391} INFO - Connecting to GLOBAL Snowflake domain
[2025-05-25T19:40:37.437+0000] {snowflake_upload.py:124} INFO - [INFO] running: PUT file:///tmp/tmpyjaoyfbg/pages_2025-05-25.json @RAW_PAGES_STAGE/2025-05-25/
[2025-05-25T19:40:37.444+0000] {snowflake_upload.py:135} INFO - [INFO] running COPY INTO RAW.pages
[2025-05-25T19:40:37.828+0000] {snowflake_upload.py:138} INFO - [✅] loaded pages for 2025-05-25
[2025-05-25T19:40:38.047+0000] {Marketing_Data_Pipeline.py:41} INFO - ✅ Completed task: Upload valid-data to Snowflake RAW
[2025-05-25T19:40:38.092+0000] {python.py:201} INFO - Done. Returned value was: None
[2025-05-25T19:40:38.151+0000] {taskinstance.py:1138} INFO - Marking task as SUCCESS. dag_id=Marketing_Data_Pipeline, task_id=load_minio_to_snowflake, execution_date=20250525T193732, start_date=20250525T193959, end_date=20250525T194038
[2025-05-25T19:40:38.566+0000] {local_task_job_runner.py:234} INFO - Task exited with return code 0
[2025-05-25T19:40:39.087+0000] {taskinstance.py:3280} INFO - 0 downstream tasks scheduled from follow-on schedule check
