[2025-05-25T05:30:08.936+0000] {taskinstance.py:1956} INFO - Dependencies all met for dep_context=non-requeueable deps ti=<TaskInstance: marketing_data_pipeline.print_metadata_log manual__2025-05-25T05:27:20.358267+00:00 [queued]>
[2025-05-25T05:30:08.973+0000] {taskinstance.py:1956} INFO - Dependencies all met for dep_context=requeueable deps ti=<TaskInstance: marketing_data_pipeline.print_metadata_log manual__2025-05-25T05:27:20.358267+00:00 [queued]>
[2025-05-25T05:30:08.974+0000] {taskinstance.py:2170} INFO - Starting attempt 1 of 2
[2025-05-25T05:30:09.048+0000] {taskinstance.py:2191} INFO - Executing <Task(PythonOperator): print_metadata_log> on 2025-05-25 05:27:20.358267+00:00
[2025-05-25T05:30:09.067+0000] {standard_task_runner.py:60} INFO - Started process 3505 to run task
[2025-05-25T05:30:09.077+0000] {standard_task_runner.py:87} INFO - Running: ['***', 'tasks', 'run', 'marketing_data_pipeline', 'print_metadata_log', 'manual__2025-05-25T05:27:20.358267+00:00', '--job-id', '13', '--raw', '--subdir', 'DAGS_FOLDER/main_pipeline_dag.py', '--cfg-path', '/tmp/tmpcivypdof']
[2025-05-25T05:30:09.084+0000] {standard_task_runner.py:88} INFO - Job 13: Subtask print_metadata_log
[2025-05-25T05:30:09.293+0000] {task_command.py:423} INFO - Running <TaskInstance: marketing_data_pipeline.print_metadata_log manual__2025-05-25T05:27:20.358267+00:00 [running]> on host 0b3688707aa0
[2025-05-25T05:30:09.672+0000] {taskinstance.py:2480} INFO - Exporting env vars: AIRFLOW_CTX_DAG_EMAIL='yashbhawsar872@gmail.com' AIRFLOW_CTX_DAG_OWNER='Yash' AIRFLOW_CTX_DAG_ID='marketing_data_pipeline' AIRFLOW_CTX_TASK_ID='print_metadata_log' AIRFLOW_CTX_EXECUTION_DATE='2025-05-25T05:27:20.358267+00:00' AIRFLOW_CTX_TRY_NUMBER='1' AIRFLOW_CTX_DAG_RUN_ID='manual__2025-05-25T05:27:20.358267+00:00'
[2025-05-25T05:30:09.679+0000] {main_pipeline_dag.py:27} INFO - ▶️ Starting task: Print Metadata Logs
[2025-05-25T05:30:09.714+0000] {logging_mixin.py:188} INFO - 
=== File Metadata for 2025-05-25 ===
[2025-05-25T05:30:09.716+0000] {logging_mixin.py:188} INFO - file_name | dataset_type | file_date | generated_at | validated_at | uploaded_at
[2025-05-25T05:30:09.718+0000] {logging_mixin.py:188} INFO - --------------------------------------------------------------------------------
[2025-05-25T05:30:09.737+0000] {logging_mixin.py:188} INFO - form_fills_2025-05-25.parquet | form_fills | 2025-05-25 | 2025-05-25T05:28:42.246695 | 2025-05-25T05:29:14.666173 | 2025-05-25T05:29:59.785569
[2025-05-25T05:30:09.739+0000] {logging_mixin.py:188} INFO - website_activity_2025-05-25.json | website_activity | 2025-05-25 | 2025-05-25T05:28:43.467063 | 2025-05-25T05:29:12.494483 | 2025-05-25T05:30:01.510140
[2025-05-25T05:30:09.740+0000] {logging_mixin.py:188} INFO - contacts_2025-05-25.csv | contacts | 2025-05-25 | 2025-05-25T05:28:47.919316 | 2025-05-25T05:29:17.511738 | 2025-05-25T05:29:58.740996
[2025-05-25T05:30:09.741+0000] {logging_mixin.py:188} INFO - 
=== DQ Checks for 2025-05-25 ===
[2025-05-25T05:30:09.746+0000] {logging_mixin.py:188} INFO - file_name | check_name | status | details | timestamp
[2025-05-25T05:30:09.747+0000] {logging_mixin.py:188} INFO - --------------------------------------------------------------------------------
[2025-05-25T05:30:09.752+0000] {logging_mixin.py:188} INFO - website_activity_2025-05-25.json | schema_format | PASS | Got cols ['session_id', 'contact_id', 'timestamp', 'page_url', 'page_title', 'referrer_url', 'device', 'browser', 'os', 'event_type', 'campaign_params.utm_source', 'campaign_params.utm_medium', 'campaign_params.utm_campaign', 'geo_location.city', 'geo_location.country'] | 2025-05-25 05:29:07
[2025-05-25T05:30:09.754+0000] {logging_mixin.py:188} INFO - website_activity_2025-05-25.json | freshness | PASS | File date 2025-05-25 | 2025-05-25 05:29:08
[2025-05-25T05:30:09.755+0000] {logging_mixin.py:188} INFO - form_fills_2025-05-25.parquet | schema_format | PASS | Got cols ['form_id', 'contact_id', 'form_type', 'timestamp', 'referrer_url', 'user_agent', 'ip_address', 'project_budget', 'timeline', 'needs'] | 2025-05-25 05:29:09
[2025-05-25T05:30:09.758+0000] {logging_mixin.py:188} INFO - website_activity_2025-05-25.json | row_count | PASS | Count=1000, avg≈1000 | 2025-05-25 05:29:09
[2025-05-25T05:30:09.761+0000] {logging_mixin.py:188} INFO - form_fills_2025-05-25.parquet | freshness | PASS | File date 2025-05-25 | 2025-05-25 05:29:10
[2025-05-25T05:30:09.763+0000] {logging_mixin.py:188} INFO - contacts_2025-05-25.csv | schema_format | PASS | Got cols ['contact_id', 'first_name', 'last_name', 'email', 'phone', 'company_name', 'industry', 'job_title', 'job_level', 'lead_source', 'utm_campaign', 'utm_medium', 'utm_source', 'linkedin_url', 'employee_count', 'annual_revenue', 'status', 'created_at', 'last_modified_at'] | 2025-05-25 05:29:11
[2025-05-25T05:30:09.766+0000] {logging_mixin.py:188} INFO - form_fills_2025-05-25.parquet | row_count | PASS | Count=1000, avg≈1000 | 2025-05-25 05:29:11
[2025-05-25T05:30:09.774+0000] {logging_mixin.py:188} INFO - website_activity_2025-05-25.json | website_activity | PASS | in=1000, out=1000, failures=0 | 2025-05-25 05:29:12
[2025-05-25T05:30:09.776+0000] {logging_mixin.py:188} INFO - contacts_2025-05-25.csv | freshness | PASS | File date 2025-05-25 | 2025-05-25 05:29:13
[2025-05-25T05:30:09.777+0000] {logging_mixin.py:188} INFO - form_fills_2025-05-25.parquet | form_fills | PASS | in=1000, out=1000, failures=0 | 2025-05-25 05:29:14
[2025-05-25T05:30:09.779+0000] {logging_mixin.py:188} INFO - contacts_2025-05-25.csv | row_count | PASS | Count=1000, avg≈1000 | 2025-05-25 05:29:14
[2025-05-25T05:30:09.781+0000] {logging_mixin.py:188} INFO - contacts_2025-05-25.csv | contacts | PASS | in=1000, out=1000, failures=0 | 2025-05-25 05:29:17
[2025-05-25T05:30:09.806+0000] {metadata.py:251} INFO - 🖨️ Metadata printed for 2025-05-25
[2025-05-25T05:30:09.822+0000] {main_pipeline_dag.py:29} INFO - ✅ Completed task: Print Metadata Logs
[2025-05-25T05:30:09.832+0000] {python.py:201} INFO - Done. Returned value was: None
[2025-05-25T05:30:09.921+0000] {taskinstance.py:1138} INFO - Marking task as SUCCESS. dag_id=marketing_data_pipeline, task_id=print_metadata_log, execution_date=20250525T052720, start_date=20250525T053008, end_date=20250525T053009
[2025-05-25T05:30:10.079+0000] {local_task_job_runner.py:234} INFO - Task exited with return code 0
[2025-05-25T05:30:10.224+0000] {taskinstance.py:3280} INFO - 0 downstream tasks scheduled from follow-on schedule check
