[2025-05-25T06:13:10.076+0000] {taskinstance.py:1956} INFO - Dependencies all met for dep_context=non-requeueable deps ti=<TaskInstance: marketing_data_pipeline.dbt_run_marts manual__2025-05-25T06:08:57.168556+00:00 [queued]>
[2025-05-25T06:13:10.121+0000] {taskinstance.py:1956} INFO - Dependencies all met for dep_context=requeueable deps ti=<TaskInstance: marketing_data_pipeline.dbt_run_marts manual__2025-05-25T06:08:57.168556+00:00 [queued]>
[2025-05-25T06:13:10.123+0000] {taskinstance.py:2170} INFO - Starting attempt 1 of 2
[2025-05-25T06:13:10.196+0000] {taskinstance.py:2191} INFO - Executing <Task(PythonOperator): dbt_run_marts> on 2025-05-25 06:08:57.168556+00:00
[2025-05-25T06:13:10.221+0000] {standard_task_runner.py:60} INFO - Started process 565 to run task
[2025-05-25T06:13:10.241+0000] {standard_task_runner.py:87} INFO - Running: ['***', 'tasks', 'run', 'marketing_data_pipeline', 'dbt_run_marts', 'manual__2025-05-25T06:08:57.168556+00:00', '--job-id', '17', '--raw', '--subdir', 'DAGS_FOLDER/main_pipeline_dag.py', '--cfg-path', '/tmp/tmpomp213jt']
[2025-05-25T06:13:10.248+0000] {standard_task_runner.py:88} INFO - Job 17: Subtask dbt_run_marts
[2025-05-25T06:13:10.517+0000] {task_command.py:423} INFO - Running <TaskInstance: marketing_data_pipeline.dbt_run_marts manual__2025-05-25T06:08:57.168556+00:00 [running]> on host fe289fe396bd
[2025-05-25T06:13:10.885+0000] {taskinstance.py:2480} INFO - Exporting env vars: AIRFLOW_CTX_DAG_EMAIL='yashbhawsar872@gmail.com' AIRFLOW_CTX_DAG_OWNER='Yash' AIRFLOW_CTX_DAG_ID='marketing_data_pipeline' AIRFLOW_CTX_TASK_ID='dbt_run_marts' AIRFLOW_CTX_EXECUTION_DATE='2025-05-25T06:08:57.168556+00:00' AIRFLOW_CTX_TRY_NUMBER='1' AIRFLOW_CTX_DAG_RUN_ID='manual__2025-05-25T06:08:57.168556+00:00'
[2025-05-25T06:13:10.890+0000] {main_pipeline_dag.py:28} INFO - ▶️ Starting task: Run mart models
[2025-05-25T06:13:10.911+0000] {utils.py:63} INFO - Running command: cd /opt/dbt/marketing_pipeline && dbt run --models marts --vars '{"batch_date": "2025-05-25"}'
[2025-05-25T06:13:16.487+0000] {utils.py:72} INFO - [0m06:13:16  Running with dbt=1.9.4
[2025-05-25T06:13:19.174+0000] {utils.py:72} INFO - [0m06:13:19  Registered adapter: snowflake=1.9.4
[2025-05-25T06:13:21.854+0000] {utils.py:72} INFO - [0m06:13:21  Found 6 models, 24 data tests, 3 sources, 479 macros
[2025-05-25T06:13:21.873+0000] {utils.py:72} INFO - [0m06:13:21
[2025-05-25T06:13:21.885+0000] {utils.py:72} INFO - [0m06:13:21  Concurrency: 4 threads (target='dev')
[2025-05-25T06:13:21.902+0000] {utils.py:72} INFO - [0m06:13:21
[2025-05-25T06:13:24.105+0000] {utils.py:72} INFO - [0m06:13:24  1 of 3 START sql incremental model MART.mart_contacts .......................... [RUN]
[2025-05-25T06:13:24.112+0000] {utils.py:72} INFO - [0m06:13:24  2 of 3 START sql incremental model MART.mart_form_fills ........................ [RUN]
[2025-05-25T06:13:24.132+0000] {utils.py:72} INFO - [0m06:13:24  3 of 3 START sql incremental model MART.mart_website_activity .................. [RUN]
[2025-05-25T06:13:27.952+0000] {utils.py:72} INFO - [0m06:13:27  2 of 3 OK created sql incremental model MART.mart_form_fills ................... [[32mSUCCESS 3000[0m in 3.78s]
[2025-05-25T06:13:27.967+0000] {utils.py:72} INFO - [0m06:13:27  1 of 3 OK created sql incremental model MART.mart_contacts ..................... [[32mSUCCESS 3000[0m in 3.81s]
[2025-05-25T06:13:28.119+0000] {utils.py:72} INFO - [0m06:13:28  3 of 3 OK created sql incremental model MART.mart_website_activity ............. [[32mSUCCESS 3000[0m in 3.96s]
[2025-05-25T06:13:28.840+0000] {utils.py:72} INFO - [0m06:13:28
[2025-05-25T06:13:28.854+0000] {utils.py:72} INFO - [0m06:13:28  Finished running 3 incremental models in 0 hours 0 minutes and 6.93 seconds (6.93s).
[2025-05-25T06:13:29.248+0000] {utils.py:72} INFO - [0m06:13:29
[2025-05-25T06:13:29.259+0000] {utils.py:72} INFO - [0m06:13:29  [32mCompleted successfully[0m
[2025-05-25T06:13:29.276+0000] {utils.py:72} INFO - [0m06:13:29
[2025-05-25T06:13:29.296+0000] {utils.py:72} INFO - [0m06:13:29  Done. PASS=3 WARN=0 ERROR=0 SKIP=0 TOTAL=3
[2025-05-25T06:13:30.177+0000] {main_pipeline_dag.py:30} INFO - ✅ Completed task: Run mart models
[2025-05-25T06:13:30.187+0000] {python.py:201} INFO - Done. Returned value was: None
[2025-05-25T06:13:30.249+0000] {taskinstance.py:1138} INFO - Marking task as SUCCESS. dag_id=marketing_data_pipeline, task_id=dbt_run_marts, execution_date=20250525T060857, start_date=20250525T061310, end_date=20250525T061330
[2025-05-25T06:13:30.306+0000] {local_task_job_runner.py:234} INFO - Task exited with return code 0
[2025-05-25T06:13:30.376+0000] {taskinstance.py:3280} INFO - 1 downstream tasks scheduled from follow-on schedule check
