[2025-05-27T21:32:04.550+0000] {taskinstance.py:1956} INFO - Dependencies all met for dep_context=non-requeueable deps ti=<TaskInstance: Marketing_Data_Pipeline.print_metadata_log scheduled__2025-05-24T00:00:00+00:00 [queued]>
[2025-05-27T21:32:04.572+0000] {taskinstance.py:1956} INFO - Dependencies all met for dep_context=requeueable deps ti=<TaskInstance: Marketing_Data_Pipeline.print_metadata_log scheduled__2025-05-24T00:00:00+00:00 [queued]>
[2025-05-27T21:32:04.574+0000] {taskinstance.py:2170} INFO - Starting attempt 1 of 2
[2025-05-27T21:32:04.606+0000] {taskinstance.py:2191} INFO - Executing <Task(PythonOperator): print_metadata_log> on 2025-05-24 00:00:00+00:00
[2025-05-27T21:32:04.625+0000] {standard_task_runner.py:60} INFO - Started process 638 to run task
[2025-05-27T21:32:04.633+0000] {standard_task_runner.py:87} INFO - Running: ['***', 'tasks', 'run', 'Marketing_Data_Pipeline', 'print_metadata_log', 'scheduled__2025-05-24T00:00:00+00:00', '--job-id', '32', '--raw', '--subdir', 'DAGS_FOLDER/Marketing_Data_Pipeline.py', '--cfg-path', '/tmp/tmp6ibuctmd']
[2025-05-27T21:32:04.637+0000] {standard_task_runner.py:88} INFO - Job 32: Subtask print_metadata_log
[2025-05-27T21:32:04.812+0000] {task_command.py:423} INFO - Running <TaskInstance: Marketing_Data_Pipeline.print_metadata_log scheduled__2025-05-24T00:00:00+00:00 [running]> on host 485388d78c3d
[2025-05-27T21:32:05.018+0000] {taskinstance.py:2480} INFO - Exporting env vars: AIRFLOW_CTX_DAG_EMAIL='yashbhawsar872@gmail.com' AIRFLOW_CTX_DAG_OWNER='Yash' AIRFLOW_CTX_DAG_ID='Marketing_Data_Pipeline' AIRFLOW_CTX_TASK_ID='print_metadata_log' AIRFLOW_CTX_EXECUTION_DATE='2025-05-24T00:00:00+00:00' AIRFLOW_CTX_TRY_NUMBER='1' AIRFLOW_CTX_DAG_RUN_ID='scheduled__2025-05-24T00:00:00+00:00'
[2025-05-27T21:32:05.020+0000] {Marketing_Data_Pipeline.py:39} INFO - ▶️ Starting task: Print Metadata Logs
[2025-05-27T21:32:05.185+0000] {logging_mixin.py:188} INFO - 
=== File Metadata for 2025-05-24 ===
[2025-05-27T21:32:05.186+0000] {logging_mixin.py:188} INFO - file_name | dataset_type | file_date | generated_at | validated_at | uploaded_at
[2025-05-27T21:32:05.187+0000] {logging_mixin.py:188} INFO - --------------------------------------------------------------------------------
[2025-05-27T21:32:05.223+0000] {logging_mixin.py:188} INFO - forms_2025-05-24.json | forms | 2025-05-24 | 2025-05-27T21:27:38.613375 | 2025-05-27T21:28:10.629363 | 2025-05-27T21:29:14.015223
[2025-05-27T21:32:05.224+0000] {logging_mixin.py:188} INFO - campaigns_2025-05-24.json | campaigns | 2025-05-24 | 2025-05-27T21:27:39.712261 | 2025-05-27T21:28:07.025146 | 2025-05-27T21:29:11.777033
[2025-05-27T21:32:05.225+0000] {logging_mixin.py:188} INFO - pages_2025-05-24.json | pages | 2025-05-24 | 2025-05-27T21:27:39.817839 | 2025-05-27T21:28:03.484208 | 2025-05-27T21:29:15.188129
[2025-05-27T21:32:05.226+0000] {logging_mixin.py:188} INFO - contacts_2025-05-24.csv | contacts | 2025-05-24 | 2025-05-27T21:28:27.239842 | 2025-05-27T21:28:50.659151 | 2025-05-27T21:29:12.951232
[2025-05-27T21:32:05.227+0000] {logging_mixin.py:188} INFO - website_activity_2025-05-24.json | website_activity | 2025-05-24 | 2025-05-27T21:28:34.684233 | 2025-05-27T21:28:47.904155 | 2025-05-27T21:29:15.731216
[2025-05-27T21:32:05.228+0000] {logging_mixin.py:188} INFO - form_fills_2025-05-24.parquet | form_fills | 2025-05-24 | 2025-05-27T21:28:40.589428 | 2025-05-27T21:28:55.115644 | 2025-05-27T21:29:14.783015
[2025-05-27T21:32:05.229+0000] {logging_mixin.py:188} INFO - 
=== DQ Checks for 2025-05-24 ===
[2025-05-27T21:32:05.230+0000] {logging_mixin.py:188} INFO - file_name | check_name | status | details | timestamp
[2025-05-27T21:32:05.230+0000] {logging_mixin.py:188} INFO - --------------------------------------------------------------------------------
[2025-05-27T21:32:05.235+0000] {logging_mixin.py:188} INFO - campaigns_2025-05-24.json | schema_format | PASS | Got cols ['campaign_id', 'campaign_name', 'dim_date'] | 2025-05-27 21:27:52
[2025-05-27T21:32:05.237+0000] {logging_mixin.py:188} INFO - pages_2025-05-24.json | schema_format | PASS | Got cols ['page_id', 'page_url', 'page_title', 'dim_date'] | 2025-05-27 21:27:52
[2025-05-27T21:32:05.238+0000] {logging_mixin.py:188} INFO - forms_2025-05-24.json | schema_format | PASS | Got cols ['form_id', 'form_type', 'dim_date'] | 2025-05-27 21:27:53
[2025-05-27T21:32:05.239+0000] {logging_mixin.py:188} INFO - campaigns_2025-05-24.json | freshness | PASS | File date 2025-05-24 | 2025-05-27 21:27:54
[2025-05-27T21:32:05.240+0000] {logging_mixin.py:188} INFO - pages_2025-05-24.json | freshness | PASS | File date 2025-05-24 | 2025-05-27 21:27:55
[2025-05-27T21:32:05.241+0000] {logging_mixin.py:188} INFO - pages_2025-05-24.json | row_count | WARN | Row count 4 not in [800,1200] | 2025-05-27 21:27:57
[2025-05-27T21:32:05.242+0000] {logging_mixin.py:188} INFO - forms_2025-05-24.json | freshness | PASS | File date 2025-05-24 | 2025-05-27 21:27:57
[2025-05-27T21:32:05.243+0000] {logging_mixin.py:188} INFO - forms_2025-05-24.json | row_count | WARN | Row count 4 not in [800,1200] | 2025-05-27 21:27:58
[2025-05-27T21:32:05.244+0000] {logging_mixin.py:188} INFO - campaigns_2025-05-24.json | row_count | WARN | Row count 3 not in [800,1200] | 2025-05-27 21:27:58
[2025-05-27T21:32:05.245+0000] {logging_mixin.py:188} INFO - pages_2025-05-24.json | pages | PASS | in=4, out=4, failures=0 | 2025-05-27 21:28:02
[2025-05-27T21:32:05.247+0000] {logging_mixin.py:188} INFO - campaigns_2025-05-24.json | campaigns | PASS | in=3, out=3, failures=0 | 2025-05-27 21:28:05
[2025-05-27T21:32:05.248+0000] {logging_mixin.py:188} INFO - forms_2025-05-24.json | forms | PASS | in=4, out=4, failures=0 | 2025-05-27 21:28:08
[2025-05-27T21:32:05.249+0000] {logging_mixin.py:188} INFO - website_activity_2025-05-24.json | schema_format | PASS | Got cols ['session_id', 'contact_id', 'campaign_id', 'page_id', 'page_url', 'page_title', 'event_date', 'event_type', 'session_duration', 'pages_viewed', 'bounce', 'referrer_domain'] | 2025-05-27 21:28:45
[2025-05-27T21:32:05.250+0000] {logging_mixin.py:188} INFO - website_activity_2025-05-24.json | freshness | PASS | File date 2025-05-24 | 2025-05-27 21:28:46
[2025-05-27T21:32:05.251+0000] {logging_mixin.py:188} INFO - website_activity_2025-05-24.json | row_count | PASS | Count=1000, avg≈1000 | 2025-05-27 21:28:46
[2025-05-27T21:32:05.253+0000] {logging_mixin.py:188} INFO - website_activity_2025-05-24.json | website_activity | PASS | in=1000, out=1000, failures=0 | 2025-05-27 21:28:47
[2025-05-27T21:32:05.255+0000] {logging_mixin.py:188} INFO - contacts_2025-05-24.csv | schema_format | PASS | Got cols ['contact_id', 'first_name', 'last_name', 'email', 'company', 'industry', 'lead_source', 'job_title', 'country', 'opted_in', 'signup_date'] | 2025-05-27 21:28:48
[2025-05-27T21:32:05.256+0000] {logging_mixin.py:188} INFO - contacts_2025-05-24.csv | freshness | PASS | File date 2025-05-24 | 2025-05-27 21:28:49
[2025-05-27T21:32:05.257+0000] {logging_mixin.py:188} INFO - contacts_2025-05-24.csv | row_count | PASS | Count=1000, avg≈1000 | 2025-05-27 21:28:49
[2025-05-27T21:32:05.258+0000] {logging_mixin.py:188} INFO - contacts_2025-05-24.csv | contacts | PASS | in=1000, out=1000, failures=0 | 2025-05-27 21:28:50
[2025-05-27T21:32:05.259+0000] {logging_mixin.py:188} INFO - form_fills_2025-05-24.parquet | schema_format | PASS | Got cols ['fill_id', 'form_id', 'contact_id', 'campaign_id', 'fill_date', 'referrer_url', 'user_agent', 'estimated_value'] | 2025-05-27 21:28:53
[2025-05-27T21:32:05.260+0000] {logging_mixin.py:188} INFO - form_fills_2025-05-24.parquet | freshness | PASS | File date 2025-05-24 | 2025-05-27 21:28:53
[2025-05-27T21:32:05.261+0000] {logging_mixin.py:188} INFO - form_fills_2025-05-24.parquet | row_count | PASS | Count=1000, avg≈1000 | 2025-05-27 21:28:53
[2025-05-27T21:32:05.262+0000] {logging_mixin.py:188} INFO - form_fills_2025-05-24.parquet | form_fills | PASS | in=1000, out=1000, failures=0 | 2025-05-27 21:28:54
[2025-05-27T21:32:05.266+0000] {metadata.py:251} INFO - 🖨️ Metadata printed for 2025-05-24
[2025-05-27T21:32:05.277+0000] {Marketing_Data_Pipeline.py:41} INFO - ✅ Completed task: Print Metadata Logs
[2025-05-27T21:32:05.280+0000] {python.py:201} INFO - Done. Returned value was: None
[2025-05-27T21:32:05.331+0000] {taskinstance.py:1138} INFO - Marking task as SUCCESS. dag_id=Marketing_Data_Pipeline, task_id=print_metadata_log, execution_date=20250524T000000, start_date=20250527T213204, end_date=20250527T213205
[2025-05-27T21:32:05.409+0000] {local_task_job_runner.py:234} INFO - Task exited with return code 0
[2025-05-27T21:32:05.451+0000] {taskinstance.py:3280} INFO - 0 downstream tasks scheduled from follow-on schedule check
