[2025-05-27T22:22:25.970+0000] {taskinstance.py:1956} INFO - Dependencies all met for dep_context=non-requeueable deps ti=<TaskInstance: Marketing_Data_Pipeline.print_metadata_log manual__2025-05-27T00:00:00+00:00 [queued]>
[2025-05-27T22:22:26.042+0000] {taskinstance.py:1956} INFO - Dependencies all met for dep_context=requeueable deps ti=<TaskInstance: Marketing_Data_Pipeline.print_metadata_log manual__2025-05-27T00:00:00+00:00 [queued]>
[2025-05-27T22:22:26.043+0000] {taskinstance.py:2170} INFO - Starting attempt 1 of 2
[2025-05-27T22:22:26.120+0000] {taskinstance.py:2191} INFO - Executing <Task(PythonOperator): print_metadata_log> on 2025-05-27 00:00:00+00:00
[2025-05-27T22:22:26.155+0000] {standard_task_runner.py:60} INFO - Started process 2085 to run task
[2025-05-27T22:22:26.175+0000] {standard_task_runner.py:87} INFO - Running: ['***', 'tasks', 'run', 'Marketing_Data_Pipeline', 'print_metadata_log', 'manual__2025-05-27T00:00:00+00:00', '--job-id', '94', '--raw', '--subdir', 'DAGS_FOLDER/Marketing_Data_Pipeline.py', '--cfg-path', '/tmp/tmprugeowsk']
[2025-05-27T22:22:26.182+0000] {standard_task_runner.py:88} INFO - Job 94: Subtask print_metadata_log
[2025-05-27T22:22:26.355+0000] {task_command.py:423} INFO - Running <TaskInstance: Marketing_Data_Pipeline.print_metadata_log manual__2025-05-27T00:00:00+00:00 [running]> on host 485388d78c3d
[2025-05-27T22:22:26.753+0000] {taskinstance.py:2480} INFO - Exporting env vars: AIRFLOW_CTX_DAG_EMAIL='yashbhawsar872@gmail.com' AIRFLOW_CTX_DAG_OWNER='Yash' AIRFLOW_CTX_DAG_ID='Marketing_Data_Pipeline' AIRFLOW_CTX_TASK_ID='print_metadata_log' AIRFLOW_CTX_EXECUTION_DATE='2025-05-27T00:00:00+00:00' AIRFLOW_CTX_TRY_NUMBER='1' AIRFLOW_CTX_DAG_RUN_ID='manual__2025-05-27T00:00:00+00:00'
[2025-05-27T22:22:26.761+0000] {Marketing_Data_Pipeline.py:39} INFO - ▶️ Starting task: Print Metadata Logs
[2025-05-27T22:22:26.783+0000] {logging_mixin.py:188} INFO - 
=== File Metadata for 2025-05-27 ===
[2025-05-27T22:22:26.785+0000] {logging_mixin.py:188} INFO - file_name | dataset_type | file_date | generated_at | validated_at | uploaded_at
[2025-05-27T22:22:26.787+0000] {logging_mixin.py:188} INFO - --------------------------------------------------------------------------------
[2025-05-27T22:22:26.804+0000] {logging_mixin.py:188} INFO - pages_2025-05-27.json | pages | 2025-05-27 | 2025-05-27T22:21:19.793922 | 2025-05-27T22:21:32.510166 | 2025-05-27T22:22:21.134563
[2025-05-27T22:22:26.806+0000] {logging_mixin.py:188} INFO - forms_2025-05-27.json | forms | 2025-05-27 | 2025-05-27T22:21:19.809536 | 2025-05-27T22:21:30.951004 | 2025-05-27T22:22:19.857789
[2025-05-27T22:22:26.807+0000] {logging_mixin.py:188} INFO - campaigns_2025-05-27.json | campaigns | 2025-05-27 | 2025-05-27T22:21:19.898112 | 2025-05-27T22:21:33.851048 | 2025-05-27T22:22:18.699926
[2025-05-27T22:22:26.809+0000] {logging_mixin.py:188} INFO - contacts_2025-05-27.csv | contacts | 2025-05-27 | 2025-05-27T22:21:39.632122 | 2025-05-27T22:22:05.663895 | 2025-05-27T22:22:19.411537
[2025-05-27T22:22:26.810+0000] {logging_mixin.py:188} INFO - website_activity_2025-05-27.json | website_activity | 2025-05-27 | 2025-05-27T22:21:48.911244 | 2025-05-27T22:22:05.076084 | 2025-05-27T22:22:21.727764
[2025-05-27T22:22:26.812+0000] {logging_mixin.py:188} INFO - form_fills_2025-05-27.parquet | form_fills | 2025-05-27 | 2025-05-27T22:21:49.519189 | 2025-05-27T22:22:04.220161 | 2025-05-27T22:22:20.775660
[2025-05-27T22:22:26.815+0000] {logging_mixin.py:188} INFO - 
=== DQ Checks for 2025-05-27 ===
[2025-05-27T22:22:26.818+0000] {logging_mixin.py:188} INFO - file_name | check_name | status | details | timestamp
[2025-05-27T22:22:26.819+0000] {logging_mixin.py:188} INFO - --------------------------------------------------------------------------------
[2025-05-27T22:22:26.921+0000] {logging_mixin.py:188} INFO - forms_2025-05-27.json | schema_format | PASS | Got cols ['form_id', 'form_type', 'dim_date'] | 2025-05-27 22:21:27
[2025-05-27T22:22:26.923+0000] {logging_mixin.py:188} INFO - pages_2025-05-27.json | schema_format | PASS | Got cols ['page_id', 'page_url', 'page_title', 'dim_date'] | 2025-05-27 22:21:27
[2025-05-27T22:22:26.924+0000] {logging_mixin.py:188} INFO - forms_2025-05-27.json | freshness | PASS | File date 2025-05-27 | 2025-05-27 22:21:27
[2025-05-27T22:22:26.925+0000] {logging_mixin.py:188} INFO - pages_2025-05-27.json | freshness | PASS | File date 2025-05-27 | 2025-05-27 22:21:28
[2025-05-27T22:22:26.926+0000] {logging_mixin.py:188} INFO - pages_2025-05-27.json | row_count | WARN | Row count 4 not in [800,1200] | 2025-05-27 22:21:28
[2025-05-27T22:22:26.927+0000] {logging_mixin.py:188} INFO - forms_2025-05-27.json | row_count | WARN | Row count 4 not in [800,1200] | 2025-05-27 22:21:28
[2025-05-27T22:22:26.927+0000] {logging_mixin.py:188} INFO - campaigns_2025-05-27.json | schema_format | PASS | Got cols ['campaign_id', 'campaign_name', 'dim_date'] | 2025-05-27 22:21:28
[2025-05-27T22:22:26.928+0000] {logging_mixin.py:188} INFO - campaigns_2025-05-27.json | freshness | PASS | File date 2025-05-27 | 2025-05-27 22:21:29
[2025-05-27T22:22:26.929+0000] {logging_mixin.py:188} INFO - forms_2025-05-27.json | forms | PASS | in=4, out=4, failures=0 | 2025-05-27 22:21:29
[2025-05-27T22:22:26.930+0000] {logging_mixin.py:188} INFO - campaigns_2025-05-27.json | row_count | WARN | Row count 3 not in [800,1200] | 2025-05-27 22:21:30
[2025-05-27T22:22:26.931+0000] {logging_mixin.py:188} INFO - pages_2025-05-27.json | pages | PASS | in=4, out=4, failures=0 | 2025-05-27 22:21:31
[2025-05-27T22:22:26.931+0000] {logging_mixin.py:188} INFO - campaigns_2025-05-27.json | campaigns | PASS | in=3, out=3, failures=0 | 2025-05-27 22:21:33
[2025-05-27T22:22:26.932+0000] {logging_mixin.py:188} INFO - contacts_2025-05-27.csv | schema_format | PASS | Got cols ['contact_id', 'first_name', 'last_name', 'email', 'company', 'industry', 'lead_source', 'job_title', 'country', 'opted_in', 'signup_date'] | 2025-05-27 22:21:58
[2025-05-27T22:22:26.933+0000] {logging_mixin.py:188} INFO - website_activity_2025-05-27.json | schema_format | PASS | Got cols ['session_id', 'contact_id', 'campaign_id', 'page_id', 'page_url', 'page_title', 'event_date', 'event_type', 'session_duration', 'pages_viewed', 'bounce', 'referrer_domain'] | 2025-05-27 22:21:59
[2025-05-27T22:22:26.933+0000] {logging_mixin.py:188} INFO - contacts_2025-05-27.csv | freshness | PASS | File date 2025-05-27 | 2025-05-27 22:21:59
[2025-05-27T22:22:26.934+0000] {logging_mixin.py:188} INFO - form_fills_2025-05-27.parquet | schema_format | PASS | Got cols ['fill_id', 'form_id', 'contact_id', 'campaign_id', 'fill_date', 'referrer_url', 'user_agent', 'estimated_value'] | 2025-05-27 22:21:59
[2025-05-27T22:22:26.935+0000] {logging_mixin.py:188} INFO - form_fills_2025-05-27.parquet | freshness | PASS | File date 2025-05-27 | 2025-05-27 22:21:59
[2025-05-27T22:22:26.936+0000] {logging_mixin.py:188} INFO - website_activity_2025-05-27.json | freshness | PASS | File date 2025-05-27 | 2025-05-27 22:21:59
[2025-05-27T22:22:26.936+0000] {logging_mixin.py:188} INFO - form_fills_2025-05-27.parquet | row_count | PASS | Count=1000, avg≈1000 | 2025-05-27 22:22:00
[2025-05-27T22:22:26.937+0000] {logging_mixin.py:188} INFO - website_activity_2025-05-27.json | row_count | PASS | Count=1000, avg≈1000 | 2025-05-27 22:22:00
[2025-05-27T22:22:26.938+0000] {logging_mixin.py:188} INFO - contacts_2025-05-27.csv | row_count | PASS | Count=1000, avg≈1000 | 2025-05-27 22:22:03
[2025-05-27T22:22:26.939+0000] {logging_mixin.py:188} INFO - form_fills_2025-05-27.parquet | form_fills | PASS | in=1000, out=1000, failures=0 | 2025-05-27 22:22:03
[2025-05-27T22:22:26.939+0000] {logging_mixin.py:188} INFO - website_activity_2025-05-27.json | website_activity | PASS | in=1000, out=1000, failures=0 | 2025-05-27 22:22:04
[2025-05-27T22:22:26.940+0000] {logging_mixin.py:188} INFO - contacts_2025-05-27.csv | contacts | PASS | in=1000, out=1000, failures=0 | 2025-05-27 22:22:05
[2025-05-27T22:22:26.944+0000] {metadata.py:251} INFO - 🖨️ Metadata printed for 2025-05-27
[2025-05-27T22:22:26.948+0000] {Marketing_Data_Pipeline.py:41} INFO - ✅ Completed task: Print Metadata Logs
[2025-05-27T22:22:26.954+0000] {python.py:201} INFO - Done. Returned value was: None
[2025-05-27T22:22:27.011+0000] {taskinstance.py:1138} INFO - Marking task as SUCCESS. dag_id=Marketing_Data_Pipeline, task_id=print_metadata_log, execution_date=20250527T000000, start_date=20250527T222225, end_date=20250527T222227
[2025-05-27T22:22:27.117+0000] {local_task_job_runner.py:234} INFO - Task exited with return code 0
[2025-05-27T22:22:27.167+0000] {taskinstance.py:3280} INFO - 0 downstream tasks scheduled from follow-on schedule check
