[2025-05-24T09:18:18.713+0000] {taskinstance.py:1956} INFO - Dependencies all met for dep_context=non-requeueable deps ti=<TaskInstance: marketing_data_pipeline.upload_quarantined_to_minio manual__2025-05-24T09:17:05.548015+00:00 [queued]>
[2025-05-24T09:18:18.741+0000] {taskinstance.py:1956} INFO - Dependencies all met for dep_context=requeueable deps ti=<TaskInstance: marketing_data_pipeline.upload_quarantined_to_minio manual__2025-05-24T09:17:05.548015+00:00 [queued]>
[2025-05-24T09:18:18.744+0000] {taskinstance.py:2170} INFO - Starting attempt 1 of 4
[2025-05-24T09:18:18.785+0000] {taskinstance.py:2191} INFO - Executing <Task(PythonOperator): upload_quarantined_to_minio> on 2025-05-24 09:17:05.548015+00:00
[2025-05-24T09:18:18.797+0000] {standard_task_runner.py:60} INFO - Started process 1652 to run task
[2025-05-24T09:18:18.805+0000] {standard_task_runner.py:87} INFO - Running: ['***', 'tasks', 'run', 'marketing_data_pipeline', 'upload_quarantined_to_minio', 'manual__2025-05-24T09:17:05.548015+00:00', '--job-id', '47', '--raw', '--subdir', 'DAGS_FOLDER/main_pipeline_dag.py', '--cfg-path', '/tmp/tmptwy4ifsa']
[2025-05-24T09:18:18.812+0000] {standard_task_runner.py:88} INFO - Job 47: Subtask upload_quarantined_to_minio
[2025-05-24T09:18:18.981+0000] {task_command.py:423} INFO - Running <TaskInstance: marketing_data_pipeline.upload_quarantined_to_minio manual__2025-05-24T09:17:05.548015+00:00 [running]> on host e6492150ec46
[2025-05-24T09:18:19.419+0000] {taskinstance.py:2480} INFO - Exporting env vars: AIRFLOW_CTX_DAG_EMAIL='yashbhawsar872@gmail.com' AIRFLOW_CTX_DAG_OWNER='Yash' AIRFLOW_CTX_DAG_ID='marketing_data_pipeline' AIRFLOW_CTX_TASK_ID='upload_quarantined_to_minio' AIRFLOW_CTX_EXECUTION_DATE='2025-05-24T09:17:05.548015+00:00' AIRFLOW_CTX_TRY_NUMBER='1' AIRFLOW_CTX_DAG_RUN_ID='manual__2025-05-24T09:17:05.548015+00:00'
[2025-05-24T09:18:19.422+0000] {main_pipeline_dag.py:25} INFO - ▶️ Starting task: Upload Quarantined to MinIO
[2025-05-24T09:18:19.458+0000] {upload_to_minio.py:31} INFO - ℹ️ Bucket 'marketing-bucket' already exists
[2025-05-24T09:18:19.964+0000] {metadata.py:107} INFO - 📝 Logged stage 'uploaded' for contacts_2025-05-24.csv at 2025-05-24T09:18:19.850038
[2025-05-24T09:18:19.970+0000] {upload_to_minio.py:56} INFO - 📤 Uploaded contacts_2025-05-24.csv to quarantine-data/contacts/2025-05-24/contacts_2025-05-24.csv
[2025-05-24T09:18:20.762+0000] {metadata.py:107} INFO - 📝 Logged stage 'uploaded' for form_fills_2025-05-24.parquet at 2025-05-24T09:18:20.480521
[2025-05-24T09:18:20.770+0000] {upload_to_minio.py:56} INFO - 📤 Uploaded form_fills_2025-05-24.parquet to quarantine-data/form_fills/2025-05-24/form_fills_2025-05-24.parquet
[2025-05-24T09:18:21.359+0000] {metadata.py:107} INFO - 📝 Logged stage 'uploaded' for website_activity_2025-05-24.json at 2025-05-24T09:18:21.213168
[2025-05-24T09:18:21.372+0000] {upload_to_minio.py:56} INFO - 📤 Uploaded website_activity_2025-05-24.json to quarantine-data/website_activity/2025-05-24/website_activity_2025-05-24.json
[2025-05-24T09:18:21.390+0000] {main_pipeline_dag.py:27} INFO - ✅ Completed task: Upload Quarantined to MinIO
[2025-05-24T09:18:21.408+0000] {python.py:201} INFO - Done. Returned value was: None
[2025-05-24T09:18:21.521+0000] {taskinstance.py:1138} INFO - Marking task as SUCCESS. dag_id=marketing_data_pipeline, task_id=upload_quarantined_to_minio, execution_date=20250524T091705, start_date=20250524T091818, end_date=20250524T091821
[2025-05-24T09:18:22.730+0000] {local_task_job_runner.py:234} INFO - Task exited with return code 0
[2025-05-24T09:18:22.990+0000] {taskinstance.py:3280} INFO - 1 downstream tasks scheduled from follow-on schedule check
