[2025-05-27T20:58:05.825+0000] {taskinstance.py:1956} INFO - Dependencies all met for dep_context=non-requeueable deps ti=<TaskInstance: Marketing_Data_Pipeline.init_metadata_db scheduled__2025-05-24T00:00:00+00:00 [queued]>
[2025-05-27T20:58:05.854+0000] {taskinstance.py:1956} INFO - Dependencies all met for dep_context=requeueable deps ti=<TaskInstance: Marketing_Data_Pipeline.init_metadata_db scheduled__2025-05-24T00:00:00+00:00 [queued]>
[2025-05-27T20:58:05.867+0000] {taskinstance.py:2170} INFO - Starting attempt 1 of 2
[2025-05-27T20:58:05.925+0000] {taskinstance.py:2191} INFO - Executing <Task(PythonOperator): init_metadata_db> on 2025-05-24 00:00:00+00:00
[2025-05-27T20:58:05.949+0000] {standard_task_runner.py:60} INFO - Started process 895 to run task
[2025-05-27T20:58:06.020+0000] {standard_task_runner.py:87} INFO - Running: ['***', 'tasks', 'run', 'Marketing_Data_Pipeline', 'init_metadata_db', 'scheduled__2025-05-24T00:00:00+00:00', '--job-id', '9', '--raw', '--subdir', 'DAGS_FOLDER/Marketing_Data_Pipeline.py', '--cfg-path', '/tmp/tmpa57itfcq']
[2025-05-27T20:58:06.049+0000] {standard_task_runner.py:88} INFO - Job 9: Subtask init_metadata_db
[2025-05-27T20:58:06.601+0000] {task_command.py:423} INFO - Running <TaskInstance: Marketing_Data_Pipeline.init_metadata_db scheduled__2025-05-24T00:00:00+00:00 [running]> on host e36596b3bee1
[2025-05-27T20:58:06.958+0000] {taskinstance.py:2480} INFO - Exporting env vars: AIRFLOW_CTX_DAG_EMAIL='yashbhawsar872@gmail.com' AIRFLOW_CTX_DAG_OWNER='Yash' AIRFLOW_CTX_DAG_ID='Marketing_Data_Pipeline' AIRFLOW_CTX_TASK_ID='init_metadata_db' AIRFLOW_CTX_EXECUTION_DATE='2025-05-24T00:00:00+00:00' AIRFLOW_CTX_TRY_NUMBER='1' AIRFLOW_CTX_DAG_RUN_ID='scheduled__2025-05-24T00:00:00+00:00'
[2025-05-27T20:58:06.969+0000] {Marketing_Data_Pipeline.py:39} INFO - ▶️ Starting task: Init Metadata DB
[2025-05-27T20:58:07.038+0000] {metadata.py:32} INFO - 🔧 Initializing metadata database...
[2025-05-27T20:58:07.663+0000] {metadata.py:70} INFO - ✅ Metadata DB initialized.
[2025-05-27T20:58:07.694+0000] {Marketing_Data_Pipeline.py:41} INFO - ✅ Completed task: Init Metadata DB
[2025-05-27T20:58:07.805+0000] {python.py:201} INFO - Done. Returned value was: None
[2025-05-27T20:58:07.899+0000] {taskinstance.py:1138} INFO - Marking task as SUCCESS. dag_id=Marketing_Data_Pipeline, task_id=init_metadata_db, execution_date=20250524T000000, start_date=20250527T205805, end_date=20250527T205807
[2025-05-27T20:58:07.970+0000] {local_task_job_runner.py:234} INFO - Task exited with return code 0
[2025-05-27T20:58:08.104+0000] {taskinstance.py:3280} INFO - 3 downstream tasks scheduled from follow-on schedule check
[2025-05-27T21:23:59.026+0000] {taskinstance.py:1956} INFO - Dependencies all met for dep_context=non-requeueable deps ti=<TaskInstance: Marketing_Data_Pipeline.init_metadata_db scheduled__2025-05-24T00:00:00+00:00 [queued]>
[2025-05-27T21:23:59.988+0000] {taskinstance.py:1956} INFO - Dependencies all met for dep_context=requeueable deps ti=<TaskInstance: Marketing_Data_Pipeline.init_metadata_db scheduled__2025-05-24T00:00:00+00:00 [queued]>
[2025-05-27T21:24:00.007+0000] {taskinstance.py:2170} INFO - Starting attempt 1 of 2
[2025-05-27T21:24:01.771+0000] {taskinstance.py:2191} INFO - Executing <Task(PythonOperator): init_metadata_db> on 2025-05-24 00:00:00+00:00
[2025-05-27T21:24:01.826+0000] {standard_task_runner.py:60} INFO - Started process 291 to run task
[2025-05-27T21:24:04.253+0000] {standard_task_runner.py:87} INFO - Running: ['***', 'tasks', 'run', 'Marketing_Data_Pipeline', 'init_metadata_db', 'scheduled__2025-05-24T00:00:00+00:00', '--job-id', '4', '--raw', '--subdir', 'DAGS_FOLDER/Marketing_Data_Pipeline.py', '--cfg-path', '/tmp/tmpzj6fw9ur']
[2025-05-27T21:24:04.300+0000] {standard_task_runner.py:88} INFO - Job 4: Subtask init_metadata_db
[2025-05-27T21:24:08.890+0000] {task_command.py:423} INFO - Running <TaskInstance: Marketing_Data_Pipeline.init_metadata_db scheduled__2025-05-24T00:00:00+00:00 [running]> on host 485388d78c3d
[2025-05-27T21:24:10.609+0000] {taskinstance.py:2480} INFO - Exporting env vars: AIRFLOW_CTX_DAG_EMAIL='yashbhawsar872@gmail.com' AIRFLOW_CTX_DAG_OWNER='Yash' AIRFLOW_CTX_DAG_ID='Marketing_Data_Pipeline' AIRFLOW_CTX_TASK_ID='init_metadata_db' AIRFLOW_CTX_EXECUTION_DATE='2025-05-24T00:00:00+00:00' AIRFLOW_CTX_TRY_NUMBER='1' AIRFLOW_CTX_DAG_RUN_ID='scheduled__2025-05-24T00:00:00+00:00'
[2025-05-27T21:24:10.628+0000] {Marketing_Data_Pipeline.py:39} INFO - ▶️ Starting task: Init Metadata DB
[2025-05-27T21:24:12.108+0000] {metadata.py:32} INFO - 🔧 Initializing metadata database...
[2025-05-27T21:24:15.936+0000] {metadata.py:70} INFO - ✅ Metadata DB initialized.
[2025-05-27T21:24:16.035+0000] {Marketing_Data_Pipeline.py:41} INFO - ✅ Completed task: Init Metadata DB
[2025-05-27T21:24:16.042+0000] {python.py:201} INFO - Done. Returned value was: None
[2025-05-27T21:24:20.579+0000] {taskinstance.py:1138} INFO - Marking task as SUCCESS. dag_id=Marketing_Data_Pipeline, task_id=init_metadata_db, execution_date=20250524T000000, start_date=20250527T212359, end_date=20250527T212420
[2025-05-27T21:24:21.250+0000] {local_task_job_runner.py:234} INFO - Task exited with return code 0
[2025-05-27T21:24:21.469+0000] {taskinstance.py:3280} INFO - 3 downstream tasks scheduled from follow-on schedule check
