[2025-05-27T21:29:20.487+0000] {taskinstance.py:1956} INFO - Dependencies all met for dep_context=non-requeueable deps ti=<TaskInstance: Marketing_Data_Pipeline.load_minio_to_snowflake scheduled__2025-05-24T00:00:00+00:00 [queued]>
[2025-05-27T21:29:20.509+0000] {taskinstance.py:1956} INFO - Dependencies all met for dep_context=requeueable deps ti=<TaskInstance: Marketing_Data_Pipeline.load_minio_to_snowflake scheduled__2025-05-24T00:00:00+00:00 [queued]>
[2025-05-27T21:29:20.510+0000] {taskinstance.py:2170} INFO - Starting attempt 1 of 2
[2025-05-27T21:29:20.535+0000] {taskinstance.py:2191} INFO - Executing <Task(PythonOperator): load_minio_to_snowflake> on 2025-05-24 00:00:00+00:00
[2025-05-27T21:29:20.550+0000] {standard_task_runner.py:60} INFO - Started process 491 to run task
[2025-05-27T21:29:20.559+0000] {standard_task_runner.py:87} INFO - Running: ['***', 'tasks', 'run', 'Marketing_Data_Pipeline', 'load_minio_to_snowflake', 'scheduled__2025-05-24T00:00:00+00:00', '--job-id', '27', '--raw', '--subdir', 'DAGS_FOLDER/Marketing_Data_Pipeline.py', '--cfg-path', '/tmp/tmpoo44szgq']
[2025-05-27T21:29:20.565+0000] {standard_task_runner.py:88} INFO - Job 27: Subtask load_minio_to_snowflake
[2025-05-27T21:29:20.749+0000] {task_command.py:423} INFO - Running <TaskInstance: Marketing_Data_Pipeline.load_minio_to_snowflake scheduled__2025-05-24T00:00:00+00:00 [running]> on host 485388d78c3d
[2025-05-27T21:29:21.105+0000] {taskinstance.py:2480} INFO - Exporting env vars: AIRFLOW_CTX_DAG_EMAIL='yashbhawsar872@gmail.com' AIRFLOW_CTX_DAG_OWNER='Yash' AIRFLOW_CTX_DAG_ID='Marketing_Data_Pipeline' AIRFLOW_CTX_TASK_ID='load_minio_to_snowflake' AIRFLOW_CTX_EXECUTION_DATE='2025-05-24T00:00:00+00:00' AIRFLOW_CTX_TRY_NUMBER='1' AIRFLOW_CTX_DAG_RUN_ID='scheduled__2025-05-24T00:00:00+00:00'
[2025-05-27T21:29:21.111+0000] {Marketing_Data_Pipeline.py:39} INFO - ▶️ Starting task: Upload valid-data to Snowflake RAW
[2025-05-27T21:29:22.044+0000] {snowflake_upload.py:103} INFO - [⏬] downloaded valid-data/contacts/2025-05-24/contacts_2025-05-24.csv → /tmp/tmpnq3ko41m/contacts_2025-05-24.csv
[2025-05-27T21:29:22.050+0000] {connection.py:486} INFO - Snowflake Connector for Python Version: 3.15.0, Python Version: 3.10.13, Platform: Linux-5.15.90.1-microsoft-standard-WSL2-x86_64-with-glibc2.36
[2025-05-27T21:29:22.053+0000] {connection.py:1391} INFO - Connecting to GLOBAL Snowflake domain
[2025-05-27T21:29:29.549+0000] {snowflake_upload.py:124} INFO - [INFO] running: PUT file:///tmp/tmpnq3ko41m/contacts_2025-05-24.csv @RAW_CONTACTS_STAGE/2025-05-24/
[2025-05-27T21:29:29.555+0000] {snowflake_upload.py:135} INFO - [INFO] running COPY INTO RAW.contacts
[2025-05-27T21:29:30.657+0000] {snowflake_upload.py:138} INFO - [✅] loaded contacts for 2025-05-24
[2025-05-27T21:29:31.247+0000] {snowflake_upload.py:103} INFO - [⏬] downloaded valid-data/form_fills/2025-05-24/form_fills_2025-05-24.parquet → /tmp/tmp19v1lo70/form_fills_2025-05-24.parquet
[2025-05-27T21:29:31.252+0000] {connection.py:486} INFO - Snowflake Connector for Python Version: 3.15.0, Python Version: 3.10.13, Platform: Linux-5.15.90.1-microsoft-standard-WSL2-x86_64-with-glibc2.36
[2025-05-27T21:29:31.267+0000] {connection.py:1391} INFO - Connecting to GLOBAL Snowflake domain
[2025-05-27T21:29:33.206+0000] {snowflake_upload.py:124} INFO - [INFO] running: PUT file:///tmp/tmp19v1lo70/form_fills_2025-05-24.parquet @RAW_FORM_FILLS_STAGE/2025-05-24/
[2025-05-27T21:29:33.211+0000] {snowflake_upload.py:135} INFO - [INFO] running COPY INTO RAW.form_fills
[2025-05-27T21:29:33.915+0000] {snowflake_upload.py:138} INFO - [✅] loaded form_fills for 2025-05-24
[2025-05-27T21:29:34.244+0000] {snowflake_upload.py:103} INFO - [⏬] downloaded valid-data/website_activity/2025-05-24/website_activity_2025-05-24.json → /tmp/tmpp1trlc4h/website_activity_2025-05-24.json
[2025-05-27T21:29:34.248+0000] {connection.py:486} INFO - Snowflake Connector for Python Version: 3.15.0, Python Version: 3.10.13, Platform: Linux-5.15.90.1-microsoft-standard-WSL2-x86_64-with-glibc2.36
[2025-05-27T21:29:34.250+0000] {connection.py:1391} INFO - Connecting to GLOBAL Snowflake domain
[2025-05-27T21:29:35.787+0000] {snowflake_upload.py:124} INFO - [INFO] running: PUT file:///tmp/tmpp1trlc4h/website_activity_2025-05-24.json @RAW_WEBSITE_ACTIVITY_STAGE/2025-05-24/
[2025-05-27T21:29:35.791+0000] {snowflake_upload.py:135} INFO - [INFO] running COPY INTO RAW.website_activity
[2025-05-27T21:29:36.583+0000] {snowflake_upload.py:138} INFO - [✅] loaded website_activity for 2025-05-24
[2025-05-27T21:29:36.997+0000] {snowflake_upload.py:103} INFO - [⏬] downloaded valid-data/campaigns/2025-05-24/campaigns_2025-05-24.json → /tmp/tmp30pl8aa_/campaigns_2025-05-24.json
[2025-05-27T21:29:37.001+0000] {connection.py:486} INFO - Snowflake Connector for Python Version: 3.15.0, Python Version: 3.10.13, Platform: Linux-5.15.90.1-microsoft-standard-WSL2-x86_64-with-glibc2.36
[2025-05-27T21:29:37.003+0000] {connection.py:1391} INFO - Connecting to GLOBAL Snowflake domain
[2025-05-27T21:29:38.377+0000] {snowflake_upload.py:124} INFO - [INFO] running: PUT file:///tmp/tmp30pl8aa_/campaigns_2025-05-24.json @RAW_CAMPAIGNS_STAGE/2025-05-24/
[2025-05-27T21:29:38.382+0000] {snowflake_upload.py:135} INFO - [INFO] running COPY INTO RAW.campaigns
[2025-05-27T21:29:39.132+0000] {snowflake_upload.py:138} INFO - [✅] loaded campaigns for 2025-05-24
[2025-05-27T21:29:39.513+0000] {snowflake_upload.py:103} INFO - [⏬] downloaded valid-data/forms/2025-05-24/forms_2025-05-24.json → /tmp/tmpg_rhyfqn/forms_2025-05-24.json
[2025-05-27T21:29:39.517+0000] {connection.py:486} INFO - Snowflake Connector for Python Version: 3.15.0, Python Version: 3.10.13, Platform: Linux-5.15.90.1-microsoft-standard-WSL2-x86_64-with-glibc2.36
[2025-05-27T21:29:39.519+0000] {connection.py:1391} INFO - Connecting to GLOBAL Snowflake domain
[2025-05-27T21:29:40.922+0000] {snowflake_upload.py:124} INFO - [INFO] running: PUT file:///tmp/tmpg_rhyfqn/forms_2025-05-24.json @RAW_FORMS_STAGE/2025-05-24/
[2025-05-27T21:29:40.927+0000] {snowflake_upload.py:135} INFO - [INFO] running COPY INTO RAW.forms
[2025-05-27T21:29:41.567+0000] {snowflake_upload.py:138} INFO - [✅] loaded forms for 2025-05-24
[2025-05-27T21:29:41.904+0000] {snowflake_upload.py:103} INFO - [⏬] downloaded valid-data/pages/2025-05-24/pages_2025-05-24.json → /tmp/tmpbmi0_c1c/pages_2025-05-24.json
[2025-05-27T21:29:41.910+0000] {connection.py:486} INFO - Snowflake Connector for Python Version: 3.15.0, Python Version: 3.10.13, Platform: Linux-5.15.90.1-microsoft-standard-WSL2-x86_64-with-glibc2.36
[2025-05-27T21:29:41.917+0000] {connection.py:1391} INFO - Connecting to GLOBAL Snowflake domain
[2025-05-27T21:29:43.558+0000] {snowflake_upload.py:124} INFO - [INFO] running: PUT file:///tmp/tmpbmi0_c1c/pages_2025-05-24.json @RAW_PAGES_STAGE/2025-05-24/
[2025-05-27T21:29:43.562+0000] {snowflake_upload.py:135} INFO - [INFO] running COPY INTO RAW.pages
[2025-05-27T21:29:44.413+0000] {snowflake_upload.py:138} INFO - [✅] loaded pages for 2025-05-24
[2025-05-27T21:29:44.631+0000] {Marketing_Data_Pipeline.py:41} INFO - ✅ Completed task: Upload valid-data to Snowflake RAW
[2025-05-27T21:29:44.636+0000] {python.py:201} INFO - Done. Returned value was: None
[2025-05-27T21:29:44.665+0000] {taskinstance.py:1138} INFO - Marking task as SUCCESS. dag_id=Marketing_Data_Pipeline, task_id=load_minio_to_snowflake, execution_date=20250524T000000, start_date=20250527T212920, end_date=20250527T212944
[2025-05-27T21:29:44.745+0000] {local_task_job_runner.py:234} INFO - Task exited with return code 0
[2025-05-27T21:29:44.817+0000] {taskinstance.py:3280} INFO - 1 downstream tasks scheduled from follow-on schedule check
