[2025-05-27T22:18:23.776+0000] {taskinstance.py:1956} INFO - Dependencies all met for dep_context=non-requeueable deps ti=<TaskInstance: Marketing_Data_Pipeline.dbt_run.dbt_run_staging manual__2025-05-26T00:00:00+00:00 [queued]>
[2025-05-27T22:18:23.800+0000] {taskinstance.py:1956} INFO - Dependencies all met for dep_context=requeueable deps ti=<TaskInstance: Marketing_Data_Pipeline.dbt_run.dbt_run_staging manual__2025-05-26T00:00:00+00:00 [queued]>
[2025-05-27T22:18:23.801+0000] {taskinstance.py:2170} INFO - Starting attempt 1 of 2
[2025-05-27T22:18:23.826+0000] {taskinstance.py:2191} INFO - Executing <Task(PythonOperator): dbt_run.dbt_run_staging> on 2025-05-26 00:00:00+00:00
[2025-05-27T22:18:23.837+0000] {standard_task_runner.py:60} INFO - Started process 1846 to run task
[2025-05-27T22:18:23.846+0000] {standard_task_runner.py:87} INFO - Running: ['***', 'tasks', 'run', 'Marketing_Data_Pipeline', 'dbt_run.dbt_run_staging', 'manual__2025-05-26T00:00:00+00:00', '--job-id', '74', '--raw', '--subdir', 'DAGS_FOLDER/Marketing_Data_Pipeline.py', '--cfg-path', '/tmp/tmpsw5f0s_1']
[2025-05-27T22:18:23.851+0000] {standard_task_runner.py:88} INFO - Job 74: Subtask dbt_run.dbt_run_staging
[2025-05-27T22:18:24.001+0000] {task_command.py:423} INFO - Running <TaskInstance: Marketing_Data_Pipeline.dbt_run.dbt_run_staging manual__2025-05-26T00:00:00+00:00 [running]> on host 485388d78c3d
[2025-05-27T22:18:24.236+0000] {taskinstance.py:2480} INFO - Exporting env vars: AIRFLOW_CTX_DAG_EMAIL='yashbhawsar872@gmail.com' AIRFLOW_CTX_DAG_OWNER='Yash' AIRFLOW_CTX_DAG_ID='Marketing_Data_Pipeline' AIRFLOW_CTX_TASK_ID='dbt_run.dbt_run_staging' AIRFLOW_CTX_EXECUTION_DATE='2025-05-26T00:00:00+00:00' AIRFLOW_CTX_TRY_NUMBER='1' AIRFLOW_CTX_DAG_RUN_ID='manual__2025-05-26T00:00:00+00:00'
[2025-05-27T22:18:24.239+0000] {Marketing_Data_Pipeline.py:39} INFO - ▶️ Starting task: Run staging models
[2025-05-27T22:18:24.244+0000] {utils.py:65} INFO - Running dbt command: cd /opt/dbt/marketing_pipeline && dbt run --models staging --vars '{"batch_date": "2025-05-26"}'
[2025-05-27T22:18:30.634+0000] {utils.py:78} INFO - [0m22:18:30  Running with dbt=1.9.4
[2025-05-27T22:18:32.550+0000] {utils.py:78} INFO - [0m22:18:32  Registered adapter: snowflake=1.9.4
[2025-05-27T22:18:33.330+0000] {utils.py:78} INFO - [0m22:18:33  Unable to do partial parsing because config vars, config profile, or config target have changed
[2025-05-27T22:18:41.094+0000] {utils.py:78} INFO - [0m22:18:41  Found 12 models, 70 data tests, 6 sources, 479 macros
[2025-05-27T22:18:41.115+0000] {utils.py:78} INFO - [0m22:18:41
[2025-05-27T22:18:41.124+0000] {utils.py:78} INFO - [0m22:18:41  Concurrency: 4 threads (target='dev')
[2025-05-27T22:18:41.129+0000] {utils.py:78} INFO - [0m22:18:41
[2025-05-27T22:18:43.096+0000] {utils.py:78} INFO - [0m22:18:43  1 of 6 START sql incremental model STG.stg_campaigns ........................... [RUN]
[2025-05-27T22:18:43.101+0000] {utils.py:78} INFO - [0m22:18:43  2 of 6 START sql incremental model STG.stg_contacts ............................ [RUN]
[2025-05-27T22:18:43.107+0000] {utils.py:78} INFO - [0m22:18:43  3 of 6 START sql incremental model STG.stg_form_fills .......................... [RUN]
[2025-05-27T22:18:43.114+0000] {utils.py:78} INFO - [0m22:18:43  4 of 6 START sql incremental model STG.stg_forms ............................... [RUN]
[2025-05-27T22:18:46.090+0000] {utils.py:78} INFO - [0m22:18:46  1 of 6 OK created sql incremental model STG.stg_campaigns ...................... [[32mSUCCESS 3[0m in 2.97s]
[2025-05-27T22:18:46.105+0000] {utils.py:78} INFO - [0m22:18:46  5 of 6 START sql incremental model STG.stg_pages ............................... [RUN]
[2025-05-27T22:18:46.331+0000] {utils.py:78} INFO - [0m22:18:46  2 of 6 OK created sql incremental model STG.stg_contacts ....................... [[32mSUCCESS 1000[0m in 3.21s]
[2025-05-27T22:18:46.345+0000] {utils.py:78} INFO - [0m22:18:46  6 of 6 START sql incremental model STG.stg_website_activity .................... [RUN]
[2025-05-27T22:18:46.393+0000] {utils.py:78} INFO - [0m22:18:46  4 of 6 OK created sql incremental model STG.stg_forms .......................... [[32mSUCCESS 4[0m in 3.26s]
[2025-05-27T22:18:46.763+0000] {utils.py:78} INFO - [0m22:18:46  3 of 6 OK created sql incremental model STG.stg_form_fills ..................... [[32mSUCCESS 1000[0m in 3.64s]
[2025-05-27T22:18:48.793+0000] {utils.py:78} INFO - [0m22:18:48  5 of 6 OK created sql incremental model STG.stg_pages .......................... [[32mSUCCESS 4[0m in 2.68s]
[2025-05-27T22:18:49.246+0000] {utils.py:78} INFO - [0m22:18:49  6 of 6 OK created sql incremental model STG.stg_website_activity ............... [[32mSUCCESS 1000[0m in 2.89s]
[2025-05-27T22:18:50.136+0000] {utils.py:78} INFO - [0m22:18:50
[2025-05-27T22:18:50.140+0000] {utils.py:78} INFO - [0m22:18:50  Finished running 6 incremental models in 0 hours 0 minutes and 9.00 seconds (9.00s).
[2025-05-27T22:18:50.401+0000] {utils.py:78} INFO - [0m22:18:50
[2025-05-27T22:18:50.406+0000] {utils.py:78} INFO - [0m22:18:50  [32mCompleted successfully[0m
[2025-05-27T22:18:50.411+0000] {utils.py:78} INFO - [0m22:18:50
[2025-05-27T22:18:50.419+0000] {utils.py:78} INFO - [0m22:18:50  Done. PASS=6 WARN=0 ERROR=0 SKIP=0 TOTAL=6
[2025-05-27T22:18:51.202+0000] {Marketing_Data_Pipeline.py:41} INFO - ✅ Completed task: Run staging models
[2025-05-27T22:18:51.206+0000] {python.py:201} INFO - Done. Returned value was: None
[2025-05-27T22:18:51.234+0000] {taskinstance.py:1138} INFO - Marking task as SUCCESS. dag_id=Marketing_Data_Pipeline, task_id=dbt_run.dbt_run_staging, execution_date=20250526T000000, start_date=20250527T221823, end_date=20250527T221851
[2025-05-27T22:18:51.325+0000] {local_task_job_runner.py:234} INFO - Task exited with return code 0
[2025-05-27T22:18:51.469+0000] {taskinstance.py:3280} INFO - 0 downstream tasks scheduled from follow-on schedule check
