[2025-05-26T00:01:20.016+0000] {taskinstance.py:1956} INFO - Dependencies all met for dep_context=non-requeueable deps ti=<TaskInstance: Marketing_Data_Pipeline.dbt_run.dbt_run_staging scheduled__2025-05-25T00:00:00+00:00 [queued]>
[2025-05-26T00:01:20.036+0000] {taskinstance.py:1956} INFO - Dependencies all met for dep_context=requeueable deps ti=<TaskInstance: Marketing_Data_Pipeline.dbt_run.dbt_run_staging scheduled__2025-05-25T00:00:00+00:00 [queued]>
[2025-05-26T00:01:20.038+0000] {taskinstance.py:2170} INFO - Starting attempt 1 of 2
[2025-05-26T00:01:20.063+0000] {taskinstance.py:2191} INFO - Executing <Task(PythonOperator): dbt_run.dbt_run_staging> on 2025-05-25 00:00:00+00:00
[2025-05-26T00:01:20.073+0000] {standard_task_runner.py:60} INFO - Started process 27150 to run task
[2025-05-26T00:01:20.079+0000] {standard_task_runner.py:87} INFO - Running: ['***', 'tasks', 'run', 'Marketing_Data_Pipeline', 'dbt_run.dbt_run_staging', 'scheduled__2025-05-25T00:00:00+00:00', '--job-id', '182', '--raw', '--subdir', 'DAGS_FOLDER/Marketing_Data_Pipeline.py', '--cfg-path', '/tmp/tmpfvkfb4rk']
[2025-05-26T00:01:20.083+0000] {standard_task_runner.py:88} INFO - Job 182: Subtask dbt_run.dbt_run_staging
[2025-05-26T00:01:20.207+0000] {task_command.py:423} INFO - Running <TaskInstance: Marketing_Data_Pipeline.dbt_run.dbt_run_staging scheduled__2025-05-25T00:00:00+00:00 [running]> on host fe289fe396bd
[2025-05-26T00:01:20.402+0000] {taskinstance.py:2480} INFO - Exporting env vars: AIRFLOW_CTX_DAG_EMAIL='yashbhawsar872@gmail.com' AIRFLOW_CTX_DAG_OWNER='Yash' AIRFLOW_CTX_DAG_ID='Marketing_Data_Pipeline' AIRFLOW_CTX_TASK_ID='dbt_run.dbt_run_staging' AIRFLOW_CTX_EXECUTION_DATE='2025-05-25T00:00:00+00:00' AIRFLOW_CTX_TRY_NUMBER='1' AIRFLOW_CTX_DAG_RUN_ID='scheduled__2025-05-25T00:00:00+00:00'
[2025-05-26T00:01:20.404+0000] {Marketing_Data_Pipeline.py:39} INFO - ▶️ Starting task: Run staging models
[2025-05-26T00:01:20.407+0000] {utils.py:65} INFO - Running dbt command: cd /opt/dbt/marketing_pipeline && dbt run --models staging --vars '{"batch_date": "2025-05-25"}'
[2025-05-26T00:01:23.996+0000] {utils.py:78} INFO - [0m00:01:23  Running with dbt=1.9.4
[2025-05-26T00:01:25.867+0000] {utils.py:78} INFO - [0m00:01:25  Registered adapter: snowflake=1.9.4
[2025-05-26T00:01:26.847+0000] {utils.py:78} INFO - [0m00:01:26  Unable to do partial parsing because config vars, config profile, or config target have changed
[2025-05-26T00:01:33.998+0000] {utils.py:78} INFO - [0m00:01:33  Found 12 models, 79 data tests, 6 sources, 479 macros
[2025-05-26T00:01:34.013+0000] {utils.py:78} INFO - [0m00:01:34
[2025-05-26T00:01:34.018+0000] {utils.py:78} INFO - [0m00:01:34  Concurrency: 4 threads (target='dev')
[2025-05-26T00:01:34.023+0000] {utils.py:78} INFO - [0m00:01:34
[2025-05-26T00:01:36.016+0000] {utils.py:78} INFO - [0m00:01:36  1 of 6 START sql incremental model STG.stg_campaigns ........................... [RUN]
[2025-05-26T00:01:36.020+0000] {utils.py:78} INFO - [0m00:01:36  2 of 6 START sql incremental model STG.stg_contacts ............................ [RUN]
[2025-05-26T00:01:36.024+0000] {utils.py:78} INFO - [0m00:01:36  3 of 6 START sql incremental model STG.stg_form_fills .......................... [RUN]
[2025-05-26T00:01:36.028+0000] {utils.py:78} INFO - [0m00:01:36  4 of 6 START sql incremental model STG.stg_forms ............................... [RUN]
[2025-05-26T00:01:39.280+0000] {utils.py:78} INFO - [0m00:01:39  1 of 6 OK created sql incremental model STG.stg_campaigns ...................... [[32mSUCCESS 3[0m in 3.24s]
[2025-05-26T00:01:39.294+0000] {utils.py:78} INFO - [0m00:01:39  5 of 6 START sql incremental model STG.stg_pages ............................... [RUN]
[2025-05-26T00:01:39.607+0000] {utils.py:78} INFO - [0m00:01:39  2 of 6 OK created sql incremental model STG.stg_contacts ....................... [[32mSUCCESS 1000[0m in 3.57s]
[2025-05-26T00:01:39.617+0000] {utils.py:78} INFO - [0m00:01:39  4 of 6 OK created sql incremental model STG.stg_forms .......................... [[32mSUCCESS 4[0m in 3.57s]
[2025-05-26T00:01:39.649+0000] {utils.py:78} INFO - [0m00:01:39  6 of 6 START sql incremental model STG.stg_website_activity .................... [RUN]
[2025-05-26T00:01:40.194+0000] {utils.py:78} INFO - [0m00:01:40  3 of 6 OK created sql incremental model STG.stg_form_fills ..................... [[32mSUCCESS 1000[0m in 4.15s]
[2025-05-26T00:01:41.533+0000] {utils.py:78} INFO - [0m00:01:41  5 of 6 OK created sql incremental model STG.stg_pages .......................... [[32mSUCCESS 4[0m in 2.22s]
[2025-05-26T00:01:42.592+0000] {utils.py:78} INFO - [0m00:01:42  6 of 6 OK created sql incremental model STG.stg_website_activity ............... [[32mSUCCESS 1000[0m in 2.93s]
[2025-05-26T00:01:43.485+0000] {utils.py:78} INFO - [0m00:01:43
[2025-05-26T00:01:43.489+0000] {utils.py:78} INFO - [0m00:01:43  Finished running 6 incremental models in 0 hours 0 minutes and 9.46 seconds (9.46s).
[2025-05-26T00:01:43.779+0000] {utils.py:78} INFO - [0m00:01:43
[2025-05-26T00:01:43.784+0000] {utils.py:78} INFO - [0m00:01:43  [32mCompleted successfully[0m
[2025-05-26T00:01:43.792+0000] {utils.py:78} INFO - [0m00:01:43
[2025-05-26T00:01:43.798+0000] {utils.py:78} INFO - [0m00:01:43  Done. PASS=6 WARN=0 ERROR=0 SKIP=0 TOTAL=6
[2025-05-26T00:01:44.522+0000] {Marketing_Data_Pipeline.py:41} INFO - ✅ Completed task: Run staging models
[2025-05-26T00:01:44.525+0000] {python.py:201} INFO - Done. Returned value was: None
[2025-05-26T00:01:44.552+0000] {taskinstance.py:1138} INFO - Marking task as SUCCESS. dag_id=Marketing_Data_Pipeline, task_id=dbt_run.dbt_run_staging, execution_date=20250525T000000, start_date=20250526T000120, end_date=20250526T000144
[2025-05-26T00:01:44.598+0000] {local_task_job_runner.py:234} INFO - Task exited with return code 0
[2025-05-26T00:01:44.672+0000] {taskinstance.py:3280} INFO - 1 downstream tasks scheduled from follow-on schedule check
