[2025-05-25T16:39:57.647+0000] {taskinstance.py:1956} INFO - Dependencies all met for dep_context=non-requeueable deps ti=<TaskInstance: final_marketing_data_pipeline.dbt_run.dbt_run_staging manual__2025-05-25T16:25:47.685943+00:00 [queued]>
[2025-05-25T16:39:57.678+0000] {taskinstance.py:1956} INFO - Dependencies all met for dep_context=requeueable deps ti=<TaskInstance: final_marketing_data_pipeline.dbt_run.dbt_run_staging manual__2025-05-25T16:25:47.685943+00:00 [queued]>
[2025-05-25T16:39:57.680+0000] {taskinstance.py:2170} INFO - Starting attempt 3 of 4
[2025-05-25T16:39:58.685+0000] {taskinstance.py:2191} INFO - Executing <Task(PythonOperator): dbt_run.dbt_run_staging> on 2025-05-25 16:25:47.685943+00:00
[2025-05-25T16:39:58.709+0000] {standard_task_runner.py:60} INFO - Started process 16349 to run task
[2025-05-25T16:39:58.716+0000] {standard_task_runner.py:87} INFO - Running: ['***', 'tasks', 'run', 'final_marketing_data_pipeline', 'dbt_run.dbt_run_staging', 'manual__2025-05-25T16:25:47.685943+00:00', '--job-id', '125', '--raw', '--subdir', 'DAGS_FOLDER/test.py', '--cfg-path', '/tmp/tmpmzaqu0zz']
[2025-05-25T16:39:58.723+0000] {standard_task_runner.py:88} INFO - Job 125: Subtask dbt_run.dbt_run_staging
[2025-05-25T16:39:59.750+0000] {task_command.py:423} INFO - Running <TaskInstance: final_marketing_data_pipeline.dbt_run.dbt_run_staging manual__2025-05-25T16:25:47.685943+00:00 [running]> on host fe289fe396bd
[2025-05-25T16:40:00.624+0000] {taskinstance.py:2480} INFO - Exporting env vars: AIRFLOW_CTX_DAG_EMAIL='yashbhawsar872@gmail.com' AIRFLOW_CTX_DAG_OWNER='Yash' AIRFLOW_CTX_DAG_ID='final_marketing_data_pipeline' AIRFLOW_CTX_TASK_ID='dbt_run.dbt_run_staging' AIRFLOW_CTX_EXECUTION_DATE='2025-05-25T16:25:47.685943+00:00' AIRFLOW_CTX_TRY_NUMBER='3' AIRFLOW_CTX_DAG_RUN_ID='manual__2025-05-25T16:25:47.685943+00:00'
[2025-05-25T16:40:00.630+0000] {test.py:39} INFO - ▶️ Starting task: Run staging models
[2025-05-25T16:40:00.873+0000] {utils.py:64} INFO - Running dbt command: cd /opt/dbt/marketing_pipeline && dbt run --models staging --vars '{"batch_date": "2025-05-25"}'
[2025-05-25T16:40:16.873+0000] {utils.py:73} INFO - [0m16:40:16  Running with dbt=1.9.4
[2025-05-25T16:40:22.884+0000] {utils.py:73} INFO - [0m16:40:22  Registered adapter: snowflake=1.9.4
[2025-05-25T16:40:35.395+0000] {utils.py:73} INFO - [0m16:40:35  Found 12 models, 79 data tests, 6 sources, 479 macros
[2025-05-25T16:40:35.416+0000] {utils.py:73} INFO - [0m16:40:35
[2025-05-25T16:40:35.426+0000] {utils.py:73} INFO - [0m16:40:35  Concurrency: 4 threads (target='dev')
[2025-05-25T16:40:35.432+0000] {utils.py:73} INFO - [0m16:40:35
[2025-05-25T16:40:40.036+0000] {utils.py:73} INFO - [0m16:40:40  2 of 6 START sql incremental model STG.stg_contacts ............................ [RUN]
[2025-05-25T16:40:40.088+0000] {utils.py:73} INFO - [0m16:40:40  1 of 6 START sql incremental model STG.stg_campaigns ........................... [RUN]
[2025-05-25T16:40:40.120+0000] {utils.py:73} INFO - [0m16:40:40  3 of 6 START sql incremental model STG.stg_form_fills .......................... [RUN]
[2025-05-25T16:40:40.126+0000] {utils.py:73} INFO - [0m16:40:40  4 of 6 START sql incremental model STG.stg_forms ............................... [RUN]
[2025-05-25T16:40:43.445+0000] {utils.py:73} INFO - [0m16:40:43  2 of 6 OK created sql incremental model STG.stg_contacts ....................... [[32mSUCCESS 1[0m in 3.31s]
[2025-05-25T16:40:43.467+0000] {utils.py:73} INFO - [0m16:40:43  5 of 6 START sql incremental model STG.stg_pages ............................... [RUN]
[2025-05-25T16:40:43.478+0000] {utils.py:73} INFO - [0m16:40:43  1 of 6 OK created sql incremental model STG.stg_campaigns ...................... [[32mSUCCESS 1[0m in 3.34s]
[2025-05-25T16:40:43.517+0000] {utils.py:73} INFO - [0m16:40:43  6 of 6 START sql incremental model STG.stg_website_activity .................... [RUN]
[2025-05-25T16:40:43.892+0000] {utils.py:73} INFO - [0m16:40:43  4 of 6 OK created sql incremental model STG.stg_forms .......................... [[32mSUCCESS 1[0m in 3.74s]
[2025-05-25T16:40:43.900+0000] {utils.py:73} INFO - [0m16:40:43  3 of 6 OK created sql incremental model STG.stg_form_fills ..................... [[32mSUCCESS 1[0m in 3.76s]
[2025-05-25T16:40:44.512+0000] {utils.py:73} INFO - [0m16:40:44  6 of 6 OK created sql incremental model STG.stg_website_activity ............... [[32mSUCCESS 1[0m in 0.99s]
[2025-05-25T16:40:44.531+0000] {utils.py:73} INFO - [0m16:40:44  5 of 6 OK created sql incremental model STG.stg_pages .......................... [[32mSUCCESS 1[0m in 1.05s]
[2025-05-25T16:40:45.434+0000] {utils.py:73} INFO - [0m16:40:45
[2025-05-25T16:40:45.443+0000] {utils.py:73} INFO - [0m16:40:45  Finished running 6 incremental models in 0 hours 0 minutes and 10.00 seconds (10.00s).
[2025-05-25T16:40:46.017+0000] {utils.py:73} INFO - [0m16:40:46
[2025-05-25T16:40:46.038+0000] {utils.py:73} INFO - [0m16:40:46  [32mCompleted successfully[0m
[2025-05-25T16:40:46.050+0000] {utils.py:73} INFO - [0m16:40:46
[2025-05-25T16:40:46.074+0000] {utils.py:73} INFO - [0m16:40:46  Done. PASS=6 WARN=0 ERROR=0 SKIP=0 TOTAL=6
[2025-05-25T16:40:47.210+0000] {test.py:41} INFO - ✅ Completed task: Run staging models
[2025-05-25T16:40:47.214+0000] {python.py:201} INFO - Done. Returned value was: None
[2025-05-25T16:40:47.250+0000] {taskinstance.py:1138} INFO - Marking task as SUCCESS. dag_id=final_marketing_data_pipeline, task_id=dbt_run.dbt_run_staging, execution_date=20250525T162547, start_date=20250525T163957, end_date=20250525T164047
[2025-05-25T16:40:47.997+0000] {local_task_job_runner.py:234} INFO - Task exited with return code 0
[2025-05-25T16:40:48.128+0000] {taskinstance.py:3280} INFO - 1 downstream tasks scheduled from follow-on schedule check
