[2025-05-25T19:05:49.564+0000] {taskinstance.py:1956} INFO - Dependencies all met for dep_context=non-requeueable deps ti=<TaskInstance: final_marketing_data_pipeline.dbt_run.dbt_run_staging manual__2025-05-25T16:25:47.685943+00:00 [queued]>
[2025-05-25T19:05:49.618+0000] {taskinstance.py:1956} INFO - Dependencies all met for dep_context=requeueable deps ti=<TaskInstance: final_marketing_data_pipeline.dbt_run.dbt_run_staging manual__2025-05-25T16:25:47.685943+00:00 [queued]>
[2025-05-25T19:05:49.620+0000] {taskinstance.py:2170} INFO - Starting attempt 6 of 7
[2025-05-25T19:05:49.692+0000] {taskinstance.py:2191} INFO - Executing <Task(PythonOperator): dbt_run.dbt_run_staging> on 2025-05-25 16:25:47.685943+00:00
[2025-05-25T19:05:49.714+0000] {standard_task_runner.py:60} INFO - Started process 19840 to run task
[2025-05-25T19:05:49.723+0000] {standard_task_runner.py:87} INFO - Running: ['***', 'tasks', 'run', 'final_marketing_data_pipeline', 'dbt_run.dbt_run_staging', 'manual__2025-05-25T16:25:47.685943+00:00', '--job-id', '134', '--raw', '--subdir', 'DAGS_FOLDER/test.py', '--cfg-path', '/tmp/tmp8k49k535']
[2025-05-25T19:05:49.826+0000] {standard_task_runner.py:88} INFO - Job 134: Subtask dbt_run.dbt_run_staging
[2025-05-25T19:05:50.161+0000] {task_command.py:423} INFO - Running <TaskInstance: final_marketing_data_pipeline.dbt_run.dbt_run_staging manual__2025-05-25T16:25:47.685943+00:00 [running]> on host fe289fe396bd
[2025-05-25T19:05:50.578+0000] {taskinstance.py:2480} INFO - Exporting env vars: AIRFLOW_CTX_DAG_EMAIL='yashbhawsar872@gmail.com' AIRFLOW_CTX_DAG_OWNER='Yash' AIRFLOW_CTX_DAG_ID='final_marketing_data_pipeline' AIRFLOW_CTX_TASK_ID='dbt_run.dbt_run_staging' AIRFLOW_CTX_EXECUTION_DATE='2025-05-25T16:25:47.685943+00:00' AIRFLOW_CTX_TRY_NUMBER='6' AIRFLOW_CTX_DAG_RUN_ID='manual__2025-05-25T16:25:47.685943+00:00'
[2025-05-25T19:05:50.581+0000] {test.py:39} INFO - ▶️ Starting task: Run staging models
[2025-05-25T19:05:50.594+0000] {utils.py:64} INFO - Running dbt command: cd /opt/dbt/marketing_pipeline && dbt run --models staging --vars '{"batch_date": "2025-05-25"}'
[2025-05-25T19:06:05.446+0000] {utils.py:73} INFO - [0m19:06:05  Running with dbt=1.9.4
[2025-05-25T19:06:10.359+0000] {utils.py:73} INFO - [0m19:06:10  Registered adapter: snowflake=1.9.4
[2025-05-25T19:06:17.410+0000] {utils.py:73} INFO - [0m19:06:17  Found 12 models, 79 data tests, 6 sources, 479 macros
[2025-05-25T19:06:17.422+0000] {utils.py:73} INFO - [0m19:06:17
[2025-05-25T19:06:17.427+0000] {utils.py:73} INFO - [0m19:06:17  Concurrency: 4 threads (target='dev')
[2025-05-25T19:06:17.431+0000] {utils.py:73} INFO - [0m19:06:17
[2025-05-25T19:06:22.106+0000] {utils.py:73} INFO - [0m19:06:22  1 of 6 START sql incremental model STG.stg_campaigns ........................... [RUN]
[2025-05-25T19:06:22.110+0000] {utils.py:73} INFO - [0m19:06:22  2 of 6 START sql incremental model STG.stg_contacts ............................ [RUN]
[2025-05-25T19:06:22.114+0000] {utils.py:73} INFO - [0m19:06:22  3 of 6 START sql incremental model STG.stg_form_fills .......................... [RUN]
[2025-05-25T19:06:22.118+0000] {utils.py:73} INFO - [0m19:06:22  4 of 6 START sql incremental model STG.stg_forms ............................... [RUN]
[2025-05-25T19:06:24.555+0000] {utils.py:73} INFO - [0m19:06:24  2 of 6 OK created sql incremental model STG.stg_contacts ....................... [[32mSUCCESS 1[0m in 2.42s]
[2025-05-25T19:06:24.560+0000] {utils.py:73} INFO - [0m19:06:24  1 of 6 OK created sql incremental model STG.stg_campaigns ...................... [[32mSUCCESS 1[0m in 2.42s]
[2025-05-25T19:06:24.586+0000] {utils.py:73} INFO - [0m19:06:24  5 of 6 START sql incremental model STG.stg_pages ............................... [RUN]
[2025-05-25T19:06:24.593+0000] {utils.py:73} INFO - [0m19:06:24  6 of 6 START sql incremental model STG.stg_website_activity .................... [RUN]
[2025-05-25T19:06:25.050+0000] {utils.py:73} INFO - [0m19:06:25  3 of 6 OK created sql incremental model STG.stg_form_fills ..................... [[32mSUCCESS 1[0m in 2.92s]
[2025-05-25T19:06:25.080+0000] {utils.py:73} INFO - [0m19:06:25  4 of 6 OK created sql incremental model STG.stg_forms .......................... [[32mSUCCESS 1[0m in 2.94s]
[2025-05-25T19:06:25.597+0000] {utils.py:73} INFO - [0m19:06:25  5 of 6 OK created sql incremental model STG.stg_pages .......................... [[32mSUCCESS 1[0m in 1.00s]
[2025-05-25T19:06:25.651+0000] {utils.py:73} INFO - [0m19:06:25  6 of 6 OK created sql incremental model STG.stg_website_activity ............... [[32mSUCCESS 1[0m in 1.05s]
[2025-05-25T19:06:26.901+0000] {utils.py:73} INFO - [0m19:06:26
[2025-05-25T19:06:26.906+0000] {utils.py:73} INFO - [0m19:06:26  Finished running 6 incremental models in 0 hours 0 minutes and 9.47 seconds (9.47s).
[2025-05-25T19:06:27.600+0000] {utils.py:73} INFO - [0m19:06:27
[2025-05-25T19:06:27.607+0000] {utils.py:73} INFO - [0m19:06:27  [32mCompleted successfully[0m
[2025-05-25T19:06:27.616+0000] {utils.py:73} INFO - [0m19:06:27
[2025-05-25T19:06:27.626+0000] {utils.py:73} INFO - [0m19:06:27  Done. PASS=6 WARN=0 ERROR=0 SKIP=0 TOTAL=6
[2025-05-25T19:06:29.318+0000] {test.py:41} INFO - ✅ Completed task: Run staging models
[2025-05-25T19:06:29.322+0000] {python.py:201} INFO - Done. Returned value was: None
[2025-05-25T19:06:29.353+0000] {taskinstance.py:1138} INFO - Marking task as SUCCESS. dag_id=final_marketing_data_pipeline, task_id=dbt_run.dbt_run_staging, execution_date=20250525T162547, start_date=20250525T190549, end_date=20250525T190629
[2025-05-25T19:06:29.428+0000] {local_task_job_runner.py:234} INFO - Task exited with return code 0
[2025-05-25T19:06:29.496+0000] {taskinstance.py:3280} INFO - 1 downstream tasks scheduled from follow-on schedule check
