[2025-05-27T22:18:03.472+0000] {taskinstance.py:1956} INFO - Dependencies all met for dep_context=non-requeueable deps ti=<TaskInstance: Marketing_Data_Pipeline.print_metadata_log manual__2025-05-26T00:00:00+00:00 [queued]>
[2025-05-27T22:18:03.502+0000] {taskinstance.py:1956} INFO - Dependencies all met for dep_context=requeueable deps ti=<TaskInstance: Marketing_Data_Pipeline.print_metadata_log manual__2025-05-26T00:00:00+00:00 [queued]>
[2025-05-27T22:18:03.503+0000] {taskinstance.py:2170} INFO - Starting attempt 1 of 2
[2025-05-27T22:18:03.542+0000] {taskinstance.py:2191} INFO - Executing <Task(PythonOperator): print_metadata_log> on 2025-05-26 00:00:00+00:00
[2025-05-27T22:18:03.561+0000] {standard_task_runner.py:60} INFO - Started process 1815 to run task
[2025-05-27T22:18:03.573+0000] {standard_task_runner.py:87} INFO - Running: ['***', 'tasks', 'run', 'Marketing_Data_Pipeline', 'print_metadata_log', 'manual__2025-05-26T00:00:00+00:00', '--job-id', '72', '--raw', '--subdir', 'DAGS_FOLDER/Marketing_Data_Pipeline.py', '--cfg-path', '/tmp/tmp2ug9204a']
[2025-05-27T22:18:03.581+0000] {standard_task_runner.py:88} INFO - Job 72: Subtask print_metadata_log
[2025-05-27T22:18:03.733+0000] {task_command.py:423} INFO - Running <TaskInstance: Marketing_Data_Pipeline.print_metadata_log manual__2025-05-26T00:00:00+00:00 [running]> on host 485388d78c3d
[2025-05-27T22:18:03.987+0000] {taskinstance.py:2480} INFO - Exporting env vars: AIRFLOW_CTX_DAG_EMAIL='yashbhawsar872@gmail.com' AIRFLOW_CTX_DAG_OWNER='Yash' AIRFLOW_CTX_DAG_ID='Marketing_Data_Pipeline' AIRFLOW_CTX_TASK_ID='print_metadata_log' AIRFLOW_CTX_EXECUTION_DATE='2025-05-26T00:00:00+00:00' AIRFLOW_CTX_TRY_NUMBER='1' AIRFLOW_CTX_DAG_RUN_ID='manual__2025-05-26T00:00:00+00:00'
[2025-05-27T22:18:03.993+0000] {Marketing_Data_Pipeline.py:39} INFO - ▶️ Starting task: Print Metadata Logs
[2025-05-27T22:18:04.008+0000] {logging_mixin.py:188} INFO - 
=== File Metadata for 2025-05-26 ===
[2025-05-27T22:18:04.009+0000] {logging_mixin.py:188} INFO - file_name | dataset_type | file_date | generated_at | validated_at | uploaded_at
[2025-05-27T22:18:04.010+0000] {logging_mixin.py:188} INFO - --------------------------------------------------------------------------------
[2025-05-27T22:18:04.042+0000] {logging_mixin.py:188} INFO - campaigns_2025-05-26.json | campaigns | 2025-05-26 | 2025-05-27T22:17:01.763214 | 2025-05-27T22:17:17.865503 | 2025-05-27T22:17:55.276127
[2025-05-27T22:18:04.043+0000] {logging_mixin.py:188} INFO - pages_2025-05-26.json | pages | 2025-05-26 | 2025-05-27T22:17:02.062587 | 2025-05-27T22:17:19.568722 | 2025-05-27T22:17:57.295035
[2025-05-27T22:18:04.044+0000] {logging_mixin.py:188} INFO - forms_2025-05-26.json | forms | 2025-05-26 | 2025-05-27T22:17:05.050047 | 2025-05-27T22:17:21.517078 | 2025-05-27T22:17:56.222965
[2025-05-27T22:18:04.045+0000] {logging_mixin.py:188} INFO - contacts_2025-05-26.csv | contacts | 2025-05-26 | 2025-05-27T22:17:26.902165 | 2025-05-27T22:17:43.027293 | 2025-05-27T22:17:55.694582
[2025-05-27T22:18:04.047+0000] {logging_mixin.py:188} INFO - website_activity_2025-05-26.json | website_activity | 2025-05-26 | 2025-05-27T22:17:33.053853 | 2025-05-27T22:17:42.344818 | 2025-05-27T22:17:58.573081
[2025-05-27T22:18:04.048+0000] {logging_mixin.py:188} INFO - form_fills_2025-05-26.parquet | form_fills | 2025-05-26 | 2025-05-27T22:17:33.277524 | 2025-05-27T22:17:43.244700 | 2025-05-27T22:17:56.735391
[2025-05-27T22:18:04.049+0000] {logging_mixin.py:188} INFO - 
=== DQ Checks for 2025-05-26 ===
[2025-05-27T22:18:04.050+0000] {logging_mixin.py:188} INFO - file_name | check_name | status | details | timestamp
[2025-05-27T22:18:04.051+0000] {logging_mixin.py:188} INFO - --------------------------------------------------------------------------------
[2025-05-27T22:18:04.068+0000] {logging_mixin.py:188} INFO - campaigns_2025-05-26.json | schema_format | PASS | Got cols ['campaign_id', 'campaign_name', 'dim_date'] | 2025-05-27 22:17:15
[2025-05-27T22:18:04.069+0000] {logging_mixin.py:188} INFO - campaigns_2025-05-26.json | freshness | PASS | File date 2025-05-26 | 2025-05-27 22:17:15
[2025-05-27T22:18:04.070+0000] {logging_mixin.py:188} INFO - campaigns_2025-05-26.json | row_count | WARN | Row count 3 not in [800,1200] | 2025-05-27 22:17:15
[2025-05-27T22:18:04.071+0000] {logging_mixin.py:188} INFO - pages_2025-05-26.json | schema_format | PASS | Got cols ['page_id', 'page_url', 'page_title', 'dim_date'] | 2025-05-27 22:17:16
[2025-05-27T22:18:04.073+0000] {logging_mixin.py:188} INFO - pages_2025-05-26.json | freshness | PASS | File date 2025-05-26 | 2025-05-27 22:17:17
[2025-05-27T22:18:04.074+0000] {logging_mixin.py:188} INFO - campaigns_2025-05-26.json | campaigns | PASS | in=3, out=3, failures=0 | 2025-05-27 22:17:17
[2025-05-27T22:18:04.075+0000] {logging_mixin.py:188} INFO - pages_2025-05-26.json | row_count | WARN | Row count 4 not in [800,1200] | 2025-05-27 22:17:17
[2025-05-27T22:18:04.076+0000] {logging_mixin.py:188} INFO - pages_2025-05-26.json | pages | PASS | in=4, out=4, failures=0 | 2025-05-27 22:17:19
[2025-05-27T22:18:04.078+0000] {logging_mixin.py:188} INFO - forms_2025-05-26.json | schema_format | PASS | Got cols ['form_id', 'form_type', 'dim_date'] | 2025-05-27 22:17:20
[2025-05-27T22:18:04.080+0000] {logging_mixin.py:188} INFO - forms_2025-05-26.json | freshness | PASS | File date 2025-05-26 | 2025-05-27 22:17:20
[2025-05-27T22:18:04.082+0000] {logging_mixin.py:188} INFO - forms_2025-05-26.json | row_count | WARN | Row count 4 not in [800,1200] | 2025-05-27 22:17:20
[2025-05-27T22:18:04.083+0000] {logging_mixin.py:188} INFO - forms_2025-05-26.json | forms | PASS | in=4, out=4, failures=0 | 2025-05-27 22:17:21
[2025-05-27T22:18:04.085+0000] {logging_mixin.py:188} INFO - contacts_2025-05-26.csv | schema_format | PASS | Got cols ['contact_id', 'first_name', 'last_name', 'email', 'company', 'industry', 'lead_source', 'job_title', 'country', 'opted_in', 'signup_date'] | 2025-05-27 22:17:40
[2025-05-27T22:18:04.087+0000] {logging_mixin.py:188} INFO - contacts_2025-05-26.csv | freshness | PASS | File date 2025-05-26 | 2025-05-27 22:17:40
[2025-05-27T22:18:04.088+0000] {logging_mixin.py:188} INFO - form_fills_2025-05-26.parquet | schema_format | PASS | Got cols ['fill_id', 'form_id', 'contact_id', 'campaign_id', 'fill_date', 'referrer_url', 'user_agent', 'estimated_value'] | 2025-05-27 22:17:40
[2025-05-27T22:18:04.090+0000] {logging_mixin.py:188} INFO - website_activity_2025-05-26.json | schema_format | PASS | Got cols ['session_id', 'contact_id', 'campaign_id', 'page_id', 'page_url', 'page_title', 'event_date', 'event_type', 'session_duration', 'pages_viewed', 'bounce', 'referrer_domain'] | 2025-05-27 22:17:41
[2025-05-27T22:18:04.091+0000] {logging_mixin.py:188} INFO - form_fills_2025-05-26.parquet | freshness | PASS | File date 2025-05-26 | 2025-05-27 22:17:41
[2025-05-27T22:18:04.093+0000] {logging_mixin.py:188} INFO - website_activity_2025-05-26.json | freshness | PASS | File date 2025-05-26 | 2025-05-27 22:17:41
[2025-05-27T22:18:04.094+0000] {logging_mixin.py:188} INFO - form_fills_2025-05-26.parquet | row_count | PASS | Count=1000, avg≈1000 | 2025-05-27 22:17:41
[2025-05-27T22:18:04.095+0000] {logging_mixin.py:188} INFO - website_activity_2025-05-26.json | row_count | PASS | Count=1000, avg≈1000 | 2025-05-27 22:17:41
[2025-05-27T22:18:04.097+0000] {logging_mixin.py:188} INFO - contacts_2025-05-26.csv | row_count | PASS | Count=1000, avg≈1000 | 2025-05-27 22:17:42
[2025-05-27T22:18:04.098+0000] {logging_mixin.py:188} INFO - website_activity_2025-05-26.json | website_activity | PASS | in=1000, out=1000, failures=0 | 2025-05-27 22:17:42
[2025-05-27T22:18:04.099+0000] {logging_mixin.py:188} INFO - contacts_2025-05-26.csv | contacts | PASS | in=1000, out=1000, failures=0 | 2025-05-27 22:17:42
[2025-05-27T22:18:04.100+0000] {logging_mixin.py:188} INFO - form_fills_2025-05-26.parquet | form_fills | PASS | in=1000, out=1000, failures=0 | 2025-05-27 22:17:43
[2025-05-27T22:18:04.103+0000] {metadata.py:251} INFO - 🖨️ Metadata printed for 2025-05-26
[2025-05-27T22:18:04.109+0000] {Marketing_Data_Pipeline.py:41} INFO - ✅ Completed task: Print Metadata Logs
[2025-05-27T22:18:04.115+0000] {python.py:201} INFO - Done. Returned value was: None
[2025-05-27T22:18:04.166+0000] {taskinstance.py:1138} INFO - Marking task as SUCCESS. dag_id=Marketing_Data_Pipeline, task_id=print_metadata_log, execution_date=20250526T000000, start_date=20250527T221803, end_date=20250527T221804
[2025-05-27T22:18:04.273+0000] {local_task_job_runner.py:234} INFO - Task exited with return code 0
[2025-05-27T22:18:04.331+0000] {taskinstance.py:3280} INFO - 0 downstream tasks scheduled from follow-on schedule check
