[2025-05-25T19:40:54.402+0000] {taskinstance.py:1956} INFO - Dependencies all met for dep_context=non-requeueable deps ti=<TaskInstance: Marketing_Data_Pipeline.dbt_run.dbt_run_staging manual__2025-05-25T19:37:32.889912+00:00 [queued]>
[2025-05-25T19:40:55.175+0000] {taskinstance.py:1956} INFO - Dependencies all met for dep_context=requeueable deps ti=<TaskInstance: Marketing_Data_Pipeline.dbt_run.dbt_run_staging manual__2025-05-25T19:37:32.889912+00:00 [queued]>
[2025-05-25T19:40:55.177+0000] {taskinstance.py:2170} INFO - Starting attempt 1 of 2
[2025-05-25T19:40:56.218+0000] {taskinstance.py:2191} INFO - Executing <Task(PythonOperator): dbt_run.dbt_run_staging> on 2025-05-25 19:37:32.889912+00:00
[2025-05-25T19:40:56.228+0000] {standard_task_runner.py:60} INFO - Started process 20718 to run task
[2025-05-25T19:40:56.234+0000] {standard_task_runner.py:87} INFO - Running: ['***', 'tasks', 'run', 'Marketing_Data_Pipeline', 'dbt_run.dbt_run_staging', 'manual__2025-05-25T19:37:32.889912+00:00', '--job-id', '157', '--raw', '--subdir', 'DAGS_FOLDER/Marketing_Data_Pipeline.py', '--cfg-path', '/tmp/tmpbegupe69']
[2025-05-25T19:40:56.238+0000] {standard_task_runner.py:88} INFO - Job 157: Subtask dbt_run.dbt_run_staging
[2025-05-25T19:40:58.495+0000] {task_command.py:423} INFO - Running <TaskInstance: Marketing_Data_Pipeline.dbt_run.dbt_run_staging manual__2025-05-25T19:37:32.889912+00:00 [running]> on host fe289fe396bd
[2025-05-25T19:41:01.190+0000] {taskinstance.py:2480} INFO - Exporting env vars: AIRFLOW_CTX_DAG_EMAIL='yashbhawsar872@gmail.com' AIRFLOW_CTX_DAG_OWNER='Yash' AIRFLOW_CTX_DAG_ID='Marketing_Data_Pipeline' AIRFLOW_CTX_TASK_ID='dbt_run.dbt_run_staging' AIRFLOW_CTX_EXECUTION_DATE='2025-05-25T19:37:32.889912+00:00' AIRFLOW_CTX_TRY_NUMBER='1' AIRFLOW_CTX_DAG_RUN_ID='manual__2025-05-25T19:37:32.889912+00:00'
[2025-05-25T19:41:01.196+0000] {Marketing_Data_Pipeline.py:39} INFO - ▶️ Starting task: Run staging models
[2025-05-25T19:41:01.204+0000] {utils.py:64} INFO - Running dbt command: cd /opt/dbt/marketing_pipeline && dbt run --models staging --vars '{"batch_date": "2025-05-25"}'
[2025-05-25T19:41:30.515+0000] {utils.py:73} INFO - [0m19:41:30  Running with dbt=1.9.4
[2025-05-25T19:41:34.777+0000] {utils.py:73} INFO - [0m19:41:34  Registered adapter: snowflake=1.9.4
[2025-05-25T19:41:36.638+0000] {utils.py:73} INFO - [0m19:41:36  Unable to do partial parsing because config vars, config profile, or config target have changed
[2025-05-25T19:41:46.266+0000] {utils.py:73} INFO - [0m19:41:46  Found 12 models, 79 data tests, 6 sources, 479 macros
[2025-05-25T19:41:46.283+0000] {utils.py:73} INFO - [0m19:41:46
[2025-05-25T19:41:46.289+0000] {utils.py:73} INFO - [0m19:41:46  Concurrency: 4 threads (target='dev')
[2025-05-25T19:41:46.297+0000] {utils.py:73} INFO - [0m19:41:46
[2025-05-25T19:41:49.197+0000] {utils.py:73} INFO - [0m19:41:49  1 of 6 START sql incremental model STG.stg_campaigns ........................... [RUN]
[2025-05-25T19:41:49.242+0000] {utils.py:73} INFO - [0m19:41:49  3 of 6 START sql incremental model STG.stg_form_fills .......................... [RUN]
[2025-05-25T19:41:49.256+0000] {utils.py:73} INFO - [0m19:41:49  4 of 6 START sql incremental model STG.stg_forms ............................... [RUN]
[2025-05-25T19:41:49.269+0000] {utils.py:73} INFO - [0m19:41:49  2 of 6 START sql incremental model STG.stg_contacts ............................ [RUN]
[2025-05-25T19:41:55.134+0000] {utils.py:73} INFO - [0m19:41:55  2 of 6 OK created sql incremental model STG.stg_contacts ....................... [[32mSUCCESS 1000[0m in 5.82s]
[2025-05-25T19:41:55.144+0000] {utils.py:73} INFO - [0m19:41:55  1 of 6 OK created sql incremental model STG.stg_campaigns ...................... [[32mSUCCESS 3[0m in 5.90s]
[2025-05-25T19:41:55.153+0000] {utils.py:73} INFO - [0m19:41:55  4 of 6 OK created sql incremental model STG.stg_forms .......................... [[32mSUCCESS 4[0m in 5.85s]
[2025-05-25T19:41:55.186+0000] {utils.py:73} INFO - [0m19:41:55  5 of 6 START sql incremental model STG.stg_pages ............................... [RUN]
[2025-05-25T19:41:55.191+0000] {utils.py:73} INFO - [0m19:41:55  6 of 6 START sql incremental model STG.stg_website_activity .................... [RUN]
[2025-05-25T19:41:55.664+0000] {utils.py:73} INFO - [0m19:41:55  3 of 6 OK created sql incremental model STG.stg_form_fills ..................... [[32mSUCCESS 1000[0m in 6.38s]
[2025-05-25T19:41:57.417+0000] {utils.py:73} INFO - [0m19:41:57  5 of 6 OK created sql incremental model STG.stg_pages .......................... [[32mSUCCESS 4[0m in 2.22s]
[2025-05-25T19:41:57.623+0000] {utils.py:73} INFO - [0m19:41:57  6 of 6 OK created sql incremental model STG.stg_website_activity ............... [[32mSUCCESS 1000[0m in 2.42s]
[2025-05-25T19:41:58.530+0000] {utils.py:73} INFO - [0m19:41:58
[2025-05-25T19:41:58.534+0000] {utils.py:73} INFO - [0m19:41:58  Finished running 6 incremental models in 0 hours 0 minutes and 12.23 seconds (12.23s).
[2025-05-25T19:41:58.806+0000] {utils.py:73} INFO - [0m19:41:58
[2025-05-25T19:41:58.813+0000] {utils.py:73} INFO - [0m19:41:58  [32mCompleted successfully[0m
[2025-05-25T19:41:58.817+0000] {utils.py:73} INFO - [0m19:41:58
[2025-05-25T19:41:58.825+0000] {utils.py:73} INFO - [0m19:41:58  Done. PASS=6 WARN=0 ERROR=0 SKIP=0 TOTAL=6
[2025-05-25T19:42:00.008+0000] {Marketing_Data_Pipeline.py:41} INFO - ✅ Completed task: Run staging models
[2025-05-25T19:42:00.011+0000] {python.py:201} INFO - Done. Returned value was: None
[2025-05-25T19:42:00.087+0000] {taskinstance.py:1138} INFO - Marking task as SUCCESS. dag_id=Marketing_Data_Pipeline, task_id=dbt_run.dbt_run_staging, execution_date=20250525T193732, start_date=20250525T194055, end_date=20250525T194200
[2025-05-25T19:42:00.223+0000] {local_task_job_runner.py:234} INFO - Task exited with return code 0
[2025-05-25T19:42:00.329+0000] {taskinstance.py:3280} INFO - 1 downstream tasks scheduled from follow-on schedule check
