[2025-05-27T22:18:03.484+0000] {taskinstance.py:1956} INFO - Dependencies all met for dep_context=non-requeueable deps ti=<TaskInstance: Marketing_Data_Pipeline.load_minio_to_snowflake manual__2025-05-26T00:00:00+00:00 [queued]>
[2025-05-27T22:18:03.514+0000] {taskinstance.py:1956} INFO - Dependencies all met for dep_context=requeueable deps ti=<TaskInstance: Marketing_Data_Pipeline.load_minio_to_snowflake manual__2025-05-26T00:00:00+00:00 [queued]>
[2025-05-27T22:18:03.516+0000] {taskinstance.py:2170} INFO - Starting attempt 1 of 2
[2025-05-27T22:18:03.566+0000] {taskinstance.py:2191} INFO - Executing <Task(PythonOperator): load_minio_to_snowflake> on 2025-05-26 00:00:00+00:00
[2025-05-27T22:18:03.582+0000] {standard_task_runner.py:60} INFO - Started process 1816 to run task
[2025-05-27T22:18:03.593+0000] {standard_task_runner.py:87} INFO - Running: ['***', 'tasks', 'run', 'Marketing_Data_Pipeline', 'load_minio_to_snowflake', 'manual__2025-05-26T00:00:00+00:00', '--job-id', '73', '--raw', '--subdir', 'DAGS_FOLDER/Marketing_Data_Pipeline.py', '--cfg-path', '/tmp/tmpthde8jsf']
[2025-05-27T22:18:03.597+0000] {standard_task_runner.py:88} INFO - Job 73: Subtask load_minio_to_snowflake
[2025-05-27T22:18:03.744+0000] {task_command.py:423} INFO - Running <TaskInstance: Marketing_Data_Pipeline.load_minio_to_snowflake manual__2025-05-26T00:00:00+00:00 [running]> on host 485388d78c3d
[2025-05-27T22:18:03.993+0000] {taskinstance.py:2480} INFO - Exporting env vars: AIRFLOW_CTX_DAG_EMAIL='yashbhawsar872@gmail.com' AIRFLOW_CTX_DAG_OWNER='Yash' AIRFLOW_CTX_DAG_ID='Marketing_Data_Pipeline' AIRFLOW_CTX_TASK_ID='load_minio_to_snowflake' AIRFLOW_CTX_EXECUTION_DATE='2025-05-26T00:00:00+00:00' AIRFLOW_CTX_TRY_NUMBER='1' AIRFLOW_CTX_DAG_RUN_ID='manual__2025-05-26T00:00:00+00:00'
[2025-05-27T22:18:04.000+0000] {Marketing_Data_Pipeline.py:39} INFO - ▶️ Starting task: Upload valid-data to Snowflake RAW
[2025-05-27T22:18:04.173+0000] {snowflake_upload.py:103} INFO - [⏬] downloaded valid-data/contacts/2025-05-26/contacts_2025-05-26.csv → /tmp/tmp8bq9sev6/contacts_2025-05-26.csv
[2025-05-27T22:18:04.180+0000] {connection.py:486} INFO - Snowflake Connector for Python Version: 3.15.0, Python Version: 3.10.13, Platform: Linux-5.15.90.1-microsoft-standard-WSL2-x86_64-with-glibc2.36
[2025-05-27T22:18:04.188+0000] {connection.py:1391} INFO - Connecting to GLOBAL Snowflake domain
[2025-05-27T22:18:06.164+0000] {snowflake_upload.py:124} INFO - [INFO] running: PUT file:///tmp/tmp8bq9sev6/contacts_2025-05-26.csv @RAW_CONTACTS_STAGE/2025-05-26/
[2025-05-27T22:18:06.168+0000] {snowflake_upload.py:135} INFO - [INFO] running COPY INTO RAW.contacts
[2025-05-27T22:18:07.536+0000] {snowflake_upload.py:138} INFO - [✅] loaded contacts for 2025-05-26
[2025-05-27T22:18:07.865+0000] {snowflake_upload.py:103} INFO - [⏬] downloaded valid-data/form_fills/2025-05-26/form_fills_2025-05-26.parquet → /tmp/tmpu6e8m02o/form_fills_2025-05-26.parquet
[2025-05-27T22:18:07.874+0000] {connection.py:486} INFO - Snowflake Connector for Python Version: 3.15.0, Python Version: 3.10.13, Platform: Linux-5.15.90.1-microsoft-standard-WSL2-x86_64-with-glibc2.36
[2025-05-27T22:18:07.875+0000] {connection.py:1391} INFO - Connecting to GLOBAL Snowflake domain
[2025-05-27T22:18:09.463+0000] {snowflake_upload.py:124} INFO - [INFO] running: PUT file:///tmp/tmpu6e8m02o/form_fills_2025-05-26.parquet @RAW_FORM_FILLS_STAGE/2025-05-26/
[2025-05-27T22:18:09.467+0000] {snowflake_upload.py:135} INFO - [INFO] running COPY INTO RAW.form_fills
[2025-05-27T22:18:10.304+0000] {snowflake_upload.py:138} INFO - [✅] loaded form_fills for 2025-05-26
[2025-05-27T22:18:10.625+0000] {snowflake_upload.py:103} INFO - [⏬] downloaded valid-data/website_activity/2025-05-26/website_activity_2025-05-26.json → /tmp/tmp2gok0fle/website_activity_2025-05-26.json
[2025-05-27T22:18:10.630+0000] {connection.py:486} INFO - Snowflake Connector for Python Version: 3.15.0, Python Version: 3.10.13, Platform: Linux-5.15.90.1-microsoft-standard-WSL2-x86_64-with-glibc2.36
[2025-05-27T22:18:10.632+0000] {connection.py:1391} INFO - Connecting to GLOBAL Snowflake domain
[2025-05-27T22:18:12.139+0000] {snowflake_upload.py:124} INFO - [INFO] running: PUT file:///tmp/tmp2gok0fle/website_activity_2025-05-26.json @RAW_WEBSITE_ACTIVITY_STAGE/2025-05-26/
[2025-05-27T22:18:12.143+0000] {snowflake_upload.py:135} INFO - [INFO] running COPY INTO RAW.website_activity
[2025-05-27T22:18:12.937+0000] {snowflake_upload.py:138} INFO - [✅] loaded website_activity for 2025-05-26
[2025-05-27T22:18:13.393+0000] {snowflake_upload.py:103} INFO - [⏬] downloaded valid-data/campaigns/2025-05-26/campaigns_2025-05-26.json → /tmp/tmp7a9y57ic/campaigns_2025-05-26.json
[2025-05-27T22:18:13.397+0000] {connection.py:486} INFO - Snowflake Connector for Python Version: 3.15.0, Python Version: 3.10.13, Platform: Linux-5.15.90.1-microsoft-standard-WSL2-x86_64-with-glibc2.36
[2025-05-27T22:18:13.399+0000] {connection.py:1391} INFO - Connecting to GLOBAL Snowflake domain
[2025-05-27T22:18:14.667+0000] {snowflake_upload.py:124} INFO - [INFO] running: PUT file:///tmp/tmp7a9y57ic/campaigns_2025-05-26.json @RAW_CAMPAIGNS_STAGE/2025-05-26/
[2025-05-27T22:18:14.672+0000] {snowflake_upload.py:135} INFO - [INFO] running COPY INTO RAW.campaigns
[2025-05-27T22:18:15.433+0000] {snowflake_upload.py:138} INFO - [✅] loaded campaigns for 2025-05-26
[2025-05-27T22:18:15.738+0000] {snowflake_upload.py:103} INFO - [⏬] downloaded valid-data/forms/2025-05-26/forms_2025-05-26.json → /tmp/tmpvv562x7z/forms_2025-05-26.json
[2025-05-27T22:18:15.741+0000] {connection.py:486} INFO - Snowflake Connector for Python Version: 3.15.0, Python Version: 3.10.13, Platform: Linux-5.15.90.1-microsoft-standard-WSL2-x86_64-with-glibc2.36
[2025-05-27T22:18:15.743+0000] {connection.py:1391} INFO - Connecting to GLOBAL Snowflake domain
[2025-05-27T22:18:17.129+0000] {snowflake_upload.py:124} INFO - [INFO] running: PUT file:///tmp/tmpvv562x7z/forms_2025-05-26.json @RAW_FORMS_STAGE/2025-05-26/
[2025-05-27T22:18:17.134+0000] {snowflake_upload.py:135} INFO - [INFO] running COPY INTO RAW.forms
[2025-05-27T22:18:17.938+0000] {snowflake_upload.py:138} INFO - [✅] loaded forms for 2025-05-26
[2025-05-27T22:18:18.241+0000] {snowflake_upload.py:103} INFO - [⏬] downloaded valid-data/pages/2025-05-26/pages_2025-05-26.json → /tmp/tmpyfxqlfxc/pages_2025-05-26.json
[2025-05-27T22:18:18.248+0000] {connection.py:486} INFO - Snowflake Connector for Python Version: 3.15.0, Python Version: 3.10.13, Platform: Linux-5.15.90.1-microsoft-standard-WSL2-x86_64-with-glibc2.36
[2025-05-27T22:18:18.250+0000] {connection.py:1391} INFO - Connecting to GLOBAL Snowflake domain
[2025-05-27T22:18:19.711+0000] {snowflake_upload.py:124} INFO - [INFO] running: PUT file:///tmp/tmpyfxqlfxc/pages_2025-05-26.json @RAW_PAGES_STAGE/2025-05-26/
[2025-05-27T22:18:19.754+0000] {snowflake_upload.py:135} INFO - [INFO] running COPY INTO RAW.pages
[2025-05-27T22:18:20.290+0000] {snowflake_upload.py:138} INFO - [✅] loaded pages for 2025-05-26
[2025-05-27T22:18:20.560+0000] {Marketing_Data_Pipeline.py:41} INFO - ✅ Completed task: Upload valid-data to Snowflake RAW
[2025-05-27T22:18:20.572+0000] {python.py:201} INFO - Done. Returned value was: None
[2025-05-27T22:18:20.629+0000] {taskinstance.py:1138} INFO - Marking task as SUCCESS. dag_id=Marketing_Data_Pipeline, task_id=load_minio_to_snowflake, execution_date=20250526T000000, start_date=20250527T221803, end_date=20250527T221820
[2025-05-27T22:18:20.754+0000] {local_task_job_runner.py:234} INFO - Task exited with return code 0
[2025-05-27T22:18:20.847+0000] {taskinstance.py:3280} INFO - 1 downstream tasks scheduled from follow-on schedule check
