[2025-05-24T10:18:32.909+0000] {taskinstance.py:1956} INFO - Dependencies all met for dep_context=non-requeueable deps ti=<TaskInstance: marketing_data_pipeline.print_metadata_log scheduled__2025-05-23T00:00:00+00:00 [queued]>
[2025-05-24T10:18:32.927+0000] {taskinstance.py:1956} INFO - Dependencies all met for dep_context=requeueable deps ti=<TaskInstance: marketing_data_pipeline.print_metadata_log scheduled__2025-05-23T00:00:00+00:00 [queued]>
[2025-05-24T10:18:32.928+0000] {taskinstance.py:2170} INFO - Starting attempt 1 of 2
[2025-05-24T10:18:32.954+0000] {taskinstance.py:2191} INFO - Executing <Task(PythonOperator): print_metadata_log> on 2025-05-23 00:00:00+00:00
[2025-05-24T10:18:32.968+0000] {standard_task_runner.py:60} INFO - Started process 394 to run task
[2025-05-24T10:18:32.975+0000] {standard_task_runner.py:87} INFO - Running: ['***', 'tasks', 'run', 'marketing_data_pipeline', 'print_metadata_log', 'scheduled__2025-05-23T00:00:00+00:00', '--job-id', '13', '--raw', '--subdir', 'DAGS_FOLDER/main_pipeline_dag.py', '--cfg-path', '/tmp/tmpxhxpxuhb']
[2025-05-24T10:18:32.979+0000] {standard_task_runner.py:88} INFO - Job 13: Subtask print_metadata_log
[2025-05-24T10:18:33.605+0000] {task_command.py:423} INFO - Running <TaskInstance: marketing_data_pipeline.print_metadata_log scheduled__2025-05-23T00:00:00+00:00 [running]> on host 8c3b47b76f3b
[2025-05-24T10:18:33.955+0000] {taskinstance.py:2480} INFO - Exporting env vars: AIRFLOW_CTX_DAG_EMAIL='yashbhawsar872@gmail.com' AIRFLOW_CTX_DAG_OWNER='Yash' AIRFLOW_CTX_DAG_ID='marketing_data_pipeline' AIRFLOW_CTX_TASK_ID='print_metadata_log' AIRFLOW_CTX_EXECUTION_DATE='2025-05-23T00:00:00+00:00' AIRFLOW_CTX_TRY_NUMBER='1' AIRFLOW_CTX_DAG_RUN_ID='scheduled__2025-05-23T00:00:00+00:00'
[2025-05-24T10:18:33.965+0000] {main_pipeline_dag.py:25} INFO - ▶️ Starting task: Print Metadata Logs
[2025-05-24T10:18:34.002+0000] {logging_mixin.py:188} INFO - 
=== File Metadata for 2025-05-23 ===
[2025-05-24T10:18:34.004+0000] {logging_mixin.py:188} INFO - file_name | dataset_type | file_date | generated_at | validated_at | uploaded_at
[2025-05-24T10:18:34.005+0000] {logging_mixin.py:188} INFO - --------------------------------------------------------------------------------
[2025-05-24T10:18:34.097+0000] {logging_mixin.py:188} INFO - website_activity_2025-05-23.json | website_activity | 2025-05-23 | 2025-05-24T10:17:14.579936 | 2025-05-24T10:18:10.131375 | 2025-05-24T10:18:28.953226
[2025-05-24T10:18:34.099+0000] {logging_mixin.py:188} INFO - contacts_2025-05-23.csv | contacts | 2025-05-23 | 2025-05-24T10:17:23.790161 | 2025-05-24T10:18:07.634384 | 2025-05-24T10:18:27.449732
[2025-05-24T10:18:34.103+0000] {logging_mixin.py:188} INFO - form_fills_2025-05-23.parquet | form_fills | 2025-05-23 | 2025-05-24T10:17:24.291393 | 2025-05-24T10:18:09.619347 | 2025-05-24T10:18:28.234843
[2025-05-24T10:18:34.105+0000] {logging_mixin.py:188} INFO - 
=== DQ Checks for 2025-05-23 ===
[2025-05-24T10:18:34.114+0000] {logging_mixin.py:188} INFO - file_name | check_name | status | details | timestamp
[2025-05-24T10:18:34.117+0000] {logging_mixin.py:188} INFO - --------------------------------------------------------------------------------
[2025-05-24T10:18:34.133+0000] {logging_mixin.py:188} INFO - (no DQ records)
[2025-05-24T10:18:34.149+0000] {metadata.py:245} INFO - 🖨️ Metadata printed for 2025-05-23
[2025-05-24T10:18:34.159+0000] {main_pipeline_dag.py:27} INFO - ✅ Completed task: Print Metadata Logs
[2025-05-24T10:18:34.169+0000] {python.py:201} INFO - Done. Returned value was: None
[2025-05-24T10:18:34.215+0000] {taskinstance.py:1138} INFO - Marking task as SUCCESS. dag_id=marketing_data_pipeline, task_id=print_metadata_log, execution_date=20250523T000000, start_date=20250524T101832, end_date=20250524T101834
[2025-05-24T10:18:34.285+0000] {local_task_job_runner.py:234} INFO - Task exited with return code 0
[2025-05-24T10:18:34.368+0000] {taskinstance.py:3280} INFO - 0 downstream tasks scheduled from follow-on schedule check
