[2025-05-26T00:01:01.692+0000] {taskinstance.py:1956} INFO - Dependencies all met for dep_context=non-requeueable deps ti=<TaskInstance: Marketing_Data_Pipeline.load_minio_to_snowflake scheduled__2025-05-25T00:00:00+00:00 [queued]>
[2025-05-26T00:01:01.719+0000] {taskinstance.py:1956} INFO - Dependencies all met for dep_context=requeueable deps ti=<TaskInstance: Marketing_Data_Pipeline.load_minio_to_snowflake scheduled__2025-05-25T00:00:00+00:00 [queued]>
[2025-05-26T00:01:01.721+0000] {taskinstance.py:2170} INFO - Starting attempt 1 of 2
[2025-05-26T00:01:01.757+0000] {taskinstance.py:2191} INFO - Executing <Task(PythonOperator): load_minio_to_snowflake> on 2025-05-25 00:00:00+00:00
[2025-05-26T00:01:01.791+0000] {standard_task_runner.py:60} INFO - Started process 27127 to run task
[2025-05-26T00:01:01.814+0000] {standard_task_runner.py:87} INFO - Running: ['***', 'tasks', 'run', 'Marketing_Data_Pipeline', 'load_minio_to_snowflake', 'scheduled__2025-05-25T00:00:00+00:00', '--job-id', '181', '--raw', '--subdir', 'DAGS_FOLDER/Marketing_Data_Pipeline.py', '--cfg-path', '/tmp/tmp57pmndcd']
[2025-05-26T00:01:01.820+0000] {standard_task_runner.py:88} INFO - Job 181: Subtask load_minio_to_snowflake
[2025-05-26T00:01:02.071+0000] {task_command.py:423} INFO - Running <TaskInstance: Marketing_Data_Pipeline.load_minio_to_snowflake scheduled__2025-05-25T00:00:00+00:00 [running]> on host fe289fe396bd
[2025-05-26T00:01:02.312+0000] {taskinstance.py:2480} INFO - Exporting env vars: AIRFLOW_CTX_DAG_EMAIL='yashbhawsar872@gmail.com' AIRFLOW_CTX_DAG_OWNER='Yash' AIRFLOW_CTX_DAG_ID='Marketing_Data_Pipeline' AIRFLOW_CTX_TASK_ID='load_minio_to_snowflake' AIRFLOW_CTX_EXECUTION_DATE='2025-05-25T00:00:00+00:00' AIRFLOW_CTX_TRY_NUMBER='1' AIRFLOW_CTX_DAG_RUN_ID='scheduled__2025-05-25T00:00:00+00:00'
[2025-05-26T00:01:02.316+0000] {Marketing_Data_Pipeline.py:39} INFO - ▶️ Starting task: Upload valid-data to Snowflake RAW
[2025-05-26T00:01:02.585+0000] {snowflake_upload.py:103} INFO - [⏬] downloaded valid-data/contacts/2025-05-25/contacts_2025-05-25.csv → /tmp/tmpxrv1qskg/contacts_2025-05-25.csv
[2025-05-26T00:01:02.589+0000] {connection.py:486} INFO - Snowflake Connector for Python Version: 3.15.0, Python Version: 3.10.13, Platform: Linux-5.15.90.1-microsoft-standard-WSL2-x86_64-with-glibc2.36
[2025-05-26T00:01:02.592+0000] {connection.py:1391} INFO - Connecting to GLOBAL Snowflake domain
[2025-05-26T00:01:04.410+0000] {snowflake_upload.py:124} INFO - [INFO] running: PUT file:///tmp/tmpxrv1qskg/contacts_2025-05-25.csv @RAW_CONTACTS_STAGE/2025-05-25/
[2025-05-26T00:01:04.413+0000] {snowflake_upload.py:135} INFO - [INFO] running COPY INTO RAW.contacts
[2025-05-26T00:01:05.283+0000] {snowflake_upload.py:138} INFO - [✅] loaded contacts for 2025-05-25
[2025-05-26T00:01:05.672+0000] {snowflake_upload.py:103} INFO - [⏬] downloaded valid-data/form_fills/2025-05-25/form_fills_2025-05-25.parquet → /tmp/tmppbqi71o9/form_fills_2025-05-25.parquet
[2025-05-26T00:01:05.675+0000] {connection.py:486} INFO - Snowflake Connector for Python Version: 3.15.0, Python Version: 3.10.13, Platform: Linux-5.15.90.1-microsoft-standard-WSL2-x86_64-with-glibc2.36
[2025-05-26T00:01:05.677+0000] {connection.py:1391} INFO - Connecting to GLOBAL Snowflake domain
[2025-05-26T00:01:06.511+0000] {snowflake_upload.py:135} INFO - [INFO] running COPY INTO RAW.form_fills
[2025-05-26T00:01:06.905+0000] {snowflake_upload.py:138} INFO - [✅] loaded form_fills for 2025-05-25
[2025-05-26T00:01:07.299+0000] {snowflake_upload.py:103} INFO - [⏬] downloaded valid-data/website_activity/2025-05-25/website_activity_2025-05-25.json → /tmp/tmpspmlwqb3/website_activity_2025-05-25.json
[2025-05-26T00:01:07.302+0000] {connection.py:486} INFO - Snowflake Connector for Python Version: 3.15.0, Python Version: 3.10.13, Platform: Linux-5.15.90.1-microsoft-standard-WSL2-x86_64-with-glibc2.36
[2025-05-26T00:01:07.303+0000] {connection.py:1391} INFO - Connecting to GLOBAL Snowflake domain
[2025-05-26T00:01:09.067+0000] {snowflake_upload.py:124} INFO - [INFO] running: PUT file:///tmp/tmpspmlwqb3/website_activity_2025-05-25.json @RAW_WEBSITE_ACTIVITY_STAGE/2025-05-25/
[2025-05-26T00:01:09.070+0000] {snowflake_upload.py:135} INFO - [INFO] running COPY INTO RAW.website_activity
[2025-05-26T00:01:09.832+0000] {snowflake_upload.py:138} INFO - [✅] loaded website_activity for 2025-05-25
[2025-05-26T00:01:10.117+0000] {snowflake_upload.py:103} INFO - [⏬] downloaded valid-data/campaigns/2025-05-25/campaigns_2025-05-25.json → /tmp/tmp5yarmnyn/campaigns_2025-05-25.json
[2025-05-26T00:01:10.122+0000] {connection.py:486} INFO - Snowflake Connector for Python Version: 3.15.0, Python Version: 3.10.13, Platform: Linux-5.15.90.1-microsoft-standard-WSL2-x86_64-with-glibc2.36
[2025-05-26T00:01:10.124+0000] {connection.py:1391} INFO - Connecting to GLOBAL Snowflake domain
[2025-05-26T00:01:11.346+0000] {snowflake_upload.py:124} INFO - [INFO] running: PUT file:///tmp/tmp5yarmnyn/campaigns_2025-05-25.json @RAW_CAMPAIGNS_STAGE/2025-05-25/
[2025-05-26T00:01:11.350+0000] {snowflake_upload.py:135} INFO - [INFO] running COPY INTO RAW.campaigns
[2025-05-26T00:01:11.756+0000] {snowflake_upload.py:138} INFO - [✅] loaded campaigns for 2025-05-25
[2025-05-26T00:01:12.048+0000] {snowflake_upload.py:103} INFO - [⏬] downloaded valid-data/forms/2025-05-25/forms_2025-05-25.json → /tmp/tmpuikkdl07/forms_2025-05-25.json
[2025-05-26T00:01:12.051+0000] {connection.py:486} INFO - Snowflake Connector for Python Version: 3.15.0, Python Version: 3.10.13, Platform: Linux-5.15.90.1-microsoft-standard-WSL2-x86_64-with-glibc2.36
[2025-05-26T00:01:12.052+0000] {connection.py:1391} INFO - Connecting to GLOBAL Snowflake domain
[2025-05-26T00:01:13.209+0000] {snowflake_upload.py:124} INFO - [INFO] running: PUT file:///tmp/tmpuikkdl07/forms_2025-05-25.json @RAW_FORMS_STAGE/2025-05-25/
[2025-05-26T00:01:13.217+0000] {snowflake_upload.py:135} INFO - [INFO] running COPY INTO RAW.forms
[2025-05-26T00:01:13.688+0000] {snowflake_upload.py:138} INFO - [✅] loaded forms for 2025-05-25
[2025-05-26T00:01:13.992+0000] {snowflake_upload.py:103} INFO - [⏬] downloaded valid-data/pages/2025-05-25/pages_2025-05-25.json → /tmp/tmp086vftju/pages_2025-05-25.json
[2025-05-26T00:01:13.995+0000] {connection.py:486} INFO - Snowflake Connector for Python Version: 3.15.0, Python Version: 3.10.13, Platform: Linux-5.15.90.1-microsoft-standard-WSL2-x86_64-with-glibc2.36
[2025-05-26T00:01:13.996+0000] {connection.py:1391} INFO - Connecting to GLOBAL Snowflake domain
[2025-05-26T00:01:16.425+0000] {snowflake_upload.py:124} INFO - [INFO] running: PUT file:///tmp/tmp086vftju/pages_2025-05-25.json @RAW_PAGES_STAGE/2025-05-25/
[2025-05-26T00:01:16.429+0000] {snowflake_upload.py:135} INFO - [INFO] running COPY INTO RAW.pages
[2025-05-26T00:01:16.821+0000] {snowflake_upload.py:138} INFO - [✅] loaded pages for 2025-05-25
[2025-05-26T00:01:17.042+0000] {Marketing_Data_Pipeline.py:41} INFO - ✅ Completed task: Upload valid-data to Snowflake RAW
[2025-05-26T00:01:17.047+0000] {python.py:201} INFO - Done. Returned value was: None
[2025-05-26T00:01:17.101+0000] {taskinstance.py:1138} INFO - Marking task as SUCCESS. dag_id=Marketing_Data_Pipeline, task_id=load_minio_to_snowflake, execution_date=20250525T000000, start_date=20250526T000101, end_date=20250526T000117
[2025-05-26T00:01:17.240+0000] {local_task_job_runner.py:234} INFO - Task exited with return code 0
[2025-05-26T00:01:17.377+0000] {taskinstance.py:3280} INFO - 1 downstream tasks scheduled from follow-on schedule check
