[2025-05-24T08:19:06.630+0000] {taskinstance.py:1956} INFO - Dependencies all met for dep_context=non-requeueable deps ti=<TaskInstance: marketing_data_pipeline.upload_quarantined_to_minio scheduled__2025-05-23T00:00:00+00:00 [queued]>
[2025-05-24T08:19:06.659+0000] {taskinstance.py:1956} INFO - Dependencies all met for dep_context=requeueable deps ti=<TaskInstance: marketing_data_pipeline.upload_quarantined_to_minio scheduled__2025-05-23T00:00:00+00:00 [queued]>
[2025-05-24T08:19:06.660+0000] {taskinstance.py:2170} INFO - Starting attempt 1 of 4
[2025-05-24T08:19:06.697+0000] {taskinstance.py:2191} INFO - Executing <Task(PythonOperator): upload_quarantined_to_minio> on 2025-05-23 00:00:00+00:00
[2025-05-24T08:19:06.709+0000] {standard_task_runner.py:60} INFO - Started process 354 to run task
[2025-05-24T08:19:06.720+0000] {standard_task_runner.py:87} INFO - Running: ['***', 'tasks', 'run', 'marketing_data_pipeline', 'upload_quarantined_to_minio', 'scheduled__2025-05-23T00:00:00+00:00', '--job-id', '12', '--raw', '--subdir', 'DAGS_FOLDER/main_pipeline_dag.py', '--cfg-path', '/tmp/tmps9b6_4wn']
[2025-05-24T08:19:06.726+0000] {standard_task_runner.py:88} INFO - Job 12: Subtask upload_quarantined_to_minio
[2025-05-24T08:19:06.953+0000] {task_command.py:423} INFO - Running <TaskInstance: marketing_data_pipeline.upload_quarantined_to_minio scheduled__2025-05-23T00:00:00+00:00 [running]> on host e6492150ec46
[2025-05-24T08:19:07.276+0000] {taskinstance.py:2480} INFO - Exporting env vars: AIRFLOW_CTX_DAG_EMAIL='yashbhawsar872@gmail.com' AIRFLOW_CTX_DAG_OWNER='Yash' AIRFLOW_CTX_DAG_ID='marketing_data_pipeline' AIRFLOW_CTX_TASK_ID='upload_quarantined_to_minio' AIRFLOW_CTX_EXECUTION_DATE='2025-05-23T00:00:00+00:00' AIRFLOW_CTX_TRY_NUMBER='1' AIRFLOW_CTX_DAG_RUN_ID='scheduled__2025-05-23T00:00:00+00:00'
[2025-05-24T08:19:07.280+0000] {main_pipeline_dag.py:25} INFO - ▶️ Starting task: Upload Quarantined to MinIO
[2025-05-24T08:19:07.386+0000] {upload_to_minio.py:31} INFO - ℹ️ Bucket 'marketing-bucket' already exists
[2025-05-24T08:19:08.355+0000] {metadata.py:107} INFO - 📝 Logged stage 'uploaded' for contacts_2025-05-23.csv at 2025-05-24T08:19:08.121375
[2025-05-24T08:19:08.364+0000] {upload_to_minio.py:56} INFO - 📤 Uploaded contacts_2025-05-23.csv to quarantine-data/contacts/2025-05-23/contacts_2025-05-23.csv
[2025-05-24T08:19:08.921+0000] {metadata.py:107} INFO - 📝 Logged stage 'uploaded' for form_fills_2025-05-23.parquet at 2025-05-24T08:19:08.724767
[2025-05-24T08:19:08.938+0000] {upload_to_minio.py:56} INFO - 📤 Uploaded form_fills_2025-05-23.parquet to quarantine-data/form_fills/2025-05-23/form_fills_2025-05-23.parquet
[2025-05-24T08:19:10.197+0000] {metadata.py:107} INFO - 📝 Logged stage 'uploaded' for website_activity_2025-05-23.json at 2025-05-24T08:19:09.771163
[2025-05-24T08:19:10.249+0000] {upload_to_minio.py:56} INFO - 📤 Uploaded website_activity_2025-05-23.json to quarantine-data/website_activity/2025-05-23/website_activity_2025-05-23.json
[2025-05-24T08:19:10.380+0000] {main_pipeline_dag.py:27} INFO - ✅ Completed task: Upload Quarantined to MinIO
[2025-05-24T08:19:10.419+0000] {python.py:201} INFO - Done. Returned value was: None
[2025-05-24T08:19:10.514+0000] {taskinstance.py:1138} INFO - Marking task as SUCCESS. dag_id=marketing_data_pipeline, task_id=upload_quarantined_to_minio, execution_date=20250523T000000, start_date=20250524T081906, end_date=20250524T081910
[2025-05-24T08:19:10.652+0000] {local_task_job_runner.py:234} INFO - Task exited with return code 0
[2025-05-24T08:19:10.809+0000] {taskinstance.py:3280} INFO - 0 downstream tasks scheduled from follow-on schedule check
[2025-05-24T10:18:25.986+0000] {taskinstance.py:1956} INFO - Dependencies all met for dep_context=non-requeueable deps ti=<TaskInstance: marketing_data_pipeline.upload_quarantined_to_minio scheduled__2025-05-23T00:00:00+00:00 [queued]>
[2025-05-24T10:18:26.062+0000] {taskinstance.py:1956} INFO - Dependencies all met for dep_context=requeueable deps ti=<TaskInstance: marketing_data_pipeline.upload_quarantined_to_minio scheduled__2025-05-23T00:00:00+00:00 [queued]>
[2025-05-24T10:18:26.081+0000] {taskinstance.py:2170} INFO - Starting attempt 1 of 4
[2025-05-24T10:18:26.153+0000] {taskinstance.py:2191} INFO - Executing <Task(PythonOperator): upload_quarantined_to_minio> on 2025-05-23 00:00:00+00:00
[2025-05-24T10:18:26.177+0000] {standard_task_runner.py:60} INFO - Started process 390 to run task
[2025-05-24T10:18:26.193+0000] {standard_task_runner.py:87} INFO - Running: ['***', 'tasks', 'run', 'marketing_data_pipeline', 'upload_quarantined_to_minio', 'scheduled__2025-05-23T00:00:00+00:00', '--job-id', '12', '--raw', '--subdir', 'DAGS_FOLDER/main_pipeline_dag.py', '--cfg-path', '/tmp/tmpv76nut7l']
[2025-05-24T10:18:26.199+0000] {standard_task_runner.py:88} INFO - Job 12: Subtask upload_quarantined_to_minio
[2025-05-24T10:18:26.399+0000] {task_command.py:423} INFO - Running <TaskInstance: marketing_data_pipeline.upload_quarantined_to_minio scheduled__2025-05-23T00:00:00+00:00 [running]> on host 8c3b47b76f3b
[2025-05-24T10:18:26.866+0000] {taskinstance.py:2480} INFO - Exporting env vars: AIRFLOW_CTX_DAG_EMAIL='yashbhawsar872@gmail.com' AIRFLOW_CTX_DAG_OWNER='Yash' AIRFLOW_CTX_DAG_ID='marketing_data_pipeline' AIRFLOW_CTX_TASK_ID='upload_quarantined_to_minio' AIRFLOW_CTX_EXECUTION_DATE='2025-05-23T00:00:00+00:00' AIRFLOW_CTX_TRY_NUMBER='1' AIRFLOW_CTX_DAG_RUN_ID='scheduled__2025-05-23T00:00:00+00:00'
[2025-05-24T10:18:26.870+0000] {main_pipeline_dag.py:25} INFO - ▶️ Starting task: Upload Quarantined to MinIO
[2025-05-24T10:18:26.973+0000] {upload_to_minio.py:31} INFO - ℹ️ Bucket 'marketing-bucket' already exists
[2025-05-24T10:18:27.022+0000] {main_pipeline_dag.py:27} INFO - ✅ Completed task: Upload Quarantined to MinIO
[2025-05-24T10:18:27.033+0000] {python.py:201} INFO - Done. Returned value was: None
[2025-05-24T10:18:27.094+0000] {taskinstance.py:1138} INFO - Marking task as SUCCESS. dag_id=marketing_data_pipeline, task_id=upload_quarantined_to_minio, execution_date=20250523T000000, start_date=20250524T101826, end_date=20250524T101827
[2025-05-24T10:18:27.163+0000] {local_task_job_runner.py:234} INFO - Task exited with return code 0
[2025-05-24T10:18:27.261+0000] {taskinstance.py:3280} INFO - 0 downstream tasks scheduled from follow-on schedule check
